{"/home/runner/work/yoohooguru/yoohooguru/frontend/src/App.js": {"path":"/home/runner/work/yoohooguru/yoohooguru/frontend/src/App.js","statementMap":{"0":{"start":{"line":13,"column":2},"end":{"line":48,"column":4}}},"fnMap":{"0":{"name":"App","decl":{"start":{"line":12,"column":9},"end":{"line":12,"column":12}},"loc":{"start":{"line":12,"column":15},"end":{"line":49,"column":1}},"line":12}},"branchMap":{},"s":{"0":0},"f":{"0":0},"b":{}}
,"/home/runner/work/yoohooguru/yoohooguru/frontend/src/components/AccessibilityToolbar.js": {"path":"/home/runner/work/yoohooguru/yoohooguru/frontend/src/components/AccessibilityToolbar.js","statementMap":{"0":{"start":{"line":9,"column":25},"end":{"line":22,"column":1}},"1":{"start":{"line":12,"column":20},"end":{"line":12,"column":49}},"2":{"start":{"line":15,"column":25},"end":{"line":15,"column":64}},"3":{"start":{"line":16,"column":36},"end":{"line":16,"column":75}},"4":{"start":{"line":24,"column":21},"end":{"line":51,"column":1}},"5":{"start":{"line":27,"column":20},"end":{"line":27,"column":48}},"6":{"start":{"line":31,"column":25},"end":{"line":31,"column":64}},"7":{"start":{"line":44,"column":27},"end":{"line":44,"column":71}},"8":{"start":{"line":48,"column":34},"end":{"line":48,"column":72}},"9":{"start":{"line":53,"column":21},"end":{"line":57,"column":1}},"10":{"start":{"line":55,"column":20},"end":{"line":55,"column":56}},"11":{"start":{"line":59,"column":22},"end":{"line":61,"column":1}},"12":{"start":{"line":63,"column":21},"end":{"line":69,"column":1}},"13":{"start":{"line":65,"column":20},"end":{"line":65,"column":65}},"14":{"start":{"line":67,"column":38},"end":{"line":67,"column":76}},"15":{"start":{"line":71,"column":21},"end":{"line":98,"column":1}},"16":{"start":{"line":76,"column":25},"end":{"line":78,"column":57}},"17":{"start":{"line":79,"column":20},"end":{"line":79,"column":83}},"18":{"start":{"line":80,"column":31},"end":{"line":82,"column":44}},"19":{"start":{"line":89,"column":27},"end":{"line":91,"column":55}},"20":{"start":{"line":95,"column":34},"end":{"line":95,"column":72}},"21":{"start":{"line":100,"column":20},"end":{"line":118,"column":1}},"22":{"start":{"line":104,"column":20},"end":{"line":104,"column":65}},"23":{"start":{"line":105,"column":31},"end":{"line":105,"column":69}},"24":{"start":{"line":110,"column":27},"end":{"line":110,"column":74}},"25":{"start":{"line":111,"column":22},"end":{"line":111,"column":58}},"26":{"start":{"line":115,"column":34},"end":{"line":115,"column":72}},"27":{"start":{"line":120,"column":30},"end":{"line":150,"column":1}},"28":{"start":{"line":153,"column":30},"end":{"line":153,"column":45}},"29":{"start":{"line":154,"column":34},"end":{"line":159,"column":4}},"30":{"start":{"line":162,"column":2},"end":{"line":172,"column":9}},"31":{"start":{"line":163,"column":18},"end":{"line":163,"column":55}},"32":{"start":{"line":164,"column":4},"end":{"line":171,"column":5}},"33":{"start":{"line":165,"column":6},"end":{"line":170,"column":7}},"34":{"start":{"line":166,"column":31},"end":{"line":166,"column":48}},"35":{"start":{"line":167,"column":8},"end":{"line":167,"column":62}},"36":{"start":{"line":167,"column":29},"end":{"line":167,"column":59}},"37":{"start":{"line":169,"column":8},"end":{"line":169,"column":70}},"38":{"start":{"line":175,"column":2},"end":{"line":197,"column":17}},"39":{"start":{"line":176,"column":17},"end":{"line":176,"column":30}},"40":{"start":{"line":179,"column":23},"end":{"line":181,"column":44}},"41":{"start":{"line":180,"column":26},"end":{"line":180,"column":67}},"42":{"start":{"line":180,"column":53},"end":{"line":180,"column":66}},"43":{"start":{"line":181,"column":27},"end":{"line":181,"column":43}},"44":{"start":{"line":183,"column":4},"end":{"line":185,"column":7}},"45":{"start":{"line":184,"column":6},"end":{"line":184,"column":39}},"46":{"start":{"line":188,"column":4},"end":{"line":193,"column":7}},"47":{"start":{"line":189,"column":21},"end":{"line":189,"column":92}},"48":{"start":{"line":189,"column":74},"end":{"line":189,"column":91}},"49":{"start":{"line":190,"column":6},"end":{"line":192,"column":7}},"50":{"start":{"line":191,"column":8},"end":{"line":191,"column":45}},"51":{"start":{"line":196,"column":4},"end":{"line":196,"column":68}},"52":{"start":{"line":199,"column":29},"end":{"line":204,"column":3}},"53":{"start":{"line":200,"column":4},"end":{"line":203,"column":8}},"54":{"start":{"line":200,"column":25},"end":{"line":203,"column":5}},"55":{"start":{"line":206,"column":24},"end":{"line":214,"column":3}},"56":{"start":{"line":207,"column":28},"end":{"line":212,"column":5}},"57":{"start":{"line":213,"column":4},"end":{"line":213,"column":33}},"58":{"start":{"line":216,"column":24},"end":{"line":218,"column":3}},"59":{"start":{"line":217,"column":4},"end":{"line":217,"column":23}},"60":{"start":{"line":220,"column":2},"end":{"line":272,"column":4}},"61":{"start":{"line":235,"column":10},"end":{"line":247,"column":26}},"62":{"start":{"line":238,"column":14},"end":{"line":245,"column":29}},"63":{"start":{"line":241,"column":31},"end":{"line":241,"column":71}},"64":{"start":{"line":267,"column":25},"end":{"line":267,"column":41}}},"fnMap":{"0":{"name":"(anonymous_0)","decl":{"start":{"line":12,"column":11},"end":{"line":12,"column":12}},"loc":{"start":{"line":12,"column":20},"end":{"line":12,"column":49}},"line":12},"1":{"name":"(anonymous_1)","decl":{"start":{"line":15,"column":16},"end":{"line":15,"column":17}},"loc":{"start":{"line":15,"column":25},"end":{"line":15,"column":64}},"line":15},"2":{"name":"(anonymous_2)","decl":{"start":{"line":16,"column":27},"end":{"line":16,"column":28}},"loc":{"start":{"line":16,"column":36},"end":{"line":16,"column":75}},"line":16},"3":{"name":"(anonymous_3)","decl":{"start":{"line":27,"column":11},"end":{"line":27,"column":12}},"loc":{"start":{"line":27,"column":20},"end":{"line":27,"column":48}},"line":27},"4":{"name":"(anonymous_4)","decl":{"start":{"line":31,"column":16},"end":{"line":31,"column":17}},"loc":{"start":{"line":31,"column":25},"end":{"line":31,"column":64}},"line":31},"5":{"name":"(anonymous_5)","decl":{"start":{"line":44,"column":18},"end":{"line":44,"column":19}},"loc":{"start":{"line":44,"column":27},"end":{"line":44,"column":71}},"line":44},"6":{"name":"(anonymous_6)","decl":{"start":{"line":48,"column":25},"end":{"line":48,"column":26}},"loc":{"start":{"line":48,"column":34},"end":{"line":48,"column":72}},"line":48},"7":{"name":"(anonymous_7)","decl":{"start":{"line":55,"column":11},"end":{"line":55,"column":12}},"loc":{"start":{"line":55,"column":20},"end":{"line":55,"column":56}},"line":55},"8":{"name":"(anonymous_8)","decl":{"start":{"line":65,"column":11},"end":{"line":65,"column":12}},"loc":{"start":{"line":65,"column":20},"end":{"line":65,"column":65}},"line":65},"9":{"name":"(anonymous_9)","decl":{"start":{"line":67,"column":29},"end":{"line":67,"column":30}},"loc":{"start":{"line":67,"column":38},"end":{"line":67,"column":76}},"line":67},"10":{"name":"(anonymous_10)","decl":{"start":{"line":76,"column":16},"end":{"line":76,"column":17}},"loc":{"start":{"line":76,"column":25},"end":{"line":78,"column":57}},"line":76},"11":{"name":"(anonymous_11)","decl":{"start":{"line":79,"column":11},"end":{"line":79,"column":12}},"loc":{"start":{"line":79,"column":20},"end":{"line":79,"column":83}},"line":79},"12":{"name":"(anonymous_12)","decl":{"start":{"line":80,"column":22},"end":{"line":80,"column":23}},"loc":{"start":{"line":80,"column":31},"end":{"line":82,"column":44}},"line":80},"13":{"name":"(anonymous_13)","decl":{"start":{"line":89,"column":18},"end":{"line":89,"column":19}},"loc":{"start":{"line":89,"column":27},"end":{"line":91,"column":55}},"line":89},"14":{"name":"(anonymous_14)","decl":{"start":{"line":95,"column":25},"end":{"line":95,"column":26}},"loc":{"start":{"line":95,"column":34},"end":{"line":95,"column":72}},"line":95},"15":{"name":"(anonymous_15)","decl":{"start":{"line":104,"column":11},"end":{"line":104,"column":12}},"loc":{"start":{"line":104,"column":20},"end":{"line":104,"column":65}},"line":104},"16":{"name":"(anonymous_16)","decl":{"start":{"line":105,"column":22},"end":{"line":105,"column":23}},"loc":{"start":{"line":105,"column":31},"end":{"line":105,"column":69}},"line":105},"17":{"name":"(anonymous_17)","decl":{"start":{"line":110,"column":18},"end":{"line":110,"column":19}},"loc":{"start":{"line":110,"column":27},"end":{"line":110,"column":74}},"line":110},"18":{"name":"(anonymous_18)","decl":{"start":{"line":111,"column":13},"end":{"line":111,"column":14}},"loc":{"start":{"line":111,"column":22},"end":{"line":111,"column":58}},"line":111},"19":{"name":"(anonymous_19)","decl":{"start":{"line":115,"column":25},"end":{"line":115,"column":26}},"loc":{"start":{"line":115,"column":34},"end":{"line":115,"column":72}},"line":115},"20":{"name":"AccessibilityToolbar","decl":{"start":{"line":152,"column":9},"end":{"line":152,"column":29}},"loc":{"start":{"line":152,"column":32},"end":{"line":273,"column":1}},"line":152},"21":{"name":"(anonymous_21)","decl":{"start":{"line":162,"column":12},"end":{"line":162,"column":13}},"loc":{"start":{"line":162,"column":18},"end":{"line":172,"column":3}},"line":162},"22":{"name":"(anonymous_22)","decl":{"start":{"line":167,"column":20},"end":{"line":167,"column":21}},"loc":{"start":{"line":167,"column":29},"end":{"line":167,"column":59}},"line":167},"23":{"name":"(anonymous_23)","decl":{"start":{"line":175,"column":12},"end":{"line":175,"column":13}},"loc":{"start":{"line":175,"column":18},"end":{"line":197,"column":3}},"line":175},"24":{"name":"(anonymous_24)","decl":{"start":{"line":180,"column":15},"end":{"line":180,"column":16}},"loc":{"start":{"line":180,"column":26},"end":{"line":180,"column":67}},"line":180},"25":{"name":"(anonymous_25)","decl":{"start":{"line":180,"column":46},"end":{"line":180,"column":47}},"loc":{"start":{"line":180,"column":53},"end":{"line":180,"column":66}},"line":180},"26":{"name":"(anonymous_26)","decl":{"start":{"line":181,"column":14},"end":{"line":181,"column":15}},"loc":{"start":{"line":181,"column":27},"end":{"line":181,"column":43}},"line":181},"27":{"name":"(anonymous_27)","decl":{"start":{"line":183,"column":23},"end":{"line":183,"column":24}},"loc":{"start":{"line":183,"column":36},"end":{"line":185,"column":5}},"line":183},"28":{"name":"(anonymous_28)","decl":{"start":{"line":188,"column":37},"end":{"line":188,"column":38}},"loc":{"start":{"line":188,"column":60},"end":{"line":193,"column":5}},"line":188},"29":{"name":"(anonymous_29)","decl":{"start":{"line":189,"column":67},"end":{"line":189,"column":68}},"loc":{"start":{"line":189,"column":74},"end":{"line":189,"column":91}},"line":189},"30":{"name":"(anonymous_30)","decl":{"start":{"line":199,"column":29},"end":{"line":199,"column":30}},"loc":{"start":{"line":199,"column":50},"end":{"line":204,"column":3}},"line":199},"31":{"name":"(anonymous_31)","decl":{"start":{"line":200,"column":16},"end":{"line":200,"column":17}},"loc":{"start":{"line":200,"column":25},"end":{"line":203,"column":5}},"line":200},"32":{"name":"(anonymous_32)","decl":{"start":{"line":206,"column":24},"end":{"line":206,"column":25}},"loc":{"start":{"line":206,"column":30},"end":{"line":214,"column":3}},"line":206},"33":{"name":"(anonymous_33)","decl":{"start":{"line":216,"column":24},"end":{"line":216,"column":25}},"loc":{"start":{"line":216,"column":30},"end":{"line":218,"column":3}},"line":216},"34":{"name":"(anonymous_34)","decl":{"start":{"line":234,"column":51},"end":{"line":234,"column":52}},"loc":{"start":{"line":235,"column":10},"end":{"line":247,"column":26}},"line":235},"35":{"name":"(anonymous_35)","decl":{"start":{"line":237,"column":32},"end":{"line":237,"column":33}},"loc":{"start":{"line":238,"column":14},"end":{"line":245,"column":29}},"line":238},"36":{"name":"(anonymous_36)","decl":{"start":{"line":241,"column":25},"end":{"line":241,"column":26}},"loc":{"start":{"line":241,"column":31},"end":{"line":241,"column":71}},"line":241},"37":{"name":"(anonymous_37)","decl":{"start":{"line":267,"column":19},"end":{"line":267,"column":20}},"loc":{"start":{"line":267,"column":25},"end":{"line":267,"column":41}},"line":267}},"branchMap":{"0":{"loc":{"start":{"line":12,"column":20},"end":{"line":12,"column":49}},"type":"cond-expr","locations":[{"start":{"line":12,"column":35},"end":{"line":12,"column":38}},{"start":{"line":12,"column":41},"end":{"line":12,"column":49}}],"line":12},"1":{"loc":{"start":{"line":15,"column":25},"end":{"line":15,"column":64}},"type":"binary-expr","locations":[{"start":{"line":15,"column":25},"end":{"line":15,"column":51}},{"start":{"line":15,"column":55},"end":{"line":15,"column":64}}],"line":15},"2":{"loc":{"start":{"line":16,"column":36},"end":{"line":16,"column":75}},"type":"binary-expr","locations":[{"start":{"line":16,"column":36},"end":{"line":16,"column":62}},{"start":{"line":16,"column":66},"end":{"line":16,"column":75}}],"line":16},"3":{"loc":{"start":{"line":27,"column":20},"end":{"line":27,"column":48}},"type":"cond-expr","locations":[{"start":{"line":27,"column":35},"end":{"line":27,"column":42}},{"start":{"line":27,"column":45},"end":{"line":27,"column":48}}],"line":27},"4":{"loc":{"start":{"line":31,"column":25},"end":{"line":31,"column":64}},"type":"binary-expr","locations":[{"start":{"line":31,"column":25},"end":{"line":31,"column":51}},{"start":{"line":31,"column":55},"end":{"line":31,"column":64}}],"line":31},"5":{"loc":{"start":{"line":44,"column":27},"end":{"line":44,"column":71}},"type":"binary-expr","locations":[{"start":{"line":44,"column":27},"end":{"line":44,"column":58}},{"start":{"line":44,"column":62},"end":{"line":44,"column":71}}],"line":44},"6":{"loc":{"start":{"line":48,"column":34},"end":{"line":48,"column":72}},"type":"binary-expr","locations":[{"start":{"line":48,"column":34},"end":{"line":48,"column":59}},{"start":{"line":48,"column":63},"end":{"line":48,"column":72}}],"line":48},"7":{"loc":{"start":{"line":55,"column":20},"end":{"line":55,"column":56}},"type":"binary-expr","locations":[{"start":{"line":55,"column":20},"end":{"line":55,"column":43}},{"start":{"line":55,"column":47},"end":{"line":55,"column":56}}],"line":55},"8":{"loc":{"start":{"line":65,"column":20},"end":{"line":65,"column":65}},"type":"binary-expr","locations":[{"start":{"line":65,"column":20},"end":{"line":65,"column":52}},{"start":{"line":65,"column":56},"end":{"line":65,"column":65}}],"line":65},"9":{"loc":{"start":{"line":67,"column":38},"end":{"line":67,"column":76}},"type":"binary-expr","locations":[{"start":{"line":67,"column":38},"end":{"line":67,"column":63}},{"start":{"line":67,"column":67},"end":{"line":67,"column":76}}],"line":67},"10":{"loc":{"start":{"line":76,"column":25},"end":{"line":78,"column":57}},"type":"cond-expr","locations":[{"start":{"line":77,"column":5},"end":{"line":77,"column":44}},{"start":{"line":78,"column":5},"end":{"line":78,"column":56}}],"line":76},"11":{"loc":{"start":{"line":77,"column":5},"end":{"line":77,"column":44}},"type":"binary-expr","locations":[{"start":{"line":77,"column":5},"end":{"line":77,"column":31}},{"start":{"line":77,"column":35},"end":{"line":77,"column":44}}],"line":77},"12":{"loc":{"start":{"line":78,"column":5},"end":{"line":78,"column":56}},"type":"binary-expr","locations":[{"start":{"line":78,"column":5},"end":{"line":78,"column":43}},{"start":{"line":78,"column":47},"end":{"line":78,"column":56}}],"line":78},"13":{"loc":{"start":{"line":79,"column":20},"end":{"line":79,"column":83}},"type":"cond-expr","locations":[{"start":{"line":79,"column":35},"end":{"line":79,"column":42}},{"start":{"line":79,"column":46},"end":{"line":79,"column":82}}],"line":79},"14":{"loc":{"start":{"line":79,"column":46},"end":{"line":79,"column":82}},"type":"binary-expr","locations":[{"start":{"line":79,"column":46},"end":{"line":79,"column":69}},{"start":{"line":79,"column":73},"end":{"line":79,"column":82}}],"line":79},"15":{"loc":{"start":{"line":80,"column":31},"end":{"line":82,"column":44}},"type":"cond-expr","locations":[{"start":{"line":81,"column":5},"end":{"line":81,"column":44}},{"start":{"line":82,"column":5},"end":{"line":82,"column":43}}],"line":80},"16":{"loc":{"start":{"line":81,"column":5},"end":{"line":81,"column":44}},"type":"binary-expr","locations":[{"start":{"line":81,"column":5},"end":{"line":81,"column":31}},{"start":{"line":81,"column":35},"end":{"line":81,"column":44}}],"line":81},"17":{"loc":{"start":{"line":82,"column":5},"end":{"line":82,"column":43}},"type":"binary-expr","locations":[{"start":{"line":82,"column":5},"end":{"line":82,"column":30}},{"start":{"line":82,"column":34},"end":{"line":82,"column":43}}],"line":82},"18":{"loc":{"start":{"line":89,"column":27},"end":{"line":91,"column":55}},"type":"cond-expr","locations":[{"start":{"line":90,"column":7},"end":{"line":90,"column":51}},{"start":{"line":91,"column":7},"end":{"line":91,"column":54}}],"line":89},"19":{"loc":{"start":{"line":90,"column":7},"end":{"line":90,"column":51}},"type":"binary-expr","locations":[{"start":{"line":90,"column":7},"end":{"line":90,"column":38}},{"start":{"line":90,"column":42},"end":{"line":90,"column":51}}],"line":90},"20":{"loc":{"start":{"line":91,"column":7},"end":{"line":91,"column":54}},"type":"binary-expr","locations":[{"start":{"line":91,"column":7},"end":{"line":91,"column":41}},{"start":{"line":91,"column":45},"end":{"line":91,"column":54}}],"line":91},"21":{"loc":{"start":{"line":95,"column":34},"end":{"line":95,"column":72}},"type":"binary-expr","locations":[{"start":{"line":95,"column":34},"end":{"line":95,"column":59}},{"start":{"line":95,"column":63},"end":{"line":95,"column":72}}],"line":95},"22":{"loc":{"start":{"line":104,"column":20},"end":{"line":104,"column":65}},"type":"binary-expr","locations":[{"start":{"line":104,"column":20},"end":{"line":104,"column":52}},{"start":{"line":104,"column":56},"end":{"line":104,"column":65}}],"line":104},"23":{"loc":{"start":{"line":105,"column":31},"end":{"line":105,"column":69}},"type":"binary-expr","locations":[{"start":{"line":105,"column":31},"end":{"line":105,"column":56}},{"start":{"line":105,"column":60},"end":{"line":105,"column":69}}],"line":105},"24":{"loc":{"start":{"line":110,"column":27},"end":{"line":110,"column":74}},"type":"binary-expr","locations":[{"start":{"line":110,"column":27},"end":{"line":110,"column":61}},{"start":{"line":110,"column":65},"end":{"line":110,"column":74}}],"line":110},"25":{"loc":{"start":{"line":111,"column":22},"end":{"line":111,"column":58}},"type":"binary-expr","locations":[{"start":{"line":111,"column":22},"end":{"line":111,"column":45}},{"start":{"line":111,"column":49},"end":{"line":111,"column":58}}],"line":111},"26":{"loc":{"start":{"line":115,"column":34},"end":{"line":115,"column":72}},"type":"binary-expr","locations":[{"start":{"line":115,"column":34},"end":{"line":115,"column":59}},{"start":{"line":115,"column":63},"end":{"line":115,"column":72}}],"line":115},"27":{"loc":{"start":{"line":164,"column":4},"end":{"line":171,"column":5}},"type":"if","locations":[{"start":{"line":164,"column":4},"end":{"line":171,"column":5}},{"start":{},"end":{}}],"line":164},"28":{"loc":{"start":{"line":190,"column":6},"end":{"line":192,"column":7}},"type":"if","locations":[{"start":{"line":190,"column":6},"end":{"line":192,"column":7}},{"start":{},"end":{}}],"line":190},"29":{"loc":{"start":{"line":190,"column":10},"end":{"line":190,"column":36}},"type":"binary-expr","locations":[{"start":{"line":190,"column":10},"end":{"line":190,"column":16}},{"start":{"line":190,"column":20},"end":{"line":190,"column":36}}],"line":190},"30":{"loc":{"start":{"line":225,"column":20},"end":{"line":225,"column":89}},"type":"cond-expr","locations":[{"start":{"line":225,"column":29},"end":{"line":225,"column":58}},{"start":{"line":225,"column":61},"end":{"line":225,"column":89}}],"line":225},"31":{"loc":{"start":{"line":256,"column":7},"end":{"line":270,"column":7}},"type":"binary-expr","locations":[{"start":{"line":256,"column":7},"end":{"line":256,"column":13}},{"start":{"line":257,"column":8},"end":{"line":269,"column":10}}],"line":256}},"s":{"0":0,"1":0,"2":0,"3":0,"4":0,"5":0,"6":0,"7":0,"8":0,"9":0,"10":0,"11":0,"12":0,"13":0,"14":0,"15":0,"16":0,"17":0,"18":0,"19":0,"20":0,"21":0,"22":0,"23":0,"24":0,"25":0,"26":0,"27":0,"28":0,"29":0,"30":0,"31":0,"32":0,"33":0,"34":0,"35":0,"36":0,"37":0,"38":0,"39":0,"40":0,"41":0,"42":0,"43":0,"44":0,"45":0,"46":0,"47":0,"48":0,"49":0,"50":0,"51":0,"52":0,"53":0,"54":0,"55":0,"56":0,"57":0,"58":0,"59":0,"60":0,"61":0,"62":0,"63":0,"64":0},"f":{"0":0,"1":0,"2":0,"3":0,"4":0,"5":0,"6":0,"7":0,"8":0,"9":0,"10":0,"11":0,"12":0,"13":0,"14":0,"15":0,"16":0,"17":0,"18":0,"19":0,"20":0,"21":0,"22":0,"23":0,"24":0,"25":0,"26":0,"27":0,"28":0,"29":0,"30":0,"31":0,"32":0,"33":0,"34":0,"35":0,"36":0,"37":0},"b":{"0":[0,0],"1":[0,0],"2":[0,0],"3":[0,0],"4":[0,0],"5":[0,0],"6":[0,0],"7":[0,0],"8":[0,0],"9":[0,0],"10":[0,0],"11":[0,0],"12":[0,0],"13":[0,0],"14":[0,0],"15":[0,0],"16":[0,0],"17":[0,0],"18":[0,0],"19":[0,0],"20":[0,0],"21":[0,0],"22":[0,0],"23":[0,0],"24":[0,0],"25":[0,0],"26":[0,0],"27":[0,0],"28":[0,0],"29":[0,0],"30":[0,0],"31":[0,0]}}
,"/home/runner/work/yoohooguru/yoohooguru/frontend/src/components/AdminGuard.js": {"path":"/home/runner/work/yoohooguru/yoohooguru/frontend/src/components/AdminGuard.js","statementMap":{"0":{"start":{"line":10,"column":48},"end":{"line":10,"column":62}},"1":{"start":{"line":11,"column":19},"end":{"line":11,"column":32}},"2":{"start":{"line":13,"column":2},"end":{"line":35,"column":17}},"3":{"start":{"line":14,"column":27},"end":{"line":32,"column":5}},"4":{"start":{"line":15,"column":6},"end":{"line":31,"column":7}},"5":{"start":{"line":16,"column":25},"end":{"line":19,"column":10}},"6":{"start":{"line":21,"column":8},"end":{"line":26,"column":9}},"7":{"start":{"line":22,"column":10},"end":{"line":22,"column":35}},"8":{"start":{"line":24,"column":10},"end":{"line":24,"column":36}},"9":{"start":{"line":25,"column":10},"end":{"line":25,"column":54}},"10":{"start":{"line":28,"column":8},"end":{"line":28,"column":57}},"11":{"start":{"line":29,"column":8},"end":{"line":29,"column":34}},"12":{"start":{"line":30,"column":8},"end":{"line":30,"column":52}},"13":{"start":{"line":34,"column":4},"end":{"line":34,"column":21}},"14":{"start":{"line":37,"column":2},"end":{"line":39,"column":3}},"15":{"start":{"line":38,"column":4},"end":{"line":38,"column":29}},"16":{"start":{"line":41,"column":2},"end":{"line":43,"column":3}},"17":{"start":{"line":42,"column":4},"end":{"line":42,"column":16}},"18":{"start":{"line":45,"column":2},"end":{"line":45,"column":25}}},"fnMap":{"0":{"name":"AdminGuard","decl":{"start":{"line":9,"column":9},"end":{"line":9,"column":19}},"loc":{"start":{"line":9,"column":34},"end":{"line":46,"column":1}},"line":9},"1":{"name":"(anonymous_1)","decl":{"start":{"line":13,"column":12},"end":{"line":13,"column":13}},"loc":{"start":{"line":13,"column":18},"end":{"line":35,"column":3}},"line":13},"2":{"name":"(anonymous_2)","decl":{"start":{"line":14,"column":27},"end":{"line":14,"column":28}},"loc":{"start":{"line":14,"column":39},"end":{"line":32,"column":5}},"line":14}},"branchMap":{"0":{"loc":{"start":{"line":21,"column":8},"end":{"line":26,"column":9}},"type":"if","locations":[{"start":{"line":21,"column":8},"end":{"line":26,"column":9}},{"start":{"line":23,"column":15},"end":{"line":26,"column":9}}],"line":21},"1":{"loc":{"start":{"line":37,"column":2},"end":{"line":39,"column":3}},"type":"if","locations":[{"start":{"line":37,"column":2},"end":{"line":39,"column":3}},{"start":{},"end":{}}],"line":37},"2":{"loc":{"start":{"line":41,"column":2},"end":{"line":43,"column":3}},"type":"if","locations":[{"start":{"line":41,"column":2},"end":{"line":43,"column":3}},{"start":{},"end":{}}],"line":41}},"s":{"0":0,"1":0,"2":0,"3":0,"4":0,"5":0,"6":0,"7":0,"8":0,"9":0,"10":0,"11":0,"12":0,"13":0,"14":0,"15":0,"16":0,"17":0,"18":0},"f":{"0":0,"1":0,"2":0},"b":{"0":[0,0],"1":[0,0],"2":[0,0]}}
,"/home/runner/work/yoohooguru/yoohooguru/frontend/src/components/AppRouter.js": {"path":"/home/runner/work/yoohooguru/yoohooguru/frontend/src/components/AppRouter.js","statementMap":{"0":{"start":{"line":16,"column":25},"end":{"line":287,"column":1}},"1":{"start":{"line":290,"column":22},"end":{"line":290,"column":74}},"2":{"start":{"line":290,"column":39},"end":{"line":290,"column":73}},"3":{"start":{"line":291,"column":20},"end":{"line":291,"column":70}},"4":{"start":{"line":291,"column":37},"end":{"line":291,"column":69}},"5":{"start":{"line":292,"column":19},"end":{"line":292,"column":68}},"6":{"start":{"line":292,"column":36},"end":{"line":292,"column":67}},"7":{"start":{"line":293,"column":23},"end":{"line":293,"column":76}},"8":{"start":{"line":293,"column":40},"end":{"line":293,"column":75}},"9":{"start":{"line":294,"column":18},"end":{"line":294,"column":66}},"10":{"start":{"line":294,"column":35},"end":{"line":294,"column":65}},"11":{"start":{"line":295,"column":23},"end":{"line":295,"column":76}},"12":{"start":{"line":295,"column":40},"end":{"line":295,"column":75}},"13":{"start":{"line":296,"column":20},"end":{"line":296,"column":70}},"14":{"start":{"line":296,"column":37},"end":{"line":296,"column":69}},"15":{"start":{"line":299,"column":23},"end":{"line":303,"column":1}},"16":{"start":{"line":300,"column":2},"end":{"line":302,"column":13}},"17":{"start":{"line":301,"column":42},"end":{"line":301,"column":131}},"18":{"start":{"line":301,"column":95},"end":{"line":301,"column":129}},"19":{"start":{"line":305,"column":22},"end":{"line":309,"column":1}},"20":{"start":{"line":306,"column":2},"end":{"line":308,"column":13}},"21":{"start":{"line":307,"column":42},"end":{"line":307,"column":130}},"22":{"start":{"line":307,"column":95},"end":{"line":307,"column":128}},"23":{"start":{"line":311,"column":19},"end":{"line":315,"column":1}},"24":{"start":{"line":312,"column":2},"end":{"line":314,"column":13}},"25":{"start":{"line":313,"column":42},"end":{"line":313,"column":73}},"26":{"start":{"line":317,"column":17},"end":{"line":317,"column":64}},"27":{"start":{"line":317,"column":34},"end":{"line":317,"column":63}},"28":{"start":{"line":319,"column":27},"end":{"line":323,"column":1}},"29":{"start":{"line":320,"column":2},"end":{"line":322,"column":13}},"30":{"start":{"line":321,"column":42},"end":{"line":321,"column":81}},"31":{"start":{"line":325,"column":19},"end":{"line":329,"column":1}},"32":{"start":{"line":326,"column":2},"end":{"line":328,"column":13}},"33":{"start":{"line":327,"column":42},"end":{"line":327,"column":73}},"34":{"start":{"line":331,"column":18},"end":{"line":335,"column":1}},"35":{"start":{"line":332,"column":2},"end":{"line":334,"column":13}},"36":{"start":{"line":333,"column":42},"end":{"line":333,"column":72}},"37":{"start":{"line":337,"column":23},"end":{"line":341,"column":1}},"38":{"start":{"line":338,"column":2},"end":{"line":340,"column":13}},"39":{"start":{"line":339,"column":42},"end":{"line":339,"column":77}},"40":{"start":{"line":344,"column":26},"end":{"line":344,"column":82}},"41":{"start":{"line":344,"column":43},"end":{"line":344,"column":81}},"42":{"start":{"line":345,"column":31},"end":{"line":345,"column":92}},"43":{"start":{"line":345,"column":48},"end":{"line":345,"column":91}},"44":{"start":{"line":348,"column":23},"end":{"line":348,"column":76}},"45":{"start":{"line":348,"column":40},"end":{"line":348,"column":75}},"46":{"start":{"line":349,"column":27},"end":{"line":349,"column":84}},"47":{"start":{"line":349,"column":44},"end":{"line":349,"column":83}},"48":{"start":{"line":350,"column":33},"end":{"line":350,"column":87}},"49":{"start":{"line":350,"column":50},"end":{"line":350,"column":86}},"50":{"start":{"line":353,"column":28},"end":{"line":353,"column":86}},"51":{"start":{"line":353,"column":45},"end":{"line":353,"column":85}},"52":{"start":{"line":356,"column":24},"end":{"line":356,"column":89}},"53":{"start":{"line":356,"column":41},"end":{"line":356,"column":88}},"54":{"start":{"line":357,"column":26},"end":{"line":357,"column":93}},"55":{"start":{"line":357,"column":43},"end":{"line":357,"column":92}},"56":{"start":{"line":358,"column":29},"end":{"line":358,"column":99}},"57":{"start":{"line":358,"column":46},"end":{"line":358,"column":98}},"58":{"start":{"line":359,"column":31},"end":{"line":359,"column":103}},"59":{"start":{"line":359,"column":48},"end":{"line":359,"column":102}},"60":{"start":{"line":360,"column":28},"end":{"line":360,"column":97}},"61":{"start":{"line":360,"column":45},"end":{"line":360,"column":96}},"62":{"start":{"line":361,"column":25},"end":{"line":361,"column":91}},"63":{"start":{"line":361,"column":42},"end":{"line":361,"column":90}},"64":{"start":{"line":362,"column":25},"end":{"line":362,"column":91}},"65":{"start":{"line":362,"column":42},"end":{"line":362,"column":90}},"66":{"start":{"line":365,"column":21},"end":{"line":365,"column":80}},"67":{"start":{"line":365,"column":38},"end":{"line":365,"column":79}},"68":{"start":{"line":368,"column":24},"end":{"line":368,"column":78}},"69":{"start":{"line":368,"column":41},"end":{"line":368,"column":77}},"70":{"start":{"line":369,"column":23},"end":{"line":369,"column":76}},"71":{"start":{"line":369,"column":40},"end":{"line":369,"column":75}},"72":{"start":{"line":370,"column":28},"end":{"line":370,"column":86}},"73":{"start":{"line":370,"column":45},"end":{"line":370,"column":85}},"74":{"start":{"line":373,"column":32},"end":{"line":373,"column":85}},"75":{"start":{"line":373,"column":49},"end":{"line":373,"column":84}},"76":{"start":{"line":377,"column":35},"end":{"line":377,"column":44}},"77":{"start":{"line":379,"column":2},"end":{"line":381,"column":3}},"78":{"start":{"line":380,"column":4},"end":{"line":380,"column":29}},"79":{"start":{"line":383,"column":2},"end":{"line":385,"column":3}},"80":{"start":{"line":384,"column":4},"end":{"line":384,"column":44}},"81":{"start":{"line":387,"column":2},"end":{"line":387,"column":18}},"82":{"start":{"line":392,"column":35},"end":{"line":392,"column":44}},"83":{"start":{"line":394,"column":2},"end":{"line":396,"column":3}},"84":{"start":{"line":395,"column":4},"end":{"line":395,"column":29}},"85":{"start":{"line":398,"column":2},"end":{"line":400,"column":3}},"86":{"start":{"line":399,"column":4},"end":{"line":399,"column":48}},"87":{"start":{"line":402,"column":2},"end":{"line":402,"column":18}},"88":{"start":{"line":407,"column":2},"end":{"line":409,"column":13}},"89":{"start":{"line":408,"column":4},"end":{"line":408,"column":56}},"90":{"start":{"line":411,"column":2},"end":{"line":425,"column":4}},"91":{"start":{"line":429,"column":36},"end":{"line":429,"column":45}},"92":{"start":{"line":432,"column":2},"end":{"line":469,"column":3}},"93":{"start":{"line":433,"column":19},"end":{"line":433,"column":46}},"94":{"start":{"line":435,"column":4},"end":{"line":468,"column":6}},"95":{"start":{"line":472,"column":2},"end":{"line":741,"column":4}}},"fnMap":{"0":{"name":"(anonymous_0)","decl":{"start":{"line":290,"column":33},"end":{"line":290,"column":34}},"loc":{"start":{"line":290,"column":39},"end":{"line":290,"column":73}},"line":290},"1":{"name":"(anonymous_1)","decl":{"start":{"line":291,"column":31},"end":{"line":291,"column":32}},"loc":{"start":{"line":291,"column":37},"end":{"line":291,"column":69}},"line":291},"2":{"name":"(anonymous_2)","decl":{"start":{"line":292,"column":30},"end":{"line":292,"column":31}},"loc":{"start":{"line":292,"column":36},"end":{"line":292,"column":67}},"line":292},"3":{"name":"(anonymous_3)","decl":{"start":{"line":293,"column":34},"end":{"line":293,"column":35}},"loc":{"start":{"line":293,"column":40},"end":{"line":293,"column":75}},"line":293},"4":{"name":"(anonymous_4)","decl":{"start":{"line":294,"column":29},"end":{"line":294,"column":30}},"loc":{"start":{"line":294,"column":35},"end":{"line":294,"column":65}},"line":294},"5":{"name":"(anonymous_5)","decl":{"start":{"line":295,"column":34},"end":{"line":295,"column":35}},"loc":{"start":{"line":295,"column":40},"end":{"line":295,"column":75}},"line":295},"6":{"name":"(anonymous_6)","decl":{"start":{"line":296,"column":31},"end":{"line":296,"column":32}},"loc":{"start":{"line":296,"column":37},"end":{"line":296,"column":69}},"line":296},"7":{"name":"(anonymous_7)","decl":{"start":{"line":299,"column":23},"end":{"line":299,"column":24}},"loc":{"start":{"line":300,"column":2},"end":{"line":302,"column":13}},"line":300},"8":{"name":"(anonymous_8)","decl":{"start":{"line":301,"column":36},"end":{"line":301,"column":37}},"loc":{"start":{"line":301,"column":42},"end":{"line":301,"column":131}},"line":301},"9":{"name":"(anonymous_9)","decl":{"start":{"line":301,"column":84},"end":{"line":301,"column":85}},"loc":{"start":{"line":301,"column":95},"end":{"line":301,"column":129}},"line":301},"10":{"name":"(anonymous_10)","decl":{"start":{"line":305,"column":22},"end":{"line":305,"column":23}},"loc":{"start":{"line":306,"column":2},"end":{"line":308,"column":13}},"line":306},"11":{"name":"(anonymous_11)","decl":{"start":{"line":307,"column":36},"end":{"line":307,"column":37}},"loc":{"start":{"line":307,"column":42},"end":{"line":307,"column":130}},"line":307},"12":{"name":"(anonymous_12)","decl":{"start":{"line":307,"column":84},"end":{"line":307,"column":85}},"loc":{"start":{"line":307,"column":95},"end":{"line":307,"column":128}},"line":307},"13":{"name":"(anonymous_13)","decl":{"start":{"line":311,"column":19},"end":{"line":311,"column":20}},"loc":{"start":{"line":312,"column":2},"end":{"line":314,"column":13}},"line":312},"14":{"name":"(anonymous_14)","decl":{"start":{"line":313,"column":36},"end":{"line":313,"column":37}},"loc":{"start":{"line":313,"column":42},"end":{"line":313,"column":73}},"line":313},"15":{"name":"(anonymous_15)","decl":{"start":{"line":317,"column":28},"end":{"line":317,"column":29}},"loc":{"start":{"line":317,"column":34},"end":{"line":317,"column":63}},"line":317},"16":{"name":"(anonymous_16)","decl":{"start":{"line":319,"column":27},"end":{"line":319,"column":28}},"loc":{"start":{"line":320,"column":2},"end":{"line":322,"column":13}},"line":320},"17":{"name":"(anonymous_17)","decl":{"start":{"line":321,"column":36},"end":{"line":321,"column":37}},"loc":{"start":{"line":321,"column":42},"end":{"line":321,"column":81}},"line":321},"18":{"name":"(anonymous_18)","decl":{"start":{"line":325,"column":19},"end":{"line":325,"column":20}},"loc":{"start":{"line":326,"column":2},"end":{"line":328,"column":13}},"line":326},"19":{"name":"(anonymous_19)","decl":{"start":{"line":327,"column":36},"end":{"line":327,"column":37}},"loc":{"start":{"line":327,"column":42},"end":{"line":327,"column":73}},"line":327},"20":{"name":"(anonymous_20)","decl":{"start":{"line":331,"column":18},"end":{"line":331,"column":19}},"loc":{"start":{"line":332,"column":2},"end":{"line":334,"column":13}},"line":332},"21":{"name":"(anonymous_21)","decl":{"start":{"line":333,"column":36},"end":{"line":333,"column":37}},"loc":{"start":{"line":333,"column":42},"end":{"line":333,"column":72}},"line":333},"22":{"name":"(anonymous_22)","decl":{"start":{"line":337,"column":23},"end":{"line":337,"column":24}},"loc":{"start":{"line":338,"column":2},"end":{"line":340,"column":13}},"line":338},"23":{"name":"(anonymous_23)","decl":{"start":{"line":339,"column":36},"end":{"line":339,"column":37}},"loc":{"start":{"line":339,"column":42},"end":{"line":339,"column":77}},"line":339},"24":{"name":"(anonymous_24)","decl":{"start":{"line":344,"column":37},"end":{"line":344,"column":38}},"loc":{"start":{"line":344,"column":43},"end":{"line":344,"column":81}},"line":344},"25":{"name":"(anonymous_25)","decl":{"start":{"line":345,"column":42},"end":{"line":345,"column":43}},"loc":{"start":{"line":345,"column":48},"end":{"line":345,"column":91}},"line":345},"26":{"name":"(anonymous_26)","decl":{"start":{"line":348,"column":34},"end":{"line":348,"column":35}},"loc":{"start":{"line":348,"column":40},"end":{"line":348,"column":75}},"line":348},"27":{"name":"(anonymous_27)","decl":{"start":{"line":349,"column":38},"end":{"line":349,"column":39}},"loc":{"start":{"line":349,"column":44},"end":{"line":349,"column":83}},"line":349},"28":{"name":"(anonymous_28)","decl":{"start":{"line":350,"column":44},"end":{"line":350,"column":45}},"loc":{"start":{"line":350,"column":50},"end":{"line":350,"column":86}},"line":350},"29":{"name":"(anonymous_29)","decl":{"start":{"line":353,"column":39},"end":{"line":353,"column":40}},"loc":{"start":{"line":353,"column":45},"end":{"line":353,"column":85}},"line":353},"30":{"name":"(anonymous_30)","decl":{"start":{"line":356,"column":35},"end":{"line":356,"column":36}},"loc":{"start":{"line":356,"column":41},"end":{"line":356,"column":88}},"line":356},"31":{"name":"(anonymous_31)","decl":{"start":{"line":357,"column":37},"end":{"line":357,"column":38}},"loc":{"start":{"line":357,"column":43},"end":{"line":357,"column":92}},"line":357},"32":{"name":"(anonymous_32)","decl":{"start":{"line":358,"column":40},"end":{"line":358,"column":41}},"loc":{"start":{"line":358,"column":46},"end":{"line":358,"column":98}},"line":358},"33":{"name":"(anonymous_33)","decl":{"start":{"line":359,"column":42},"end":{"line":359,"column":43}},"loc":{"start":{"line":359,"column":48},"end":{"line":359,"column":102}},"line":359},"34":{"name":"(anonymous_34)","decl":{"start":{"line":360,"column":39},"end":{"line":360,"column":40}},"loc":{"start":{"line":360,"column":45},"end":{"line":360,"column":96}},"line":360},"35":{"name":"(anonymous_35)","decl":{"start":{"line":361,"column":36},"end":{"line":361,"column":37}},"loc":{"start":{"line":361,"column":42},"end":{"line":361,"column":90}},"line":361},"36":{"name":"(anonymous_36)","decl":{"start":{"line":362,"column":36},"end":{"line":362,"column":37}},"loc":{"start":{"line":362,"column":42},"end":{"line":362,"column":90}},"line":362},"37":{"name":"(anonymous_37)","decl":{"start":{"line":365,"column":32},"end":{"line":365,"column":33}},"loc":{"start":{"line":365,"column":38},"end":{"line":365,"column":79}},"line":365},"38":{"name":"(anonymous_38)","decl":{"start":{"line":368,"column":35},"end":{"line":368,"column":36}},"loc":{"start":{"line":368,"column":41},"end":{"line":368,"column":77}},"line":368},"39":{"name":"(anonymous_39)","decl":{"start":{"line":369,"column":34},"end":{"line":369,"column":35}},"loc":{"start":{"line":369,"column":40},"end":{"line":369,"column":75}},"line":369},"40":{"name":"(anonymous_40)","decl":{"start":{"line":370,"column":39},"end":{"line":370,"column":40}},"loc":{"start":{"line":370,"column":45},"end":{"line":370,"column":85}},"line":370},"41":{"name":"(anonymous_41)","decl":{"start":{"line":373,"column":43},"end":{"line":373,"column":44}},"loc":{"start":{"line":373,"column":49},"end":{"line":373,"column":84}},"line":373},"42":{"name":"ProtectedRoute","decl":{"start":{"line":376,"column":9},"end":{"line":376,"column":23}},"loc":{"start":{"line":376,"column":38},"end":{"line":388,"column":1}},"line":376},"43":{"name":"PublicRoute","decl":{"start":{"line":391,"column":9},"end":{"line":391,"column":20}},"loc":{"start":{"line":391,"column":35},"end":{"line":403,"column":1}},"line":391},"44":{"name":"RedirectToMainSite","decl":{"start":{"line":406,"column":9},"end":{"line":406,"column":27}},"loc":{"start":{"line":406,"column":38},"end":{"line":426,"column":1}},"line":406},"45":{"name":"(anonymous_45)","decl":{"start":{"line":407,"column":18},"end":{"line":407,"column":19}},"loc":{"start":{"line":407,"column":24},"end":{"line":409,"column":3}},"line":407},"46":{"name":"AppRouter","decl":{"start":{"line":428,"column":9},"end":{"line":428,"column":18}},"loc":{"start":{"line":428,"column":21},"end":{"line":742,"column":1}},"line":428}},"branchMap":{"0":{"loc":{"start":{"line":379,"column":2},"end":{"line":381,"column":3}},"type":"if","locations":[{"start":{"line":379,"column":2},"end":{"line":381,"column":3}},{"start":{},"end":{}}],"line":379},"1":{"loc":{"start":{"line":383,"column":2},"end":{"line":385,"column":3}},"type":"if","locations":[{"start":{"line":383,"column":2},"end":{"line":385,"column":3}},{"start":{},"end":{}}],"line":383},"2":{"loc":{"start":{"line":394,"column":2},"end":{"line":396,"column":3}},"type":"if","locations":[{"start":{"line":394,"column":2},"end":{"line":396,"column":3}},{"start":{},"end":{}}],"line":394},"3":{"loc":{"start":{"line":398,"column":2},"end":{"line":400,"column":3}},"type":"if","locations":[{"start":{"line":398,"column":2},"end":{"line":400,"column":3}},{"start":{},"end":{}}],"line":398},"4":{"loc":{"start":{"line":432,"column":2},"end":{"line":469,"column":3}},"type":"if","locations":[{"start":{"line":432,"column":2},"end":{"line":469,"column":3}},{"start":{},"end":{}}],"line":432}},"s":{"0":0,"1":0,"2":0,"3":0,"4":0,"5":0,"6":0,"7":0,"8":0,"9":0,"10":0,"11":0,"12":0,"13":0,"14":0,"15":0,"16":0,"17":0,"18":0,"19":0,"20":0,"21":0,"22":0,"23":0,"24":0,"25":0,"26":0,"27":0,"28":0,"29":0,"30":0,"31":0,"32":0,"33":0,"34":0,"35":0,"36":0,"37":0,"38":0,"39":0,"40":0,"41":0,"42":0,"43":0,"44":0,"45":0,"46":0,"47":0,"48":0,"49":0,"50":0,"51":0,"52":0,"53":0,"54":0,"55":0,"56":0,"57":0,"58":0,"59":0,"60":0,"61":0,"62":0,"63":0,"64":0,"65":0,"66":0,"67":0,"68":0,"69":0,"70":0,"71":0,"72":0,"73":0,"74":0,"75":0,"76":0,"77":0,"78":0,"79":0,"80":0,"81":0,"82":0,"83":0,"84":0,"85":0,"86":0,"87":0,"88":0,"89":0,"90":0,"91":0,"92":0,"93":0,"94":0,"95":0},"f":{"0":0,"1":0,"2":0,"3":0,"4":0,"5":0,"6":0,"7":0,"8":0,"9":0,"10":0,"11":0,"12":0,"13":0,"14":0,"15":0,"16":0,"17":0,"18":0,"19":0,"20":0,"21":0,"22":0,"23":0,"24":0,"25":0,"26":0,"27":0,"28":0,"29":0,"30":0,"31":0,"32":0,"33":0,"34":0,"35":0,"36":0,"37":0,"38":0,"39":0,"40":0,"41":0,"42":0,"43":0,"44":0,"45":0,"46":0},"b":{"0":[0,0],"1":[0,0],"2":[0,0],"3":[0,0],"4":[0,0]}}
,"/home/runner/work/yoohooguru/yoohooguru/frontend/src/components/BadgeDisplay.js": {"path":"/home/runner/work/yoohooguru/yoohooguru/frontend/src/components/BadgeDisplay.js","statementMap":{"0":{"start":{"line":5,"column":18},"end":{"line":11,"column":1}},"1":{"start":{"line":13,"column":21},"end":{"line":25,"column":1}},"2":{"start":{"line":27,"column":18},"end":{"line":32,"column":1}},"3":{"start":{"line":34,"column":18},"end":{"line":57,"column":1}},"4":{"start":{"line":35,"column":31},"end":{"line":35,"column":82}},"5":{"start":{"line":38,"column":25},"end":{"line":40,"column":20}},"6":{"start":{"line":45,"column":13},"end":{"line":51,"column":3}},"7":{"start":{"line":53,"column":13},"end":{"line":56,"column":3}},"8":{"start":{"line":59,"column":20},"end":{"line":64,"column":1}},"9":{"start":{"line":66,"column":18},"end":{"line":76,"column":1}},"10":{"start":{"line":73,"column":25},"end":{"line":73,"column":62}},"11":{"start":{"line":78,"column":18},"end":{"line":83,"column":1}},"12":{"start":{"line":85,"column":25},"end":{"line":90,"column":1}},"13":{"start":{"line":92,"column":20},"end":{"line":115,"column":1}},"14":{"start":{"line":117,"column":22},"end":{"line":127,"column":1}},"15":{"start":{"line":129,"column":22},"end":{"line":150,"column":1}},"16":{"start":{"line":152,"column":24},"end":{"line":170,"column":1}},"17":{"start":{"line":172,"column":19},"end":{"line":191,"column":1}},"18":{"start":{"line":194,"column":19},"end":{"line":194,"column":28}},"19":{"start":{"line":195,"column":52},"end":{"line":195,"column":66}},"20":{"start":{"line":196,"column":38},"end":{"line":196,"column":50}},"21":{"start":{"line":197,"column":32},"end":{"line":197,"column":46}},"22":{"start":{"line":198,"column":38},"end":{"line":198,"column":52}},"23":{"start":{"line":200,"column":2},"end":{"line":207,"column":36}},"24":{"start":{"line":201,"column":4},"end":{"line":203,"column":5}},"25":{"start":{"line":202,"column":6},"end":{"line":202,"column":31}},"26":{"start":{"line":204,"column":4},"end":{"line":206,"column":5}},"27":{"start":{"line":205,"column":6},"end":{"line":205,"column":24}},"28":{"start":{"line":209,"column":33},"end":{"line":228,"column":3}},"29":{"start":{"line":210,"column":4},"end":{"line":227,"column":5}},"30":{"start":{"line":211,"column":27},"end":{"line":211,"column":61}},"31":{"start":{"line":212,"column":23},"end":{"line":219,"column":7}},"32":{"start":{"line":221,"column":6},"end":{"line":224,"column":7}},"33":{"start":{"line":222,"column":21},"end":{"line":222,"column":42}},"34":{"start":{"line":223,"column":8},"end":{"line":223,"column":40}},"35":{"start":{"line":226,"column":6},"end":{"line":226,"column":66}},"36":{"start":{"line":230,"column":26},"end":{"line":253,"column":3}},"37":{"start":{"line":231,"column":4},"end":{"line":252,"column":5}},"38":{"start":{"line":232,"column":6},"end":{"line":232,"column":23}},"39":{"start":{"line":233,"column":27},"end":{"line":233,"column":61}},"40":{"start":{"line":235,"column":6},"end":{"line":235,"column":32}},"41":{"start":{"line":235,"column":25},"end":{"line":235,"column":32}},"42":{"start":{"line":237,"column":23},"end":{"line":237,"column":86}},"43":{"start":{"line":238,"column":23},"end":{"line":242,"column":8}},"44":{"start":{"line":244,"column":6},"end":{"line":247,"column":7}},"45":{"start":{"line":245,"column":21},"end":{"line":245,"column":42}},"46":{"start":{"line":246,"column":8},"end":{"line":246,"column":76}},"47":{"start":{"line":249,"column":6},"end":{"line":249,"column":59}},"48":{"start":{"line":251,"column":6},"end":{"line":251,"column":24}},"49":{"start":{"line":255,"column":29},"end":{"line":274,"column":3}},"50":{"start":{"line":256,"column":4},"end":{"line":256,"column":36}},"51":{"start":{"line":256,"column":29},"end":{"line":256,"column":36}},"52":{"start":{"line":258,"column":4},"end":{"line":258,"column":29}},"53":{"start":{"line":259,"column":4},"end":{"line":273,"column":5}},"54":{"start":{"line":260,"column":6},"end":{"line":265,"column":7}},"55":{"start":{"line":261,"column":8},"end":{"line":261,"column":40}},"56":{"start":{"line":264,"column":8},"end":{"line":264,"column":64}},"57":{"start":{"line":266,"column":6},"end":{"line":266,"column":37}},"58":{"start":{"line":267,"column":6},"end":{"line":267,"column":30}},"59":{"start":{"line":269,"column":6},"end":{"line":269,"column":52}},"60":{"start":{"line":270,"column":6},"end":{"line":270,"column":58}},"61":{"start":{"line":272,"column":6},"end":{"line":272,"column":26}},"62":{"start":{"line":276,"column":24},"end":{"line":310,"column":3}},"63":{"start":{"line":277,"column":23},"end":{"line":277,"column":70}},"64":{"start":{"line":279,"column":4},"end":{"line":286,"column":5}},"65":{"start":{"line":280,"column":6},"end":{"line":285,"column":8}},"66":{"start":{"line":288,"column":4},"end":{"line":295,"column":5}},"67":{"start":{"line":289,"column":6},"end":{"line":294,"column":8}},"68":{"start":{"line":297,"column":4},"end":{"line":303,"column":5}},"69":{"start":{"line":298,"column":6},"end":{"line":302,"column":8}},"70":{"start":{"line":305,"column":4},"end":{"line":309,"column":6}},"71":{"start":{"line":312,"column":2},"end":{"line":323,"column":3}},"72":{"start":{"line":313,"column":4},"end":{"line":322,"column":6}},"73":{"start":{"line":325,"column":2},"end":{"line":338,"column":3}},"74":{"start":{"line":326,"column":4},"end":{"line":337,"column":6}},"75":{"start":{"line":340,"column":2},"end":{"line":433,"column":4}},"76":{"start":{"line":354,"column":31},"end":{"line":354,"column":68}},"77":{"start":{"line":355,"column":12},"end":{"line":402,"column":14}},"78":{"start":{"line":363,"column":18},"end":{"line":365,"column":19}},"79":{"start":{"line":364,"column":20},"end":{"line":364,"column":56}},"80":{"start":{"line":394,"column":22},"end":{"line":394,"column":42}},"81":{"start":{"line":395,"column":22},"end":{"line":395,"column":58}},"82":{"start":{"line":406,"column":12},"end":{"line":428,"column":24}}},"fnMap":{"0":{"name":"(anonymous_0)","decl":{"start":{"line":35,"column":22},"end":{"line":35,"column":23}},"loc":{"start":{"line":35,"column":31},"end":{"line":35,"column":82}},"line":35},"1":{"name":"(anonymous_1)","decl":{"start":{"line":38,"column":16},"end":{"line":38,"column":17}},"loc":{"start":{"line":38,"column":25},"end":{"line":40,"column":20}},"line":38},"2":{"name":"(anonymous_2)","decl":{"start":{"line":45,"column":4},"end":{"line":45,"column":5}},"loc":{"start":{"line":45,"column":13},"end":{"line":51,"column":3}},"line":45},"3":{"name":"(anonymous_3)","decl":{"start":{"line":53,"column":4},"end":{"line":53,"column":5}},"loc":{"start":{"line":53,"column":13},"end":{"line":56,"column":3}},"line":53},"4":{"name":"(anonymous_4)","decl":{"start":{"line":73,"column":16},"end":{"line":73,"column":17}},"loc":{"start":{"line":73,"column":25},"end":{"line":73,"column":62}},"line":73},"5":{"name":"BadgeDisplay","decl":{"start":{"line":193,"column":9},"end":{"line":193,"column":21}},"loc":{"start":{"line":193,"column":93},"end":{"line":434,"column":1}},"line":193},"6":{"name":"(anonymous_6)","decl":{"start":{"line":200,"column":12},"end":{"line":200,"column":13}},"loc":{"start":{"line":200,"column":18},"end":{"line":207,"column":3}},"line":200},"7":{"name":"(anonymous_7)","decl":{"start":{"line":209,"column":33},"end":{"line":209,"column":34}},"loc":{"start":{"line":209,"column":45},"end":{"line":228,"column":3}},"line":209},"8":{"name":"(anonymous_8)","decl":{"start":{"line":230,"column":26},"end":{"line":230,"column":27}},"loc":{"start":{"line":230,"column":38},"end":{"line":253,"column":3}},"line":230},"9":{"name":"(anonymous_9)","decl":{"start":{"line":255,"column":29},"end":{"line":255,"column":30}},"loc":{"start":{"line":255,"column":50},"end":{"line":274,"column":3}},"line":255},"10":{"name":"(anonymous_10)","decl":{"start":{"line":276,"column":24},"end":{"line":276,"column":25}},"loc":{"start":{"line":276,"column":50},"end":{"line":310,"column":3}},"line":276},"11":{"name":"(anonymous_11)","decl":{"start":{"line":353,"column":47},"end":{"line":353,"column":48}},"loc":{"start":{"line":353,"column":58},"end":{"line":403,"column":11}},"line":353},"12":{"name":"(anonymous_12)","decl":{"start":{"line":362,"column":25},"end":{"line":362,"column":26}},"loc":{"start":{"line":362,"column":31},"end":{"line":366,"column":17}},"line":362},"13":{"name":"(anonymous_13)","decl":{"start":{"line":393,"column":29},"end":{"line":393,"column":30}},"loc":{"start":{"line":393,"column":36},"end":{"line":396,"column":21}},"line":393},"14":{"name":"(anonymous_14)","decl":{"start":{"line":405,"column":25},"end":{"line":405,"column":26}},"loc":{"start":{"line":406,"column":12},"end":{"line":428,"column":24}},"line":406}},"branchMap":{"0":{"loc":{"start":{"line":35,"column":31},"end":{"line":35,"column":82}},"type":"cond-expr","locations":[{"start":{"line":35,"column":46},"end":{"line":35,"column":62}},{"start":{"line":35,"column":65},"end":{"line":35,"column":82}}],"line":35},"1":{"loc":{"start":{"line":38,"column":25},"end":{"line":40,"column":20}},"type":"cond-expr","locations":[{"start":{"line":39,"column":4},"end":{"line":39,"column":75}},{"start":{"line":40,"column":4},"end":{"line":40,"column":20}}],"line":38},"2":{"loc":{"start":{"line":45,"column":13},"end":{"line":51,"column":3}},"type":"binary-expr","locations":[{"start":{"line":45,"column":13},"end":{"line":45,"column":28}},{"start":{"line":45,"column":32},"end":{"line":51,"column":3}}],"line":45},"3":{"loc":{"start":{"line":53,"column":13},"end":{"line":56,"column":3}},"type":"binary-expr","locations":[{"start":{"line":53,"column":13},"end":{"line":53,"column":26}},{"start":{"line":53,"column":30},"end":{"line":56,"column":3}}],"line":53},"4":{"loc":{"start":{"line":73,"column":25},"end":{"line":73,"column":62}},"type":"binary-expr","locations":[{"start":{"line":73,"column":25},"end":{"line":73,"column":41}},{"start":{"line":73,"column":45},"end":{"line":73,"column":62}}],"line":73},"5":{"loc":{"start":{"line":193,"column":47},"end":{"line":193,"column":73}},"type":"default-arg","locations":[{"start":{"line":193,"column":68},"end":{"line":193,"column":73}}],"line":193},"6":{"loc":{"start":{"line":201,"column":4},"end":{"line":203,"column":5}},"type":"if","locations":[{"start":{"line":201,"column":4},"end":{"line":203,"column":5}},{"start":{},"end":{}}],"line":201},"7":{"loc":{"start":{"line":204,"column":4},"end":{"line":206,"column":5}},"type":"if","locations":[{"start":{"line":204,"column":4},"end":{"line":206,"column":5}},{"start":{},"end":{}}],"line":204},"8":{"loc":{"start":{"line":204,"column":8},"end":{"line":204,"column":22}},"type":"binary-expr","locations":[{"start":{"line":204,"column":8},"end":{"line":204,"column":14}},{"start":{"line":204,"column":18},"end":{"line":204,"column":22}}],"line":204},"9":{"loc":{"start":{"line":211,"column":27},"end":{"line":211,"column":61}},"type":"binary-expr","locations":[{"start":{"line":211,"column":27},"end":{"line":211,"column":33}},{"start":{"line":211,"column":38},"end":{"line":211,"column":60}}],"line":211},"10":{"loc":{"start":{"line":211,"column":38},"end":{"line":211,"column":60}},"type":"cond-expr","locations":[{"start":{"line":211,"column":45},"end":{"line":211,"column":53}},{"start":{"line":211,"column":56},"end":{"line":211,"column":60}}],"line":211},"11":{"loc":{"start":{"line":213,"column":52},"end":{"line":213,"column":97}},"type":"cond-expr","locations":[{"start":{"line":213,"column":67},"end":{"line":213,"column":92}},{"start":{"line":213,"column":95},"end":{"line":213,"column":97}}],"line":213},"12":{"loc":{"start":{"line":216,"column":29},"end":{"line":216,"column":76}},"type":"cond-expr","locations":[{"start":{"line":216,"column":36},"end":{"line":216,"column":71}},{"start":{"line":216,"column":74},"end":{"line":216,"column":76}}],"line":216},"13":{"loc":{"start":{"line":221,"column":6},"end":{"line":224,"column":7}},"type":"if","locations":[{"start":{"line":221,"column":6},"end":{"line":224,"column":7}},{"start":{},"end":{}}],"line":221},"14":{"loc":{"start":{"line":233,"column":27},"end":{"line":233,"column":61}},"type":"binary-expr","locations":[{"start":{"line":233,"column":27},"end":{"line":233,"column":33}},{"start":{"line":233,"column":38},"end":{"line":233,"column":60}}],"line":233},"15":{"loc":{"start":{"line":233,"column":38},"end":{"line":233,"column":60}},"type":"cond-expr","locations":[{"start":{"line":233,"column":45},"end":{"line":233,"column":53}},{"start":{"line":233,"column":56},"end":{"line":233,"column":60}}],"line":233},"16":{"loc":{"start":{"line":235,"column":6},"end":{"line":235,"column":32}},"type":"if","locations":[{"start":{"line":235,"column":6},"end":{"line":235,"column":32}},{"start":{},"end":{}}],"line":235},"17":{"loc":{"start":{"line":237,"column":23},"end":{"line":237,"column":86}},"type":"cond-expr","locations":[{"start":{"line":237,"column":32},"end":{"line":237,"column":60}},{"start":{"line":237,"column":63},"end":{"line":237,"column":86}}],"line":237},"18":{"loc":{"start":{"line":240,"column":27},"end":{"line":240,"column":74}},"type":"cond-expr","locations":[{"start":{"line":240,"column":34},"end":{"line":240,"column":69}},{"start":{"line":240,"column":72},"end":{"line":240,"column":74}}],"line":240},"19":{"loc":{"start":{"line":244,"column":6},"end":{"line":247,"column":7}},"type":"if","locations":[{"start":{"line":244,"column":6},"end":{"line":247,"column":7}},{"start":{},"end":{}}],"line":244},"20":{"loc":{"start":{"line":246,"column":22},"end":{"line":246,"column":74}},"type":"cond-expr","locations":[{"start":{"line":246,"column":31},"end":{"line":246,"column":47}},{"start":{"line":246,"column":50},"end":{"line":246,"column":74}}],"line":246},"21":{"loc":{"start":{"line":256,"column":4},"end":{"line":256,"column":36}},"type":"if","locations":[{"start":{"line":256,"column":4},"end":{"line":256,"column":36}},{"start":{},"end":{}}],"line":256},"22":{"loc":{"start":{"line":256,"column":8},"end":{"line":256,"column":27}},"type":"binary-expr","locations":[{"start":{"line":256,"column":8},"end":{"line":256,"column":13}},{"start":{"line":256,"column":17},"end":{"line":256,"column":27}}],"line":256},"23":{"loc":{"start":{"line":260,"column":6},"end":{"line":265,"column":7}},"type":"if","locations":[{"start":{"line":260,"column":6},"end":{"line":265,"column":7}},{"start":{"line":262,"column":13},"end":{"line":265,"column":7}}],"line":260},"24":{"loc":{"start":{"line":279,"column":4},"end":{"line":286,"column":5}},"type":"if","locations":[{"start":{"line":279,"column":4},"end":{"line":286,"column":5}},{"start":{},"end":{}}],"line":279},"25":{"loc":{"start":{"line":288,"column":4},"end":{"line":295,"column":5}},"type":"if","locations":[{"start":{"line":288,"column":4},"end":{"line":295,"column":5}},{"start":{},"end":{}}],"line":288},"26":{"loc":{"start":{"line":297,"column":4},"end":{"line":303,"column":5}},"type":"if","locations":[{"start":{"line":297,"column":4},"end":{"line":303,"column":5}},{"start":{},"end":{}}],"line":297},"27":{"loc":{"start":{"line":312,"column":2},"end":{"line":323,"column":3}},"type":"if","locations":[{"start":{"line":312,"column":2},"end":{"line":323,"column":3}},{"start":{},"end":{}}],"line":312},"28":{"loc":{"start":{"line":325,"column":2},"end":{"line":338,"column":3}},"type":"if","locations":[{"start":{"line":325,"column":2},"end":{"line":338,"column":3}},{"start":{},"end":{}}],"line":325},"29":{"loc":{"start":{"line":325,"column":6},"end":{"line":325,"column":51}},"type":"binary-expr","locations":[{"start":{"line":325,"column":6},"end":{"line":325,"column":24}},{"start":{"line":325,"column":28},"end":{"line":325,"column":51}}],"line":325},"30":{"loc":{"start":{"line":344,"column":7},"end":{"line":349,"column":7}},"type":"binary-expr","locations":[{"start":{"line":344,"column":7},"end":{"line":344,"column":24}},{"start":{"line":345,"column":8},"end":{"line":348,"column":26}}],"line":344},"31":{"loc":{"start":{"line":352,"column":9},"end":{"line":430,"column":9}},"type":"cond-expr","locations":[{"start":{"line":353,"column":10},"end":{"line":403,"column":12}},{"start":{"line":405,"column":10},"end":{"line":429,"column":12}}],"line":352},"32":{"loc":{"start":{"line":361,"column":27},"end":{"line":361,"column":82}},"type":"binary-expr","locations":[{"start":{"line":361,"column":27},"end":{"line":361,"column":45}},{"start":{"line":361,"column":49},"end":{"line":361,"column":82}}],"line":361},"33":{"loc":{"start":{"line":363,"column":18},"end":{"line":365,"column":19}},"type":"if","locations":[{"start":{"line":363,"column":18},"end":{"line":365,"column":19}},{"start":{},"end":{}}],"line":363},"34":{"loc":{"start":{"line":363,"column":22},"end":{"line":363,"column":77}},"type":"binary-expr","locations":[{"start":{"line":363,"column":22},"end":{"line":363,"column":40}},{"start":{"line":363,"column":44},"end":{"line":363,"column":77}}],"line":363},"35":{"loc":{"start":{"line":368,"column":17},"end":{"line":368,"column":74}},"type":"binary-expr","locations":[{"start":{"line":368,"column":17},"end":{"line":368,"column":31}},{"start":{"line":368,"column":35},"end":{"line":368,"column":74}}],"line":368},"36":{"loc":{"start":{"line":383,"column":19},"end":{"line":387,"column":19}},"type":"binary-expr","locations":[{"start":{"line":383,"column":19},"end":{"line":383,"column":34}},{"start":{"line":384,"column":20},"end":{"line":386,"column":27}}],"line":383},"37":{"loc":{"start":{"line":390,"column":17},"end":{"line":400,"column":17}},"type":"binary-expr","locations":[{"start":{"line":390,"column":17},"end":{"line":390,"column":35}},{"start":{"line":390,"column":39},"end":{"line":390,"column":72}},{"start":{"line":391,"column":18},"end":{"line":399,"column":34}}],"line":390},"38":{"loc":{"start":{"line":398,"column":21},"end":{"line":398,"column":87}},"type":"cond-expr","locations":[{"start":{"line":398,"column":54},"end":{"line":398,"column":69}},{"start":{"line":398,"column":72},"end":{"line":398,"column":87}}],"line":398},"39":{"loc":{"start":{"line":407,"column":19},"end":{"line":407,"column":46}},"type":"binary-expr","locations":[{"start":{"line":407,"column":19},"end":{"line":407,"column":34}},{"start":{"line":407,"column":38},"end":{"line":407,"column":46}}],"line":407},"40":{"loc":{"start":{"line":409,"column":26},"end":{"line":409,"column":63}},"type":"binary-expr","locations":[{"start":{"line":409,"column":26},"end":{"line":409,"column":48}},{"start":{"line":409,"column":52},"end":{"line":409,"column":63}}],"line":409},"41":{"loc":{"start":{"line":412,"column":39},"end":{"line":412,"column":76}},"type":"binary-expr","locations":[{"start":{"line":412,"column":39},"end":{"line":412,"column":61}},{"start":{"line":412,"column":65},"end":{"line":412,"column":76}}],"line":412},"42":{"loc":{"start":{"line":413,"column":19},"end":{"line":413,"column":62}},"type":"binary-expr","locations":[{"start":{"line":413,"column":19},"end":{"line":413,"column":40}},{"start":{"line":413,"column":44},"end":{"line":413,"column":54}},{"start":{"line":413,"column":58},"end":{"line":413,"column":62}}],"line":413},"43":{"loc":{"start":{"line":415,"column":28},"end":{"line":415,"column":63}},"type":"binary-expr","locations":[{"start":{"line":415,"column":28},"end":{"line":415,"column":49}},{"start":{"line":415,"column":53},"end":{"line":415,"column":63}}],"line":415},"44":{"loc":{"start":{"line":419,"column":17},"end":{"line":419,"column":66}},"type":"binary-expr","locations":[{"start":{"line":419,"column":17},"end":{"line":419,"column":45}},{"start":{"line":419,"column":49},"end":{"line":419,"column":66}}],"line":419}},"s":{"0":0,"1":0,"2":0,"3":0,"4":0,"5":0,"6":0,"7":0,"8":0,"9":0,"10":0,"11":0,"12":0,"13":0,"14":0,"15":0,"16":0,"17":0,"18":0,"19":0,"20":0,"21":0,"22":0,"23":0,"24":0,"25":0,"26":0,"27":0,"28":0,"29":0,"30":0,"31":0,"32":0,"33":0,"34":0,"35":0,"36":0,"37":0,"38":0,"39":0,"40":0,"41":0,"42":0,"43":0,"44":0,"45":0,"46":0,"47":0,"48":0,"49":0,"50":0,"51":0,"52":0,"53":0,"54":0,"55":0,"56":0,"57":0,"58":0,"59":0,"60":0,"61":0,"62":0,"63":0,"64":0,"65":0,"66":0,"67":0,"68":0,"69":0,"70":0,"71":0,"72":0,"73":0,"74":0,"75":0,"76":0,"77":0,"78":0,"79":0,"80":0,"81":0,"82":0},"f":{"0":0,"1":0,"2":0,"3":0,"4":0,"5":0,"6":0,"7":0,"8":0,"9":0,"10":0,"11":0,"12":0,"13":0,"14":0},"b":{"0":[0,0],"1":[0,0],"2":[0,0],"3":[0,0],"4":[0,0],"5":[0],"6":[0,0],"7":[0,0],"8":[0,0],"9":[0,0],"10":[0,0],"11":[0,0],"12":[0,0],"13":[0,0],"14":[0,0],"15":[0,0],"16":[0,0],"17":[0,0],"18":[0,0],"19":[0,0],"20":[0,0],"21":[0,0],"22":[0,0],"23":[0,0],"24":[0,0],"25":[0,0],"26":[0,0],"27":[0,0],"28":[0,0],"29":[0,0],"30":[0,0],"31":[0,0],"32":[0,0],"33":[0,0],"34":[0,0],"35":[0,0],"36":[0,0],"37":[0,0,0],"38":[0,0],"39":[0,0],"40":[0,0],"41":[0,0],"42":[0,0,0],"43":[0,0],"44":[0,0]}}
,"/home/runner/work/yoohooguru/yoohooguru/frontend/src/components/Button.js": {"path":"/home/runner/work/yoohooguru/yoohooguru/frontend/src/components/Button.js","statementMap":{"0":{"start":{"line":4,"column":13},"end":{"line":71,"column":1}},"1":{"start":{"line":14,"column":32},"end":{"line":14,"column":48}},"2":{"start":{"line":17,"column":55},"end":{"line":17,"column":70}},"3":{"start":{"line":18,"column":46},"end":{"line":18,"column":61}},"4":{"start":{"line":19,"column":48},"end":{"line":19,"column":63}},"5":{"start":{"line":20,"column":41},"end":{"line":20,"column":56}},"6":{"start":{"line":41,"column":4},"end":{"line":66,"column":5}},"7":{"start":{"line":43,"column":8},"end":{"line":47,"column":10}},"8":{"start":{"line":49,"column":8},"end":{"line":53,"column":10}},"9":{"start":{"line":55,"column":8},"end":{"line":59,"column":10}},"10":{"start":{"line":61,"column":8},"end":{"line":65,"column":10}},"11":{"start":{"line":70,"column":13},"end":{"line":70,"column":47}},"12":{"start":{"line":73,"column":23},"end":{"line":81,"column":1}},"13":{"start":{"line":83,"column":21},"end":{"line":90,"column":1}},"14":{"start":{"line":92,"column":25},"end":{"line":101,"column":1}},"15":{"start":{"line":103,"column":23},"end":{"line":112,"column":1}},"16":{"start":{"line":114,"column":23},"end":{"line":125,"column":1}},"17":{"start":{"line":140,"column":26},"end":{"line":145,"column":21}},"18":{"start":{"line":147,"column":2},"end":{"line":161,"column":4}}},"fnMap":{"0":{"name":"(anonymous_0)","decl":{"start":{"line":14,"column":17},"end":{"line":14,"column":18}},"loc":{"start":{"line":14,"column":32},"end":{"line":14,"column":48}},"line":14},"1":{"name":"(anonymous_1)","decl":{"start":{"line":17,"column":40},"end":{"line":17,"column":41}},"loc":{"start":{"line":17,"column":55},"end":{"line":17,"column":70}},"line":17},"2":{"name":"(anonymous_2)","decl":{"start":{"line":18,"column":31},"end":{"line":18,"column":32}},"loc":{"start":{"line":18,"column":46},"end":{"line":18,"column":61}},"line":18},"3":{"name":"(anonymous_3)","decl":{"start":{"line":19,"column":33},"end":{"line":19,"column":34}},"loc":{"start":{"line":19,"column":48},"end":{"line":19,"column":63}},"line":19},"4":{"name":"(anonymous_4)","decl":{"start":{"line":20,"column":26},"end":{"line":20,"column":27}},"loc":{"start":{"line":20,"column":41},"end":{"line":20,"column":56}},"line":20},"5":{"name":"(anonymous_5)","decl":{"start":{"line":40,"column":4},"end":{"line":40,"column":5}},"loc":{"start":{"line":40,"column":13},"end":{"line":67,"column":3}},"line":40},"6":{"name":"(anonymous_6)","decl":{"start":{"line":70,"column":4},"end":{"line":70,"column":5}},"loc":{"start":{"line":70,"column":13},"end":{"line":70,"column":47}},"line":70},"7":{"name":"Button","decl":{"start":{"line":127,"column":9},"end":{"line":127,"column":15}},"loc":{"start":{"line":138,"column":3},"end":{"line":162,"column":1}},"line":138}},"branchMap":{"0":{"loc":{"start":{"line":41,"column":4},"end":{"line":66,"column":5}},"type":"switch","locations":[{"start":{"line":42,"column":6},"end":{"line":47,"column":10}},{"start":{"line":48,"column":6},"end":{"line":53,"column":10}},{"start":{"line":54,"column":6},"end":{"line":59,"column":10}},{"start":{"line":60,"column":6},"end":{"line":65,"column":10}}],"line":41},"1":{"loc":{"start":{"line":70,"column":13},"end":{"line":70,"column":47}},"type":"binary-expr","locations":[{"start":{"line":70,"column":13},"end":{"line":70,"column":29}},{"start":{"line":70,"column":33},"end":{"line":70,"column":47}}],"line":70},"2":{"loc":{"start":{"line":129,"column":2},"end":{"line":129,"column":19}},"type":"default-arg","locations":[{"start":{"line":129,"column":12},"end":{"line":129,"column":19}}],"line":129},"3":{"loc":{"start":{"line":130,"column":2},"end":{"line":130,"column":13}},"type":"default-arg","locations":[{"start":{"line":130,"column":9},"end":{"line":130,"column":13}}],"line":130},"4":{"loc":{"start":{"line":131,"column":2},"end":{"line":131,"column":19}},"type":"default-arg","locations":[{"start":{"line":131,"column":14},"end":{"line":131,"column":19}}],"line":131},"5":{"loc":{"start":{"line":132,"column":2},"end":{"line":132,"column":17}},"type":"default-arg","locations":[{"start":{"line":132,"column":12},"end":{"line":132,"column":17}}],"line":132},"6":{"loc":{"start":{"line":133,"column":2},"end":{"line":133,"column":18}},"type":"default-arg","locations":[{"start":{"line":133,"column":13},"end":{"line":133,"column":18}}],"line":133},"7":{"loc":{"start":{"line":135,"column":2},"end":{"line":135,"column":17}},"type":"default-arg","locations":[{"start":{"line":135,"column":9},"end":{"line":135,"column":17}}],"line":135},"8":{"loc":{"start":{"line":140,"column":26},"end":{"line":145,"column":21}},"type":"binary-expr","locations":[{"start":{"line":140,"column":26},"end":{"line":145,"column":12}},{"start":{"line":145,"column":16},"end":{"line":145,"column":21}}],"line":140},"9":{"loc":{"start":{"line":152,"column":16},"end":{"line":152,"column":35}},"type":"binary-expr","locations":[{"start":{"line":152,"column":16},"end":{"line":152,"column":24}},{"start":{"line":152,"column":28},"end":{"line":152,"column":35}}],"line":152},"10":{"loc":{"start":{"line":158,"column":7},"end":{"line":158,"column":36}},"type":"binary-expr","locations":[{"start":{"line":158,"column":7},"end":{"line":158,"column":14}},{"start":{"line":158,"column":18},"end":{"line":158,"column":36}}],"line":158}},"s":{"0":2,"1":27,"2":27,"3":27,"4":27,"5":27,"6":27,"7":0,"8":18,"9":0,"10":9,"11":27,"12":2,"13":2,"14":2,"15":2,"16":2,"17":27,"18":27},"f":{"0":27,"1":27,"2":27,"3":27,"4":27,"5":27,"6":27,"7":27},"b":{"0":[0,18,0,9],"1":[27,0],"2":[9],"3":[9],"4":[27],"5":[18],"6":[9],"7":[18],"8":[27,0],"9":[27,18],"10":[27,0]},"_coverageSchema":"1a1c01bbd47fc00a2c39e90264f33305004495a9","hash":"61c2af5555d73d38e25527a4b485aa05064e75eb"}
,"/home/runner/work/yoohooguru/yoohooguru/frontend/src/components/CitySelectionModal.js": {"path":"/home/runner/work/yoohooguru/yoohooguru/frontend/src/components/CitySelectionModal.js","statementMap":{"0":{"start":{"line":6,"column":21},"end":{"line":18,"column":1}},"1":{"start":{"line":20,"column":21},"end":{"line":29,"column":1}},"2":{"start":{"line":31,"column":20},"end":{"line":61,"column":1}},"3":{"start":{"line":63,"column":18},"end":{"line":65,"column":1}},"4":{"start":{"line":67,"column":22},"end":{"line":104,"column":1}},"5":{"start":{"line":106,"column":22},"end":{"line":113,"column":1}},"6":{"start":{"line":115,"column":17},"end":{"line":120,"column":1}},"7":{"start":{"line":122,"column":19},"end":{"line":142,"column":1}},"8":{"start":{"line":144,"column":22},"end":{"line":150,"column":1}},"9":{"start":{"line":152,"column":23},"end":{"line":173,"column":1}},"10":{"start":{"line":176,"column":38},"end":{"line":176,"column":50}},"11":{"start":{"line":177,"column":38},"end":{"line":177,"column":50}},"12":{"start":{"line":179,"column":2},"end":{"line":179,"column":27}},"13":{"start":{"line":179,"column":15},"end":{"line":179,"column":27}},"14":{"start":{"line":181,"column":25},"end":{"line":183,"column":3}},"15":{"start":{"line":182,"column":4},"end":{"line":182,"column":57}},"16":{"start":{"line":185,"column":27},"end":{"line":188,"column":3}},"17":{"start":{"line":186,"column":4},"end":{"line":186,"column":23}},"18":{"start":{"line":187,"column":4},"end":{"line":187,"column":14}},"19":{"start":{"line":190,"column":29},"end":{"line":195,"column":3}},"20":{"start":{"line":191,"column":4},"end":{"line":194,"column":5}},"21":{"start":{"line":192,"column":6},"end":{"line":192,"column":38}},"22":{"start":{"line":193,"column":6},"end":{"line":193,"column":16}},"23":{"start":{"line":197,"column":29},"end":{"line":201,"column":3}},"24":{"start":{"line":198,"column":4},"end":{"line":200,"column":5}},"25":{"start":{"line":199,"column":6},"end":{"line":199,"column":16}},"26":{"start":{"line":203,"column":2},"end":{"line":272,"column":4}},"27":{"start":{"line":226,"column":33},"end":{"line":226,"column":62}},"28":{"start":{"line":227,"column":35},"end":{"line":227,"column":76}},"29":{"start":{"line":241,"column":33},"end":{"line":241,"column":62}},"30":{"start":{"line":247,"column":16},"end":{"line":252,"column":29}},"31":{"start":{"line":249,"column":33},"end":{"line":249,"column":55}}},"fnMap":{"0":{"name":"CitySelectionModal","decl":{"start":{"line":175,"column":9},"end":{"line":175,"column":27}},"loc":{"start":{"line":175,"column":63},"end":{"line":273,"column":1}},"line":175},"1":{"name":"(anonymous_1)","decl":{"start":{"line":181,"column":47},"end":{"line":181,"column":48}},"loc":{"start":{"line":182,"column":4},"end":{"line":182,"column":57}},"line":182},"2":{"name":"(anonymous_2)","decl":{"start":{"line":185,"column":27},"end":{"line":185,"column":28}},"loc":{"start":{"line":185,"column":37},"end":{"line":188,"column":3}},"line":185},"3":{"name":"(anonymous_3)","decl":{"start":{"line":190,"column":29},"end":{"line":190,"column":30}},"loc":{"start":{"line":190,"column":35},"end":{"line":195,"column":3}},"line":190},"4":{"name":"(anonymous_4)","decl":{"start":{"line":197,"column":29},"end":{"line":197,"column":30}},"loc":{"start":{"line":197,"column":36},"end":{"line":201,"column":3}},"line":197},"5":{"name":"(anonymous_5)","decl":{"start":{"line":226,"column":26},"end":{"line":226,"column":27}},"loc":{"start":{"line":226,"column":33},"end":{"line":226,"column":62}},"line":226},"6":{"name":"(anonymous_6)","decl":{"start":{"line":227,"column":28},"end":{"line":227,"column":29}},"loc":{"start":{"line":227,"column":35},"end":{"line":227,"column":76}},"line":227},"7":{"name":"(anonymous_7)","decl":{"start":{"line":241,"column":26},"end":{"line":241,"column":27}},"loc":{"start":{"line":241,"column":33},"end":{"line":241,"column":62}},"line":241},"8":{"name":"(anonymous_8)","decl":{"start":{"line":246,"column":47},"end":{"line":246,"column":48}},"loc":{"start":{"line":247,"column":16},"end":{"line":252,"column":29}},"line":247},"9":{"name":"(anonymous_9)","decl":{"start":{"line":249,"column":27},"end":{"line":249,"column":28}},"loc":{"start":{"line":249,"column":33},"end":{"line":249,"column":55}},"line":249}},"branchMap":{"0":{"loc":{"start":{"line":179,"column":2},"end":{"line":179,"column":27}},"type":"if","locations":[{"start":{"line":179,"column":2},"end":{"line":179,"column":27}},{"start":{},"end":{}}],"line":179},"1":{"loc":{"start":{"line":191,"column":4},"end":{"line":194,"column":5}},"type":"if","locations":[{"start":{"line":191,"column":4},"end":{"line":194,"column":5}},{"start":{},"end":{}}],"line":191},"2":{"loc":{"start":{"line":198,"column":4},"end":{"line":200,"column":5}},"type":"if","locations":[{"start":{"line":198,"column":4},"end":{"line":200,"column":5}},{"start":{},"end":{}}],"line":198},"3":{"loc":{"start":{"line":227,"column":35},"end":{"line":227,"column":76}},"type":"binary-expr","locations":[{"start":{"line":227,"column":35},"end":{"line":227,"column":52}},{"start":{"line":227,"column":56},"end":{"line":227,"column":76}}],"line":227}},"s":{"0":0,"1":0,"2":0,"3":0,"4":0,"5":0,"6":0,"7":0,"8":0,"9":0,"10":0,"11":0,"12":0,"13":0,"14":0,"15":0,"16":0,"17":0,"18":0,"19":0,"20":0,"21":0,"22":0,"23":0,"24":0,"25":0,"26":0,"27":0,"28":0,"29":0,"30":0,"31":0},"f":{"0":0,"1":0,"2":0,"3":0,"4":0,"5":0,"6":0,"7":0,"8":0,"9":0},"b":{"0":[0,0],"1":[0,0],"2":[0,0],"3":[0,0]}}
,"/home/runner/work/yoohooguru/yoohooguru/frontend/src/components/ComingSoon.js": {"path":"/home/runner/work/yoohooguru/yoohooguru/frontend/src/components/ComingSoon.js","statementMap":{"0":{"start":{"line":4,"column":24},"end":{"line":16,"column":1}},"1":{"start":{"line":24,"column":2},"end":{"line":24,"column":25}},"2":{"start":{"line":24,"column":13},"end":{"line":24,"column":25}},"3":{"start":{"line":26,"column":2},"end":{"line":30,"column":4}}},"fnMap":{"0":{"name":"ComingSoon","decl":{"start":{"line":23,"column":9},"end":{"line":23,"column":19}},"loc":{"start":{"line":23,"column":59},"end":{"line":31,"column":1}},"line":23}},"branchMap":{"0":{"loc":{"start":{"line":23,"column":22},"end":{"line":23,"column":33}},"type":"default-arg","locations":[{"start":{"line":23,"column":29},"end":{"line":23,"column":33}}],"line":23},"1":{"loc":{"start":{"line":23,"column":35},"end":{"line":23,"column":55}},"type":"default-arg","locations":[{"start":{"line":23,"column":42},"end":{"line":23,"column":55}}],"line":23},"2":{"loc":{"start":{"line":24,"column":2},"end":{"line":24,"column":25}},"type":"if","locations":[{"start":{"line":24,"column":2},"end":{"line":24,"column":25}},{"start":{},"end":{}}],"line":24}},"s":{"0":0,"1":0,"2":0,"3":0},"f":{"0":0},"b":{"0":[0],"1":[0],"2":[0,0]}}
,"/home/runner/work/yoohooguru/yoohooguru/frontend/src/components/ComplianceDashboard.js": {"path":"/home/runner/work/yoohooguru/yoohooguru/frontend/src/components/ComplianceDashboard.js","statementMap":{"0":{"start":{"line":6,"column":18},"end":{"line":10,"column":1}},"1":{"start":{"line":12,"column":15},"end":{"line":15,"column":1}},"2":{"start":{"line":17,"column":14},"end":{"line":21,"column":1}},"3":{"start":{"line":23,"column":17},"end":{"line":27,"column":1}},"4":{"start":{"line":29,"column":21},"end":{"line":34,"column":1}},"5":{"start":{"line":36,"column":19},"end":{"line":43,"column":1}},"6":{"start":{"line":37,"column":49},"end":{"line":37,"column":82}},"7":{"start":{"line":37,"column":99},"end":{"line":37,"column":132}},"8":{"start":{"line":45,"column":20},"end":{"line":49,"column":1}},"9":{"start":{"line":51,"column":20},"end":{"line":54,"column":1}},"10":{"start":{"line":56,"column":21},"end":{"line":61,"column":1}},"11":{"start":{"line":63,"column":21},"end":{"line":74,"column":1}},"12":{"start":{"line":66,"column":4},"end":{"line":68,"column":27}},"13":{"start":{"line":76,"column":23},"end":{"line":81,"column":1}},"14":{"start":{"line":83,"column":21},"end":{"line":85,"column":1}},"15":{"start":{"line":87,"column":21},"end":{"line":92,"column":1}},"16":{"start":{"line":94,"column":18},"end":{"line":116,"column":1}},"17":{"start":{"line":102,"column":13},"end":{"line":105,"column":3}},"18":{"start":{"line":107,"column":13},"end":{"line":110,"column":3}},"19":{"start":{"line":112,"column":13},"end":{"line":115,"column":3}},"20":{"start":{"line":118,"column":24},"end":{"line":121,"column":1}},"21":{"start":{"line":123,"column":20},"end":{"line":138,"column":1}},"22":{"start":{"line":128,"column":4},"end":{"line":130,"column":23}},"23":{"start":{"line":140,"column":25},"end":{"line":142,"column":1}},"24":{"start":{"line":144,"column":25},"end":{"line":146,"column":1}},"25":{"start":{"line":148,"column":30},"end":{"line":155,"column":1}},"26":{"start":{"line":157,"column":24},"end":{"line":179,"column":1}},"27":{"start":{"line":181,"column":21},"end":{"line":209,"column":1}},"28":{"start":{"line":203,"column":13},"end":{"line":208,"column":3}},"29":{"start":{"line":211,"column":23},"end":{"line":218,"column":1}},"30":{"start":{"line":220,"column":21},"end":{"line":228,"column":1}},"31":{"start":{"line":231,"column":19},"end":{"line":231,"column":28}},"32":{"start":{"line":232,"column":44},"end":{"line":232,"column":58}},"33":{"start":{"line":233,"column":32},"end":{"line":233,"column":46}},"34":{"start":{"line":234,"column":28},"end":{"line":234,"column":42}},"35":{"start":{"line":236,"column":2},"end":{"line":240,"column":13}},"36":{"start":{"line":237,"column":4},"end":{"line":239,"column":5}},"37":{"start":{"line":238,"column":6},"end":{"line":238,"column":27}},"38":{"start":{"line":242,"column":29},"end":{"line":265,"column":3}},"39":{"start":{"line":243,"column":4},"end":{"line":264,"column":5}},"40":{"start":{"line":244,"column":6},"end":{"line":244,"column":23}},"41":{"start":{"line":245,"column":6},"end":{"line":245,"column":21}},"42":{"start":{"line":247,"column":23},"end":{"line":251,"column":8}},"43":{"start":{"line":253,"column":6},"end":{"line":258,"column":7}},"44":{"start":{"line":254,"column":21},"end":{"line":254,"column":42}},"45":{"start":{"line":255,"column":8},"end":{"line":255,"column":36}},"46":{"start":{"line":257,"column":8},"end":{"line":257,"column":63}},"47":{"start":{"line":260,"column":6},"end":{"line":260,"column":45}},"48":{"start":{"line":261,"column":6},"end":{"line":261,"column":28}},"49":{"start":{"line":263,"column":6},"end":{"line":263,"column":24}},"50":{"start":{"line":267,"column":32},"end":{"line":285,"column":3}},"51":{"start":{"line":268,"column":24},"end":{"line":273,"column":82}},"52":{"start":{"line":275,"column":4},"end":{"line":284,"column":6}},"53":{"start":{"line":287,"column":32},"end":{"line":321,"column":3}},"54":{"start":{"line":288,"column":22},"end":{"line":318,"column":5}},"55":{"start":{"line":320,"column":4},"end":{"line":320,"column":107}},"56":{"start":{"line":320,"column":90},"end":{"line":320,"column":105}},"57":{"start":{"line":323,"column":31},"end":{"line":326,"column":3}},"58":{"start":{"line":325,"column":4},"end":{"line":325,"column":59}},"59":{"start":{"line":328,"column":2},"end":{"line":336,"column":3}},"60":{"start":{"line":329,"column":4},"end":{"line":335,"column":6}},"61":{"start":{"line":338,"column":2},"end":{"line":346,"column":3}},"62":{"start":{"line":339,"column":4},"end":{"line":345,"column":6}},"63":{"start":{"line":348,"column":2},"end":{"line":357,"column":3}},"64":{"start":{"line":349,"column":4},"end":{"line":356,"column":6}},"65":{"start":{"line":359,"column":35},"end":{"line":359,"column":48}},"66"
[...]
,"end":{"line":49,"column":14}},"loc":{"start":{"line":49,"column":22},"end":{"line":49,"column":46}},"line":49},"9":{"name":"(anonymous_9)","decl":{"start":{"line":61,"column":11},"end":{"line":61,"column":12}},"loc":{"start":{"line":61,"column":20},"end":{"line":61,"column":42}},"line":61},"10":{"name":"(anonymous_10)","decl":{"start":{"line":62,"column":16},"end":{"line":62,"column":17}},"loc":{"start":{"line":62,"column":25},"end":{"line":62,"column":51}},"line":62},"11":{"name":"(anonymous_11)","decl":{"start":{"line":63,"column":22},"end":{"line":63,"column":23}},"loc":{"start":{"line":63,"column":31},"end":{"line":63,"column":53}},"line":63},"12":{"name":"(anonymous_12)","decl":{"start":{"line":64,"column":19},"end":{"line":64,"column":20}},"loc":{"start":{"line":64,"column":28},"end":{"line":64,"column":49}},"line":64},"13":{"name":"(anonymous_13)","decl":{"start":{"line":70,"column":11},"end":{"line":70,"column":12}},"loc":{"start":{"line":70,"column":20},"end":{"line":70,"column":43}},"line":70},"14":{"name":"OnboardingReview","decl":{"start":{"line":74,"column":24},"end":{"line":74,"column":40}},"loc":{"start":{"line":74,"column":43},"end":{"line":167,"column":1}},"line":74},"15":{"name":"(anonymous_15)","decl":{"start":{"line":78,"column":12},"end":{"line":78,"column":13}},"loc":{"start":{"line":78,"column":17},"end":{"line":85,"column":3}},"line":78},"16":{"name":"(anonymous_16)","decl":{"start":{"line":80,"column":12},"end":{"line":80,"column":13}},"loc":{"start":{"line":80,"column":17},"end":{"line":80,"column":32}},"line":80},"17":{"name":"(anonymous_17)","decl":{"start":{"line":81,"column":13},"end":{"line":81,"column":14}},"loc":{"start":{"line":81,"column":22},"end":{"line":84,"column":7}},"line":81},"18":{"name":"(anonymous_18)","decl":{"start":{"line":90,"column":18},"end":{"line":90,"column":19}},"loc":{"start":{"line":90,"column":30},"end":{"line":98,"column":3}},"line":90},"19":{"name":"(anonymous_19)","decl":{"start":{"line":116,"column":49},"end":{"line":116,"column":50}},"loc":{"start":{"line":117,"column":16},"end":{"line":117,"column":42}},"line":117},"20":{"name":"(anonymous_20)","decl":{"start":{"line":129,"column":50},"end":{"line":129,"column":51}},"loc":{"start":{"line":130,"column":16},"end":{"line":133,"column":21}},"line":130}},"branchMap":{"0":{"loc":{"start":{"line":87,"column":2},"end":{"line":87,"column":57}},"type":"if","locations":[{"start":{"line":87,"column":2},"end":{"line":87,"column":57}},{"start":{},"end":{}}],"line":87},"1":{"loc":{"start":{"line":88,"column":2},"end":{"line":88,"column":62}},"type":"if","locations":[{"start":{"line":88,"column":2},"end":{"line":88,"column":62}},{"start":{},"end":{}}],"line":88},"2":{"loc":{"start":{"line":107,"column":37},"end":{"line":107,"column":75}},"type":"binary-expr","locations":[{"start":{"line":107,"column":37},"end":{"line":107,"column":62}},{"start":{"line":107,"column":66},"end":{"line":107,"column":75}}],"line":107},"3":{"loc":{"start":{"line":108,"column":41},"end":{"line":108,"column":72}},"type":"binary-expr","locations":[{"start":{"line":108,"column":41},"end":{"line":108,"column":59}},{"start":{"line":108,"column":63},"end":{"line":108,"column":72}}],"line":108},"4":{"loc":{"start":{"line":108,"column":76},"end":{"line":108,"column":106}},"type":"binary-expr","locations":[{"start":{"line":108,"column":76},"end":{"line":108,"column":93}},{"start":{"line":108,"column":97},"end":{"line":108,"column":106}}],"line":108},"5":{"loc":{"start":{"line":109,"column":36},"end":{"line":109,"column":66}},"type":"binary-expr","locations":[{"start":{"line":109,"column":36},"end":{"line":109,"column":53}},{"start":{"line":109,"column":57},"end":{"line":109,"column":66}}],"line":109},"6":{"loc":{"start":{"line":114,"column":11},"end":{"line":122,"column":11}},"type":"cond-expr","locations":[{"start":{"line":115,"column":12},"end":{"line":119,"column":17}},{"start":{"line":121,"column":12},"end":{"line":121,"column":41}}],"line":114},"7":{"loc":{"start":{"line":114,"column":23},"end":{"line":114,"column":39}},"type":"binary-expr","locations":[{"start":{"line":114,"column":23},"end":{"line":114,"column":33}},{"start":{"line":114,"column":37},"end":{"line":114,"column":39}}],"line":114},"8":{"loc":{"start":{"line":116,"column":27},"end":{"line":116,"column":43}},"type":"binary-expr","locations":[{"start":{"line":116,"column":27},"end":{"line":116,"column":37}},{"start":{"line":116,"column":41},"end":{"line":116,"column":43}}],"line":116},"9":{"loc":{"start":{"line":127,"column":11},"end":{"line":138,"column":11}},"type":"cond-expr","locations":[{"start":{"line":128,"column":12},"end":{"line":135,"column":17}},{"start":{"line":137,"column":12},"end":{"line":137,"column":40}}],"line":127},"10":{"loc":{"start":{"line":127,"column":23},"end":{"line":127,"column":38}},"type":"binary-expr","locations":[{"start":{"line":127,"column":23},"end":{"line":127,"column":32}},{"start":{"line":127,"column":36},"end":{"line":127,"column":38}}],"line":127},"11":{"loc":{"start":{"line":129,"column":29},"end":{"line":129,"column":44}},"type":"binary-expr","locations":[{"start":{"line":129,"column":29},"end":{"line":129,"column":38}},{"start":{"line":129,"column":42},"end":{"line":129,"column":44}}],"line":129},"12":{"loc":{"start":{"line":132,"column":19},"end":{"line":132,"column":55}},"type":"binary-expr","locations":[{"start":{"line":132,"column":19},"end":{"line":132,"column":31}},{"start":{"line":132,"column":35},"end":{"line":132,"column":55}}],"line":132},"13":{"loc":{"start":{"line":143,"column":25},"end":{"line":143,"column":78}},"type":"cond-expr","locations":[{"start":{"line":143,"column":53},"end":{"line":143,"column":63}},{"start":{"line":143,"column":66},"end":{"line":143,"column":78}}],"line":143},"14":{"loc":{"start":{"line":144,"column":28},"end":{"line":144,"column":84}},"type":"cond-expr","locations":[{"start":{"line":144,"column":59},"end":{"line":144,"column":69}},{"start":{"line":144,"column":72},"end":{"line":144,"column":84}}],"line":144},"15":{"loc":{"start":{"line":145,"column":30},"end":{"line":145,"column":88}},"type":"cond-expr","locations":[{"start":{"line":145,"column":63},"end":{"line":145,"column":73}},{"start":{"line":145,"column":76},"end":{"line":145,"column":88}}],"line":145},"16":{"loc":{"start":{"line":146,"column":24},"end":{"line":146,"column":77}},"type":"cond-expr","locations":[{"start":{"line":146,"column":52},"end":{"line":146,"column":62}},{"start":{"line":146,"column":65},"end":{"line":146,"column":77}}],"line":146},"17":{"loc":{"start":{"line":158,"column":7},"end":{"line":164,"column":7}},"type":"binary-expr","locations":[{"start":{"line":158,"column":7},"end":{"line":158,"column":29}},{"start":{"line":159,"column":8},"end":{"line":163,"column":18}}],"line":158}},"s":{"0":0,"1":0,"2":0,"3":0,"4":0,"5":0,"6":0,"7":0,"8":0,"9":0,"10":0,"11":0,"12":0,"13":0,"14":0,"15":0,"16":0,"17":0,"18":0,"19":0,"20":0,"21":0,"22":0,"23":0,"24":0,"25":0,"26":0,"27":0,"28":0,"29":0,"30":0,"31":0,"32":0,"33":0,"34":0,"35":0,"36":0,"37":0,"38":0,"39":0},"f":{"0":0,"1":0,"2":0,"3":0,"4":0,"5":0,"6":0,"7":0,"8":0,"9":0,"10":0,"11":0,"12":0,"13":0,"14":0,"15":0,"16":0,"17":0,"18":0,"19":0,"20":0},"b":{"0":[0,0],"1":[0,0],"2":[0,0],"3":[0,0],"4":[0,0],"5":[0,0],"6":[0,0],"7":[0,0],"8":[0,0],"9":[0,0],"10":[0,0],"11":[0,0],"12":[0,0],"13":[0,0],"14":[0,0],"15":[0,0],"16":[0,0],"17":[0,0]}}
,"/home/runner/work/yoohooguru/yoohooguru/frontend/src/screens/onboarding/OnboardingStart.js": {"path":"/home/runner/work/yoohooguru/yoohooguru/frontend/src/screens/onboarding/OnboardingStart.js","statementMap":{"0":{"start":{"line":7,"column":30},"end":{"line":7,"column":40}},"1":{"start":{"line":9,"column":2},"end":{"line":11,"column":9}},"2":{"start":{"line":10,"column":4},"end":{"line":10,"column":78}},"3":{"start":{"line":10,"column":40},"end":{"line":10,"column":62}},"4":{"start":{"line":13,"column":14},"end":{"line":23,"column":3}},"5":{"start":{"line":14,"column":4},"end":{"line":22,"column":10}},"6":{"start":{"line":25,"column":2},"end":{"line":25,"column":68}},"7":{"start":{"line":25,"column":15},"end":{"line":25,"column":68}},"8":{"start":{"line":27,"column":2},"end":{"line":42,"column":4}}},"fnMap":{"0":{"name":"OnboardingStart","decl":{"start":{"line":6,"column":24},"end":{"line":6,"column":39}},"loc":{"start":{"line":6,"column":42},"end":{"line":43,"column":1}},"line":6},"1":{"name":"(anonymous_1)","decl":{"start":{"line":9,"column":12},"end":{"line":9,"column":13}},"loc":{"start":{"line":9,"column":18},"end":{"line":11,"column":3}},"line":9},"2":{"name":"(anonymous_2)","decl":{"start":{"line":10,"column":35},"end":{"line":10,"column":36}},"loc":{"start":{"line":10,"column":40},"end":{"line":10,"column":62}},"line":10},"3":{"name":"(anonymous_3)","decl":{"start":{"line":10,"column":70},"end":{"line":10,"column":71}},"loc":{"start":{"line":10,"column":74},"end":{"line":10,"column":76}},"line":10},"4":{"name":"(anonymous_4)","decl":{"start":{"line":13,"column":14},"end":{"line":13,"column":15}},"loc":{"start":{"line":14,"column":4},"end":{"line":22,"column":10}},"line":14}},"branchMap":{"0":{"loc":{"start":{"line":16,"column":30},"end":{"line":16,"column":56}},"type":"cond-expr","locations":[{"start":{"line":16,"column":35},"end":{"line":16,"column":44}},{"start":{"line":16,"column":47},"end":{"line":16,"column":56}}],"line":16},"1":{"loc":{"start":{"line":16,"column":82},"end":{"line":16,"column":96}},"type":"cond-expr","locations":[{"start":{"line":16,"column":87},"end":{"line":16,"column":90}},{"start":{"line":16,"column":93},"end":{"line":16,"column":96}}],"line":16},"2":{"loc":{"start":{"line":20,"column":9},"end":{"line":20,"column":35}},"type":"cond-expr","locations":[{"start":{"line":20,"column":14},"end":{"line":20,"column":22}},{"start":{"line":20,"column":25},"end":{"line":20,"column":35}}],"line":20},"3":{"loc":{"start":{"line":25,"column":2},"end":{"line":25,"column":68}},"type":"if","locations":[{"start":{"line":25,"column":2},"end":{"line":25,"column":68}},{"start":{},"end":{}}],"line":25},"4":{"loc":{"start":{"line":37,"column":7},"end":{"line":37,"column":118}},"type":"cond-expr","locations":[{"start":{"line":37,"column":28},"end":{"line":37,"column":79}},{"start":{"line":37,"column":82},"end":{"line":37,"column":118}}],"line":37}},"s":{"0":0,"1":0,"2":0,"3":0,"4":0,"5":0,"6":0,"7":0,"8":0},"f":{"0":0,"1":0,"2":0,"3":0,"4":0},"b":{"0":[0,0],"1":[0,0],"2":[0,0],"3":[0,0],"4":[0,0]}}
,"/home/runner/work/yoohooguru/yoohooguru/frontend/src/styles/GlobalStyles.js": {"path":"/home/runner/work/yoohooguru/yoohooguru/frontend/src/styles/GlobalStyles.js","statementMap":{"0":{"start":{"line":3,"column":21},"end":{"line":260,"column":1}}},"fnMap":{},"branchMap":{},"s":{"0":0},"f":{},"b":{}}
,"/home/runner/work/yoohooguru/yoohooguru/frontend/src/theme/GlobalStyle.js": {"path":"/home/runner/work/yoohooguru/yoohooguru/frontend/src/theme/GlobalStyle.js","statementMap":{"0":{"start":{"line":3,"column":20},"end":{"line":299,"column":1}},"1":{"start":{"line":13,"column":27},"end":{"line":13,"column":42}},"2":{"start":{"line":14,"column":32},"end":{"line":14,"column":52}},"3":{"start":{"line":15,"column":29},"end":{"line":15,"column":46}},"4":{"start":{"line":16,"column":29},"end":{"line":16,"column":46}},"5":{"start":{"line":17,"column":30},"end":{"line":17,"column":48}},"6":{"start":{"line":18,"column":31},"end":{"line":18,"column":50}},"7":{"start":{"line":19,"column":28},"end":{"line":19,"column":44}},"8":{"start":{"line":20,"column":29},"end":{"line":20,"column":46}},"9":{"start":{"line":21,"column":29},"end":{"line":21,"column":46}},"10":{"start":{"line":22,"column":28},"end":{"line":22,"column":44}}},"fnMap":{"0":{"name":"(anonymous_0)","decl":{"start":{"line":13,"column":12},"end":{"line":13,"column":13}},"loc":{"start":{"line":13,"column":27},"end":{"line":13,"column":42}},"line":13},"1":{"name":"(anonymous_1)","decl":{"start":{"line":14,"column":17},"end":{"line":14,"column":18}},"loc":{"start":{"line":14,"column":32},"end":{"line":14,"column":52}},"line":14},"2":{"name":"(anonymous_2)","decl":{"start":{"line":15,"column":14},"end":{"line":15,"column":15}},"loc":{"start":{"line":15,"column":29},"end":{"line":15,"column":46}},"line":15},"3":{"name":"(anonymous_3)","decl":{"start":{"line":16,"column":14},"end":{"line":16,"column":15}},"loc":{"start":{"line":16,"column":29},"end":{"line":16,"column":46}},"line":16},"4":{"name":"(anonymous_4)","decl":{"start":{"line":17,"column":15},"end":{"line":17,"column":16}},"loc":{"start":{"line":17,"column":30},"end":{"line":17,"column":48}},"line":17},"5":{"name":"(anonymous_5)","decl":{"start":{"line":18,"column":16},"end":{"line":18,"column":17}},"loc":{"start":{"line":18,"column":31},"end":{"line":18,"column":50}},"line":18},"6":{"name":"(anonymous_6)","decl":{"start":{"line":19,"column":13},"end":{"line":19,"column":14}},"loc":{"start":{"line":19,"column":28},"end":{"line":19,"column":44}},"line":19},"7":{"name":"(anonymous_7)","decl":{"start":{"line":20,"column":14},"end":{"line":20,"column":15}},"loc":{"start":{"line":20,"column":29},"end":{"line":20,"column":46}},"line":20},"8":{"name":"(anonymous_8)","decl":{"start":{"line":21,"column":14},"end":{"line":21,"column":15}},"loc":{"start":{"line":21,"column":29},"end":{"line":21,"column":46}},"line":21},"9":{"name":"(anonymous_9)","decl":{"start":{"line":22,"column":13},"end":{"line":22,"column":14}},"loc":{"start":{"line":22,"column":28},"end":{"line":22,"column":44}},"line":22}},"branchMap":{},"s":{"0":0,"1":0,"2":0,"3":0,"4":0,"5":0,"6":0,"7":0,"8":0,"9":0,"10":0},"f":{"0":0,"1":0,"2":0,"3":0,"4":0,"5":0,"6":0,"7":0,"8":0,"9":0},"b":{}}
,"/home/runner/work/yoohooguru/yoohooguru/frontend/src/theme/tokens.js": {"path":"/home/runner/work/yoohooguru/yoohooguru/frontend/src/theme/tokens.js","statementMap":{"0":{"start":{"line":1,"column":14},"end":{"line":28,"column":1}}},"fnMap":{},"branchMap":{},"s":{"0":0},"f":{},"b":{}}
,"/home/runner/work/yoohooguru/yoohooguru/frontend/src/utils/http.js": {"path":"/home/runner/work/yoohooguru/yoohooguru/frontend/src/utils/http.js","statementMap":{"0":{"start":{"line":15,"column":2},"end":{"line":29,"column":3}},"1":{"start":{"line":16,"column":21},"end":{"line":19,"column":6}},"2":{"start":{"line":21,"column":4},"end":{"line":23,"column":5}},"3":{"start":{"line":22,"column":6},"end":{"line":22,"column":27}},"4":{"start":{"line":25,"column":4},"end":{"line":25,"column":65}},"5":{"start":{"line":27,"column":4},"end":{"line":27,"column":48}},"6":{"start":{"line":28,"column":4},"end":{"line":28,"column":16}},"7":{"start":{"line":40,"column":2},"end":{"line":59,"column":3}},"8":{"start":{"line":41,"column":21},"end":{"line":49,"column":6}},"9":{"start":{"line":51,"column":4},"end":{"line":53,"column":5}},"10":{"start":{"line":52,"column":6},"end":{"line":52,"column":27}},"11":{"start":{"line":55,"column":4},"end":{"line":55,"column":65}},"12":{"start":{"line":57,"column":4},"end":{"line":57,"column":49}},"13":{"start":{"line":58,"column":4},"end":{"line":58,"column":16}},"14":{"start":{"line":70,"column":2},"end":{"line":89,"column":3}},"15":{"start":{"line":71,"column":21},"end":{"line":79,"column":6}},"16":{"start":{"line":81,"column":4},"end":{"line":83,"column":5}},"17":{"start":{"line":82,"column":6},"end":{"line":82,"column":27}},"18":{"start":{"line":85,"column":4},"end":{"line":85,"column":65}},"19":{"start":{"line":87,"column":4},"end":{"line":87,"column":50}},"20":{"start":{"line":88,"column":4},"end":{"line":88,"column":16}},"21":{"start":{"line":99,"column":2},"end":{"line":113,"column":3}},"22":{"start":{"line":100,"column":21},"end":{"line":103,"column":6}},"23":{"start":{"line":105,"column":4},"end":{"line":107,"column":5}},"24":{"start":{"line":106,"column":6},"end":{"line":106,"column":27}},"25":{"start":{"line":109,"column":4},"end":{"line":109,"column":65}},"26":{"start":{"line":111,"column":4},"end":{"line":111,"column":51}},"27":{"start":{"line":112,"column":4},"end":{"line":112,"column":16}}},"fnMap":{"0":{"name":"get","decl":{"start":{"line":14,"column":22},"end":{"line":14,"column":25}},"loc":{"start":{"line":14,"column":46},"end":{"line":30,"column":1}},"line":14},"1":{"name":"post","decl":{"start":{"line":39,"column":22},"end":{"line":39,"column":26}},"loc":{"start":{"line":39,"column":58},"end":{"line":60,"column":1}},"line":39},"2":{"name":"patch","decl":{"start":{"line":69,"column":22},"end":{"line":69,"column":27}},"loc":{"start":{"line":69,"column":59},"end":{"line":90,"column":1}},"line":69},"3":{"name":"del","decl":{"start":{"line":98,"column":22},"end":{"line":98,"column":25}},"loc":{"start":{"line":98,"column":46},"end":{"line":114,"column":1}},"line":98}},"branchMap":{"0":{"loc":{"start":{"line":14,"column":32},"end":{"line":14,"column":44}},"type":"default-arg","locations":[{"start":{"line":14,"column":42},"end":{"line":14,"column":44}}],"line":14},"1":{"loc":{"start":{"line":21,"column":4},"end":{"line":23,"column":5}},"type":"if","locations":[{"start":{"line":21,"column":4},"end":{"line":23,"column":5}},{"start":{},"end":{}}],"line":21},"2":{"loc":{"start":{"line":25,"column":20},"end":{"line":25,"column":63}},"type":"binary-expr","locations":[{"start":{"line":25,"column":20},"end":{"line":25,"column":43}},{"start":{"line":25,"column":47},"end":{"line":25,"column":63}}],"line":25},"3":{"loc":{"start":{"line":39,"column":33},"end":{"line":39,"column":42}},"type":"default-arg","locations":[{"start":{"line":39,"column":40},"end":{"line":39,"column":42}}],"line":39},"4":{"loc":{"start":{"line":39,"column":44},"end":{"line":39,"column":56}},"type":"default-arg","locations":[{"start":{"line":39,"column":54},"end":{"line":39,"column":56}}],"line":39},"5":{"loc":{"start":{"line":51,"column":4},"end":{"line":53,"column":5}},"type":"if","locations":[{"start":{"line":51,"column":4},"end":{"line":53,"column":5}},{"start":{},"end":{}}],"line":51},"6":{"loc":{"start":{"line":55,"column":20},"end":{"line":55,"column":63}},"type":"binary-expr","locations":[{"start":{"line":55,"column":20},"end":{"line":55,"column":43}},{"start":{"line":55,"column":47},"end":{"line":55,"column":63}}],"line":55},"7":{"loc":{"start":{"line":69,"column":34},"end":{"line":69,"column":43}},"type":"default-arg","locations":[{"start":{"line":69,"column":41},"end":{"line":69,"column":43}}],"line":69},"8":{"loc":{"start":{"line":69,"column":45},"end":{"line":69,"column":57}},"type":"default-arg","locations":[{"start":{"line":69,"column":55},"end":{"line":69,"column":57}}],"line":69},"9":{"loc":{"start":{"line":81,"column":4},"end":{"line":83,"column":5}},"type":"if","locations":[{"start":{"line":81,"column":4},"end":{"line":83,"column":5}},{"start":{},"end":{}}],"line":81},"10":{"loc":{"start":{"line":85,"column":20},"end":{"line":85,"column":63}},"type":"binary-expr","locations":[{"start":{"line":85,"column":20},"end":{"line":85,"column":43}},{"start":{"line":85,"column":47},"end":{"line":85,"column":63}}],"line":85},"11":{"loc":{"start":{"line":98,"column":32},"end":{"line":98,"column":44}},"type":"default-arg","locations":[{"start":{"line":98,"column":42},"end":{"line":98,"column":44}}],"line":98},"12":{"loc":{"start":{"line":105,"column":4},"end":{"line":107,"column":5}},"type":"if","locations":[{"start":{"line":105,"column":4},"end":{"line":107,"column":5}},{"start":{},"end":{}}],"line":105},"13":{"loc":{"start":{"line":109,"column":20},"end":{"line":109,"column":63}},"type":"binary-expr","locations":[{"start":{"line":109,"column":20},"end":{"line":109,"column":43}},{"start":{"line":109,"column":47},"end":{"line":109,"column":63}}],"line":109}},"s":{"0":0,"1":0,"2":0,"3":0,"4":0,"5":0,"6":0,"7":0,"8":0,"9":0,"10":0,"11":0,"12":0,"13":0,"14":0,"15":0,"16":0,"17":0,"18":0,"19":0,"20":0,"21":0,"22":0,"23":0,"24":0,"25":0,"26":0,"27":0},"f":{"0":0,"1":0,"2":0,"3":0},"b":{"0":[0],"1":[0,0],"2":[0,0],"3":[0],"4":[0],"5":[0,0],"6":[0,0],"7":[0],"8":[0],"9":[0,0],"10":[0,0],"11":[0],"12":[0,0],"13":[0,0]}}
}
