TN:
SF:src/App.js
FN:12,App
FNF:1
FNH:0
FNDA:0,App
DA:13,0
LF:1
LH:0
BRF:0
BRH:0
end_of_record
TN:
SF:src/components/AccessibilityToolbar.js
FN:12,(anonymous_0)
FN:15,(anonymous_1)
FN:16,(anonymous_2)
FN:27,(anonymous_3)
FN:31,(anonymous_4)
FN:44,(anonymous_5)
FN:48,(anonymous_6)
FN:55,(anonymous_7)
FN:65,(anonymous_8)
FN:67,(anonymous_9)
FN:76,(anonymous_10)
FN:79,(anonymous_11)
FN:80,(anonymous_12)
FN:89,(anonymous_13)
FN:95,(anonymous_14)
FN:104,(anonymous_15)
FN:105,(anonymous_16)
FN:110,(anonymous_17)
FN:111,(anonymous_18)
FN:115,(anonymous_19)
FN:152,AccessibilityToolbar
FN:162,(anonymous_21)
FN:167,(anonymous_22)
FN:175,(anonymous_23)
FN:180,(anonymous_24)
FN:180,(anonymous_25)
FN:181,(anonymous_26)
FN:183,(anonymous_27)
FN:188,(anonymous_28)
FN:189,(anonymous_29)
FN:199,(anonymous_30)
FN:200,(anonymous_31)
FN:206,(anonymous_32)
FN:216,(anonymous_33)
FN:234,(anonymous_34)
FN:237,(anonymous_35)
FN:241,(anonymous_36)
FN:267,(anonymous_37)
FNF:38
FNH:0
FNDA:0,(anonymous_0)
FNDA:0,(anonymous_1)
FNDA:0,(anonymous_2)
FNDA:0,(anonymous_3)
FNDA:0,(anonymous_4)
FNDA:0,(anonymous_5)
FNDA:0,(anonymous_6)
FNDA:0,(anonymous_7)
FNDA:0,(anonymous_8)
FNDA:0,(anonymous_9)
FNDA:0,(anonymous_10)
FNDA:0,(anonymous_11)
FNDA:0,(anonymous_12)
FNDA:0,(anonymous_13)
FNDA:0,(anonymous_14)
FNDA:0,(anonymous_15)
FNDA:0,(anonymous_16)
FNDA:0,(anonymous_17)
FNDA:0,(anonymous_18)
FNDA:0,(anonymous_19)
FNDA:0,AccessibilityToolbar
FNDA:0,(anonymous_21)
FNDA:0,(anonymous_22)
FNDA:0,(anonymous_23)
FNDA:0,(anonymous_24)
FNDA:0,(anonymous_25)
FNDA:0,(anonymous_26)
FNDA:0,(anonymous_27)
FNDA:0,(anonymous_28)
FNDA:0,(anonymous_29)
FNDA:0,(anonymous_30)
FNDA:0,(anonymous_31)
FNDA:0,(anonymous_32)
FNDA:0,(anonymous_33)
FNDA:0,(anonymous_34)
FNDA:0,(anonymous_35)
FNDA:0,(anonymous_36)
FNDA:0,(anonymous_37)
DA:9,0
DA:12,0
DA:15,0
DA:16,0
DA:24,0
DA:27,0
DA:31,0
DA:44,0
DA:48,0
DA:53,0
DA:55,0
DA:59,0
DA:63,0
DA:65,0
DA:67,0
DA:71,0
DA:76,0
DA:79,0
DA:80,0
DA:89,0
DA:95,0
DA:100,0
DA:104,0
DA:105,0
DA:110,0
DA:111,0
DA:115,0
DA:120,0
DA:153,0
DA:154,0
DA:162,0
DA:163,0
DA:164,0
DA:165,0
DA:166,0
DA:167,0
DA:169,0
DA:175,0
DA:176,0
DA:179,0
DA:180,0
DA:181,0
DA:183,0
DA:184,0
DA:188,0
DA:189,0
DA:190,0
DA:191,0
DA:196,0
DA:199,0
DA:200,0
DA:206,0
DA:207,0
DA:213,0
DA:216,0
DA:217,0
DA:220,0
DA:235,0
DA:238,0
DA:241,0
DA:267,0
LF:61
LH:0
BRDA:12,0,0,0
BRDA:12,0,1,0
BRDA:15,1,0,0
BRDA:15,1,1,0
BRDA:16,2,0,0
BRDA:16,2,1,0
BRDA:27,3,0,0
BRDA:27,3,1,0
BRDA:31,4,0,0
BRDA:31,4,1,0
BRDA:44,5,0,0
BRDA:44,5,1,0
BRDA:48,6,0,0
BRDA:48,6,1,0
BRDA:55,7,0,0
BRDA:55,7,1,0
BRDA:65,8,0,0
BRDA:65,8,1,0
BRDA:67,9,0,0
BRDA:67,9,1,0
BRDA:76,10,0,0
BRDA:76,10,1,0
BRDA:77,11,0,0
BRDA:77,11,1,0
BRDA:78,12,0,0
BRDA:78,12,1,0
BRDA:79,13,0,0
BRDA:79,13,1,0
BRDA:79,14,0,0
BRDA:79,14,1,0
BRDA:80,15,0,0
BRDA:80,15,1,0
BRDA:81,16,0,0
BRDA:81,16,1,0
BRDA:82,17,0,0
BRDA:82,17,1,0
BRDA:89,18,0,0
BRDA:89,18,1,0
BRDA:90,19,0,0
BRDA:90,19,1,0
BRDA:91,20,0,0
BRDA:91,20,1,0
BRDA:95,21,0,0
BRDA:95,21,1,0
BRDA:104,22,0,0
BRDA:104,22,1,0
BRDA:105,23,0,0
BRDA:105,23,1,0
BRDA:110,24,0,0
BRDA:110,24,1,0
BRDA:111,25,0,0
BRDA:111,25,1,0
BRDA:115,26,0,0
BRDA:115,26,1,0
BRDA:164,27,0,0
BRDA:164,27,1,0
BRDA:190,28,0,0
BRDA:190,28,1,0
BRDA:190,29,0,0
BRDA:190,29,1,0
BRDA:225,30,0,0
BRDA:225,30,1,0
BRDA:256,31,0,0
BRDA:256,31,1,0
BRF:64
BRH:0
end_of_record
TN:
SF:src/components/AdminGuard.js
FN:9,AdminGuard
FN:13,(anonymous_1)
FN:14,(anonymous_2)
FNF:3
FNH:0
FNDA:0,AdminGuard
FNDA:0,(anonymous_1)
FNDA:0,(anonymous_2)
DA:10,0
DA:11,0
DA:13,0
DA:14,0
DA:15,0
DA:16,0
DA:21,0
DA:22,0
DA:24,0
DA:25,0
DA:28,0
DA:29,0
DA:30,0
DA:34,0
DA:37,0
DA:38,0
DA:41,0
DA:42,0
DA:45,0
LF:19
LH:0
BRDA:21,0,0,0
BRDA:21,0,1,0
BRDA:37,1,0,0
BRDA:37,1,1,0
BRDA:41,2,0,0
BRDA:41,2,1,0
BRF:6
BRH:0
end_of_record
TN:
SF:src/components/AppRouter.js
FN:290,(anonymous_0)
FN:291,(anonymous_1)
FN:292,(anonymous_2)
FN:293,(anonymous_3)
FN:294,(anonymous_4)
FN:295,(anonymous_5)
FN:296,(anonymous_6)
FN:299,(anonymous_7)
FN:301,(anonymous_8)
FN:301,(anonymous_9)
FN:305,(anonymous_10)
FN:307,(anonymous_11)
FN:307,(anonymous_12)
FN:311,(anonymous_13)
FN:313,(anonymous_14)
FN:317,(anonymous_15)
FN:319,(anonymous_16)
FN:321,(anonymous_17)
FN:325,(anonymous_18)
FN:327,(anonymous_19)
FN:331,(anonymous_20)
FN:333,(anonymous_21)
FN:337,(anonymous_22)
FN:339,(anonymous_23)
FN:344,(anonymous_24)
FN:345,(anonymous_25)
FN:348,(anonymous_26)
FN:349,(anonymous_27)
FN:350,(anonymous_28)
FN:353,(anonymous_29)
FN:356,(anonymous_30)
FN:357,(anonymous_31)
FN:358,(anonymous_32)
FN:359,(anonymous_33)
FN:360,(anonymous_34)
FN:361,(anonymous_35)
FN:362,(anonymous_36)
FN:365,(anonymous_37)
FN:368,(anonymous_38)
FN:369,(anonymous_39)
FN:370,(anonymous_40)
FN:373,(anonymous_41)
FN:376,ProtectedRoute
FN:391,PublicRoute
FN:406,RedirectToMainSite
FN:407,(anonymous_45)
FN:428,AppRouter
FNF:47
FNH:0
FNDA:0,(anonymous_0)
FNDA:0,(anonymous_1)
FNDA:0,(anonymous_2)
FNDA:0,(anonymous_3)
FNDA:0,(anonymous_4)
FNDA:0,(anonymous_5)
FNDA:0,(anonymous_6)
FNDA:0,(anonymous_7)
FNDA:0,(anonymous_8)
FNDA:0,(anonymous_9)
FNDA:0,(anonymous_10)
FNDA:0,(anonymous_11)
FNDA:0,(anonymous_12)
FNDA:0,(anonymous_13)
FNDA:0,(anonymous_14)
FNDA:0,(anonymous_15)
FNDA:0,(anonymous_16)
FNDA:0,(anonymous_17)
FNDA:0,(anonymous_18)
FNDA:0,(anonymous_19)
FNDA:0,(anonymous_20)
FNDA:0,(anonymous_21)
FNDA:0,(anonymous_22)
FNDA:0,(anonymous_23)
FNDA:0,(anonymous_24)
FNDA:0,(anonymous_25)
FNDA:0,(anonymous_26)
FNDA:0,(anonymous_27)
FNDA:0,(anonymous_28)
FNDA:0,(anonymous_29)
FNDA:0,(anonymous_30)
FNDA:0,(anonymous_31)
FNDA:0,(anonymous_32)
FNDA:0,(anonymous_33)
FNDA:0,(anonymous_34)
FNDA:0,(anonymous_35)
FNDA:0,(anonymous_36)
FNDA:0,(anonymous_37)
FNDA:0,(anonymous_38)
FNDA:0,(anonymous_39)
FNDA:0,(anonymous_40)
FNDA:0,(anonymous_41)
FNDA:0,ProtectedRoute
FNDA:0,PublicRoute
FNDA:0,RedirectToMainSite
FNDA:0,(anonymous_45)
FNDA:0,AppRouter
DA:16,0
DA:290,0
DA:291,0
DA:292,0
DA:293,0
DA:294,0
DA:295,0
DA:296,0
DA:299,0
DA:300,0
DA:301,0
DA:305,0
DA:306,0
DA:307,0
DA:311,0
DA:312,0
DA:313,0
DA:317,0
DA:319,0
DA:320,0
DA:321,0
DA:325,0
DA:326,0
DA:327,0
DA:331,0
DA:332,0
DA:333,0
DA:337,0
DA:338,0
DA:339,0
DA:344,0
DA:345,0
DA:348,0
DA:349,0
DA:350,0
DA:353,0
DA:356,0
DA:357,0
DA:358,0
DA:359,0
DA:360,0
DA:361,0
DA:362,0
DA:365,0
DA:368,0
DA:369,0
DA:370,0
DA:373,0
DA:377,0
DA:379,0
DA:380,0
DA:383,0
DA:384,0
DA:387,0
DA:392,0
DA:394,0
DA:395,0
DA:398,0
DA:399,0
DA:402,0
DA:407,0
DA:408,0
DA:411,0
DA:429,0
DA:432,0
DA:433,0
DA:435,0
DA:472,0
LF:68
LH:0
BRDA:379,0,0,0
BRDA:379,0,1,0
BRDA:383,1,0,0
BRDA:383,1,1,0
BRDA:394,2,0,0
BRDA:394,2,1,0
BRDA:398,3,0,0
BRDA:398,3,1,0
BRDA:432,4,0,0
BRDA:432,4,1,0
BRF:10
BRH:0
end_of_record
TN:
SF:src/components/BadgeDisplay.js
FN:35,(anonymous_0)
FN:38,(anonymous_1)
FN:45,(anonymous_2)
FN:53,(anonymous_3)
FN:73,(anonymous_4)
FN:193,BadgeDisplay
FN:200,(anonymous_6)
FN:209,(anonymous_7)
FN:230,(anonymous_8)
FN:255,(anonymous_9)
FN:276,(anonymous_10)
FN:353,(anonymous_11)
FN:362,(anonymous_12)
FN:393,(anonymous_13)
FN:405,(anonymous_14)
FNF:15
FNH:0
FNDA:0,(anonymous_0)
FNDA:0,(anonymous_1)
FNDA:0,(anonymous_2)
FNDA:0,(anonymous_3)
FNDA:0,(anonymous_4)
FNDA:0,BadgeDisplay
FNDA:0,(anonymous_6)
FNDA:0,(anonymous_7)
FNDA:0,(anonymous_8)
FNDA:0,(anonymous_9)
FNDA:0,(anonymous_10)
FNDA:0,(anonymous_11)
FNDA:0,(anonymous_12)
FNDA:0,(anonymous_13)
FNDA:0,(anonymous_14)
DA:5,0
DA:13,0
DA:27,0
DA:34,0
DA:35,0
DA:38,0
DA:45,0
DA:53,0
DA:59,0
DA:66,0
DA:73,0
DA:78,0
DA:85,0
DA:92,0
DA:117,0
DA:129,0
DA:152,0
DA:172,0
DA:194,0
DA:195,0
DA:196,0
DA:197,0
DA:198,0
DA:200,0
DA:201,0
DA:202,0
DA:204,0
DA:205,0
DA:209,0
DA:210,0
DA:211,0
DA:212,0
DA:221,0
DA:222,0
DA:223,0
DA:226,0
DA:230,0
DA:231,0
DA:232,0
DA:233,0
DA:235,0
DA:237,0
DA:238,0
DA:244,0
DA:245,0
DA:246,0
DA:249,0
DA:251,0
DA:255,0
DA:256,0
DA:258,0
DA:259,0
DA:260,0
DA:261,0
DA:264,0
DA:266,0
DA:267,0
DA:269,0
DA:270,0
DA:272,0
DA:276,0
DA:277,0
DA:279,0
DA:280,0
DA:288,0
DA:289,0
DA:297,0
DA:298,0
DA:305,0
DA:312,0
DA:313,0
DA:325,0
DA:326,0
DA:340,0
DA:354,0
DA:355,0
DA:363,0
DA:364,0
DA:394,0
DA:395,0
DA:406,0
LF:81
LH:0
BRDA:35,0,0,0
BRDA:35,0,1,0
BRDA:38,1,0,0
BRDA:38,1,1,0
BRDA:45,2,0,0
BRDA:45,2,1,0
BRDA:53,3,0,0
BRDA:53,3,1,0
BRDA:73,4,0,0
BRDA:73,4,1,0
BRDA:193,5,0,0
BRDA:201,6,0,0
BRDA:201,6,1,0
BRDA:204,7,0,0
BRDA:204,7,1,0
BRDA:204,8,0,0
BRDA:204,8,1,0
BRDA:211,9,0,0
BRDA:211,9,1,0
BRDA:211,10,0,0
BRDA:211,10,1,0
BRDA:213,11,0,0
BRDA:213,11,1,0
BRDA:216,12,0,0
BRDA:216,12,1,0
BRDA:221,13,0,0
BRDA:221,13,1,0
BRDA:233,14,0,0
BRDA:233,14,1,0
BRDA:233,15,0,0
BRDA:233,15,1,0
BRDA:235,16,0,0
BRDA:235,16,1,0
BRDA:237,17,0,0
BRDA:237,17,1,0
BRDA:240,18,0,0
BRDA:240,18,1,0
BRDA:244,19,0,0
BRDA:244,19,1,0
BRDA:246,20,0,0
BRDA:246,20,1,0
BRDA:256,21,0,0
BRDA:256,21,1,0
BRDA:256,22,0,0
BRDA:256,22,1,0
BRDA:260,23,0,0
BRDA:260,23,1,0
BRDA:279,24,0,0
BRDA:279,24,1,0
BRDA:288,25,0,0
BRDA:288,25,1,0
BRDA:297,26,0,0
BRDA:297,26,1,0
BRDA:312,27,0,0
BRDA:312,27,1,0
BRDA:325,28,0,0
BRDA:325,28,1,0
BRDA:325,29,0,0
BRDA:325,29,1,0
BRDA:344,30,0,0
BRDA:344,30,1,0
BRDA:352,31,0,0
BRDA:352,31,1,0
BRDA:361,32,0,0
BRDA:361,32,1,0
BRDA:363,33,0,0
BRDA:363,33,1,0
BRDA:363,34,0,0
BRDA:363,34,1,0
BRDA:368,35,0,0
BRDA:368,35,1,0
BRDA:383,36,0,0
BRDA:383,36,1,0
BRDA:390,37,0,0
BRDA:390,37,1,0
BRDA:390,37,2,0
BRDA:398,38,0,0
BRDA:398,38,1,0
BRDA:407,39,0,0
BRDA:407,39,1,0
BRDA:409,40,0,0
BRDA:409,40,1,0
BRDA:412,41,0,0
BRDA:412,41,1,0
BRDA:413,42,0,0
BRDA:413,42,1,0
BRDA:413,42,2,0
BRDA:415,43,0,0
BRDA:415,43,1,0
BRDA:419,44,0,0
BRDA:419,44,1,0
BRF:91
BRH:0
end_of_record
TN:
SF:src/components/Button.js
FN:14,(anonymous_0)
FN:17,(anonymous_1)
FN:18,(anonymous_2)
FN:19,(anonymous_3)
FN:20,(anonymous_4)
FN:40,(anonymous_5)
FN:70,(anonymous_6)
FN:127,Button
FNF:8
FNH:8
FNDA:27,(anonymous_0)
FNDA:27,(anonymous_1)
FNDA:27,(anonymous_2)
FNDA:27,(anonymous_3)
FNDA:27,(anonymous_4)
FNDA:27,(anonymous_5)
FNDA:27,(anonymous_6)
FNDA:27,Button
DA:4,2
DA:14,27
DA:17,27
DA:18,27
DA:19,27
DA:20,27
DA:41,27
DA:43,0
DA:49,18
DA:55,0
DA:61,9
DA:70,27
DA:73,2
DA:83,2
DA:92,2
DA:103,2
DA:114,2
DA:140,27
DA:147,27
LF:19
LH:17
BRDA:41,0,0,0
BRDA:41,0,1,18
BRDA:41,0,2,0
BRDA:41,0,3,9
BRDA:70,1,0,27
BRDA:70,1,1,0
BRDA:129,2,0,9
BRDA:130,3,0,9
BRDA:131,4,0,27
BRDA:132,5,0,18
BRDA:133,6,0,9
BRDA:135,7,0,18
BRDA:140,8,0,27
BRDA:140,8,1,0
BRDA:152,9,0,27
BRDA:152,9,1,18
BRDA:158,10,0,27
BRDA:158,10,1,0
BRF:18
BRH:13
end_of_record
TN:
SF:src/components/CitySelectionModal.js
FN:175,CitySelectionModal
FN:181,(anonymous_1)
FN:185,(anonymous_2)
FN:190,(anonymous_3)
FN:197,(anonymous_4)
FN:226,(anonymous_5)
FN:227,(anonymous_6)
FN:241,(anonymous_7)
FN:246,(anonymous_8)
FN:249,(anonymous_9)
FNF:10
FNH:0
FNDA:0,CitySelectionModal
FNDA:0,(anonymous_1)
FNDA:0,(anonymous_2)
FNDA:0,(anonymous_3)
FNDA:0,(anonymous_4)
FNDA:0,(anonymous_5)
FNDA:0,(anonymous_6)
FNDA:0,(anonymous_7)
FNDA:0,(anonymous_8)
FNDA:0,(anonymous_9)
DA:6,0
DA:20,0
DA:31,0
DA:63,0
DA:67,0
DA:106,0
DA:115,0
DA:122,0
DA:144,0
DA:152,0
DA:176,0
DA:177,0
DA:179,0
DA:181,0
DA:182,0
DA:185,0
DA:186,0
DA:187,0
DA:190,0
DA:191,0
DA:192,0
DA:193,0
DA:197,0
DA:198,0
DA:199,0
DA:203,0
DA:226,0
DA:227,0
DA:241,0
DA:247,0
DA:249,0
LF:31
LH:0
BRDA:179,0,0,0
BRDA:179,0,1,0
BRDA:191,1,0,0
BRDA:191,1,1,0
BRDA:198,2,0,0
BRDA:198,2,1,0
BRDA:227,3,0,0
BRDA:227,3,1,0
BRF:8
BRH:0
end_of_record
TN:
SF:src/components/ComingSoon.js
FN:23,ComingSoon
FNF:1
FNH:0
FNDA:0,ComingSoon
DA:4,0
DA:24,0
DA:26,0
LF:3
LH:0
BRDA:23,0,0,0
BRDA:23,1,0,0
BRDA:24,2,0,0
BRDA:24,2,1,0
BRF:4
BRH:0
end_of_record
TN:
SF:src/components/ComplianceDashboard.js
FN:37,(anonymous_0)
FN:37,(anonymous_1)
FN:65,(anonymous_2)
FN:102,(anonymous_3)
FN:107,(anonymous_4)
FN:112,(anonymous_5)
FN:127,(anonymous_6)
FN:203,(anonymous_7)
FN:230,ComplianceDashboard
FN:236,(anonymous_9)
FN:242,(anonymous_10)
FN:267,(anonymous_11)
FN:287,(anonymous_12)
FN:320,(anonymous_13)
FN:323,(anonymous_14)
FN:393,(anonymous_15)
FN:417,(anonymous_16)
FN:420,(anonymous_17)
FN:429,(anonymous_18)
FN:432,(anonymous_19)
FN:441,(anonymous_20)
FN:444,(anonymous_21)
FN:453,(anonymous_22)
FN:456,(anonymous_23)
FN:465,(anonymous_24)
FN:468,(anonymous_25)
FN:477,(anonymous_26)
FNF:27
FNH:0
FNDA:0,(anonymous_0)
FNDA:0,(anonymous_1)
FNDA:0,(anonymous_2)
FNDA:0,(anonymous_3)
FNDA:0,(anonymous_4)
FNDA:0,(anonymous_5)
FNDA:0,(anonymous_6)
FNDA:0,(anonymous_7)
FNDA:0,ComplianceDashboard
FNDA:0,(anonymous_9)
FNDA:0,(anonymous_10)
FNDA:0,(anonymous_11)
FNDA:0,(anonymous_12)
FNDA:0,(anonymous_13)
FNDA:0,(anonymous_14)
FNDA:0,(anonymous_15)
FNDA:0,(anonymous_16)
FNDA:0,(anonymous_17)
FNDA:0,(anonymous_18)
FNDA:0,(anonymous_19)
FNDA:0,(anonymous_20)
FNDA:0,(anonymous_21)
FNDA:0,(anonymous_22)
FNDA:0,(anonymous_23)
FNDA:0,(anonymous_24)
FNDA:0,(anonymous_25)
FNDA:0,(anonymous_26)
DA:6,0
DA:12,0
DA:17,0
DA:23,0
DA:29,0
DA:36,0
DA:37,0
DA:45,0
DA:51,0
DA:56,0
DA:63,0
DA:66,0
DA:76,0
DA:83,0
DA:87,0
DA:94,0
DA:102,0
DA:107,0
DA:112,0
DA:118,0
DA:123,0
DA:128,0
DA:140,0
DA:144,0
DA:148,0
DA:157,0
DA:181,0
DA:203,0
DA:211,0
DA:220,0
DA:231,0
DA:232,0
DA:233,0
DA:234,0
DA:236,0
DA:237,0
DA:238,0
DA:242,0
DA:243,0
DA:244,0
DA:245,0
DA:247,0
DA:253,0
DA:254,0
DA:255,0
DA:257,0
DA:260,0
DA:261,0
DA:263,0
DA:267,0
DA:268,0
DA:275,0
DA:287,0
DA:288,0
DA:320,0
DA:323,0
DA:325,0
DA:328,0
DA:329,0
DA:338,0
DA:339,0
DA:348,0
DA:349,0
DA:359,0
DA:361,0
DA:394,0
DA:418,0
DA:421,0
DA:430,0
DA:433,0
DA:442,0
DA:445,0
DA:454,0
DA:457,0
DA:466,0
DA:469,0
DA:477,0
LF:77
LH:0
BRDA:37,0,0,0
BRDA:37,0,1,0
BRDA:37,1,0,0
BRDA:37,1,1,0
BRDA:66,2,0,0
BRDA:66,2,1,0
BRDA:67,3,0,0
BRDA:67,3,1,0
BRDA:102,4,0,0
BRDA:102,4,1,0
BRDA:107,5,0,0
BRDA:107,5,1,0
BRDA:112,6,0,0
BRDA:112,6,1,0
BRDA:128,7,0,0
BRDA:128,7,1,0
BRDA:129,8,0,0
BRDA:129,8,1,0
BRDA:203,9,0,0
BRDA:203,9,1,0
BRDA:237,10,0,0
BRDA:237,10,1,0
BRDA:253,11,0,0
BRDA:253,11,1,0
BRDA:268,12,0,0
BRDA:268,12,1,0
BRDA:268,12,2,0
BRDA:268,12,3,0
BRDA:268,12,4,0
BRDA:268,12,5,0
BRDA:268,12,6,0
BRDA:268,12,7,0
BRDA:268,12,8,0
BRDA:268,12,9,0
BRDA:268,12,10,0
BRDA:278,13,0,0
BRDA:278,13,1,0
BRDA:280,14,0,0
BRDA:280,14,1,0
BRDA:320,15,0,0
BRDA:320,15,1,0
BRDA:328,16,0,0
BRDA:328,16,1,0
BRDA:338,17,0,0
BRDA:338,17,1,0
BRDA:348,18,0,0
BRDA:348,18,1,0
BRDA:414,19,0,0
BRDA:414,19,1,0
BRDA:426,20,0,0
BRDA:426,20,1,0
BRDA:438,21,0,0
BRDA:438,21,1,0
BRDA:450,22,0,0
BRDA:450,22,1,0
BRDA:462,23,0,0
BRDA:462,23,1,0
BRDA:462,23,2,0
BRDA:462,23,3,0
BRDA:476,24,0,0
BRDA:476,24,1,0
BRDA:480,25,0,0
BRDA:480,25,1,0
BRDA:482,26,0,0
BRDA:482,26,1,0
BRF:65
BRH:0
end_of_record
TN:
SF:src/components/ComplianceSetup.js
FN:38,(anonymous_0)
FN:49,(anonymous_1)
FN:66,(anonymous_2)
FN:131,(anonymous_3)
FN:143,(anonymous_4)
FN:155,(anonymous_5)
FN:200,(anonymous_6)
FN:204,(anonymous_7)
FN:210,(anonymous_8)
FN:216,(anonymous_9)
FN:229,ComplianceSetup
FN:238,(anonymous_11)
FN:243,(anonymous_12)
FN:249,(anonymous_13)
FN:255,(anonymous_14)
FN:261,(anonymous_15)
FN:267,(anonymous_16)
FN:271,(anonymous_17)
FN:277,(anonymous_18)
FN:280,(anonymous_19)
FN:285,(anonymous_20)
FN:310,(anonymous_21)
FN:332,(anonymous_22)
FN:348,(anonymous_23)
FN:350,(anonymous_24)
FN:354,(anonymous_25)
FN:374,(anonymous_26)
FN:380,(anonymous_27)
FN:384,(anonymous_28)
FN:393,(anonymous_29)
FN:406,(anonymous_30)
FN:456,(anonymous_31)
FN:492,(anonymous_32)
FN:502,(anonymous_33)
FN:520,(anonymous_34)
FNF:35
FNH:0
FNDA:0,(anonymous_0)
FNDA:0,(anonymous_1)
FNDA:0,(anonymous_2)
FNDA:0,(anonymous_3)
FNDA:0,(anonymous_4)
FNDA:0,(anonymous_5)
FNDA:0,(anonymous_6)
FNDA:0,(anonymous_7)
FNDA:0,(anonymous_8)
FNDA:0,(anonymous_9)
FNDA:0,ComplianceSetup
FNDA:0,(anonymous_11)
FNDA:0,(anonymous_12)
FNDA:0,(anonymous_13)
FNDA:0,(anonymous_14)
FNDA:0,(anonymous_15)
FNDA:0,(anonymous_16)
FNDA:0,(anonymous_17)
FNDA:0,(anonymous_18)
FNDA:0,(anonymous_19)
FNDA:0,(anonymous_20)
FNDA:0,(anonymous_21)
FNDA:0,(anonymous_22)
FNDA:0,(anonymous_23)
FNDA:0,(anonymous_24)
FNDA:0,(anonymous_25)
FNDA:0,(anonymous_26)
FNDA:0,(anonymous_27)
FNDA:0,(anonymous_28)
FNDA:0,(anonymous_29)
FNDA:0,(anonymous_30)
FNDA:0,(anonymous_31)
FNDA:0,(anonymous_32)
FNDA:0,(anonymous_33)
FNDA:0,(anonymous_34)
DA:7,0
DA:13,0
DA:18,0
DA:24,0
DA:30,0
DA:36,0
DA:39,0
DA:49,0
DA:55,0
DA:62,0
DA:67,0
DA:79,0
DA:83,0
DA:89,0
DA:95,0
DA:116,0
DA:122,0
DA:126,0
DA:131,0
DA:143,0
DA:154,0
DA:156,0
DA:186,0
DA:195,0
DA:200,0
DA:203,0
DA:205,0
DA:211,0
DA:217,0
DA:230,0
DA:231,0
DA:232,0
DA:233,0
DA:234,0
DA:235,0
DA:236,0
DA:238,0
DA:243,0
DA:249,0
DA:255,0
DA:261,0
DA:267,0
DA:271,0
DA:272,0
DA:273,0
DA:277,0
DA:278,0
DA:280,0
DA:281,0
DA:285,0
DA:286,0
DA:287,0
DA:288,0
DA:290,0
DA:296,0
DA:297,0
DA:298,0
DA:300,0
DA:303,0
DA:304,0
DA:306,0
DA:310,0
DA:311,0
DA:313,0
DA:314,0
DA:316,0
DA:317,0
DA:319,0
DA:320,0
DA:322,0
DA:323,0
DA:325,0
DA:326,0
DA:328,0
DA:332,0
DA:333,0
DA:334,0
DA:335,0
DA:336,0
DA:338,0
DA:339,0
DA:342,0
DA:344,0
DA:348,0
DA:349,0
DA:350,0
DA:351,0
DA:354,0
DA:355,0
DA:357,0
DA:364,0
DA:365,0
DA:367,0
DA:369,0
DA:372,0
DA:375,0
DA:381,0
DA:384,0
DA:393,0
DA:394,0
DA:406,0
DA:409,0
DA:410,0
DA:419,0
DA:420,0
DA:429,0
DA:430,0
DA:432,0
DA:457,0
DA:458,0
DA:460,0
DA:494,0
DA:502,0
DA:520,0
LF:114
LH:0
BRDA:39,0,0,0
BRDA:39,0,1,0
BRDA:40,1,0,0
BRDA:40,1,1,0
BRDA:49,2,0,0
BRDA:49,2,1,0
BRDA:67,3,0,0
BRDA:67,3,1,0
BRDA:68,4,0,0
BRDA:68,4,1,0
BRDA:131,5,0,0
BRDA:131,5,1,0
BRDA:143,6,0,0
BRDA:143,6,1,0
BRDA:156,7,0,0
BRDA:156,7,1,0
BRDA:157,8,0,0
BRDA:157,8,1,0
BRDA:205,9,0,0
BRDA:205,9,1,0
BRDA:206,10,0,0
BRDA:206,10,1,0
BRDA:207,11,0,0
BRDA:207,11,1,0
BRDA:211,12,0,0
BRDA:211,12,1,0
BRDA:212,13,0,0
BRDA:212,13,1,0
BRDA:213,14,0,0
BRDA:213,14,1,0
BRDA:217,15,0,0
BRDA:217,15,1,0
BRDA:218,16,0,0
BRDA:218,16,1,0
BRDA:219,17,0,0
BRDA:219,17,1,0
BRDA:243,18,0,0
BRDA:243,18,1,0
BRDA:249,19,0,0
BRDA:249,19,1,0
BRDA:255,20,0,0
BRDA:255,20,1,0
BRDA:261,21,0,0
BRDA:261,21,1,0
BRDA:272,22,0,0
BRDA:272,22,1,0
BRDA:272,23,0,0
BRDA:272,23,1,0
BRDA:278,24,0,0
BRDA:278,24,1,0
BRDA:281,25,0,0
BRDA:281,25,1,0
BRDA:296,26,0,0
BRDA:296,26,1,0
BRDA:311,27,0,0
BRDA:311,27,1,0
BRDA:311,27,2,0
BRDA:311,27,3,0
BRDA:311,27,4,0
BRDA:311,27,5,0
BRDA:338,28,0,0
BRDA:338,28,1,0
BRDA:349,29,0,0
BRDA:349,29,1,0
BRDA:355,30,0,0
BRDA:355,30,1,0
BRDA:365,31,0,0
BRDA:365,31,1,0
BRDA:367,32,0,0
BRDA:367,32,1,0
BRDA:367,32,2,0
BRDA:367,32,3,0
BRDA:367,32,4,0
BRDA:369,33,0,0
BRDA:369,33,1,0
BRDA:369,33,2,0
BRDA:369,33,3,0
BRDA:369,33,4,0
BRDA:406,34,0,0
BRDA:406,34,1,0
BRDA:409,35,0,0
BRDA:409,35,1,0
BRDA:419,36,0,0
BRDA:419,36,1,0
BRDA:441,37,0,0
BRDA:441,37,1,0
BRDA:464,38,0,0
BRDA:464,38,1,0
BRDA:472,39,0,0
BRDA:472,39,1,0
BRDA:473,40,0,0
BRDA:473,40,1,0
BRDA:476,41,0,0
BRDA:476,41,1,0
BRDA:477,42,0,0
BRDA:477,42,1,0
BRDA:483,43,0,0
BRDA:483,43,1,0
BRDA:483,43,2,0
BRDA:485,44,0,0
BRDA:485,44,1,0
BRDA:487,45,0,0
BRDA:487,45,1,0
BRDA:499,46,0,0
BRDA:499,46,1,0
BRDA:499,46,2,0
BRDA:505,47,0,0
BRDA:505,47,1,0
BRDA:517,48,0,0
BRDA:517,48,1,0
BRF:110
BRH:0
end_of_record
TN:
SF:src/components/EarningsEstimator.js
FN:8,(anonymous_0)
FN:12,(anonymous_1)
FN:21,(anonymous_2)
FN:30,(anonymous_3)
FN:48,(anonymous_4)
FN:55,(anonymous_5)
FN:57,(anonymous_6)
FN:58,(anonymous_7)
FN:63,(anonymous_8)
FN:70,(anonymous_9)
FN:83,(anonymous_10)
FN:89,(anonymous_11)
FN:92,(anonymous_12)
FN:103,(anonymous_13)
FN:129,(anonymous_14)
FN:135,(anonymous_15)
FN:141,(anonymous_16)
FN:151,(anonymous_17)
FN:171,(anonymous_18)
FN:176,(anonymous_19)
FN:182,(anonymous_20)
FN:213,EarningsEstimator
FN:225,(anonymous_22)
FN:226,(anonymous_23)
FN:247,(anonymous_24)
FN:251,(anonymous_25)
FN:252,(anonymous_26)
FN:271,(anonymous_27)
FN:275,(anonymous_28)
FN:292,(anonymous_29)
FN:302,(anonymous_30)
FN:316,(anonymous_31)
FN:351,(anonymous_32)
FN:365,(anonymous_33)
FNF:34
FNH:0
FNDA:0,(anonymous_0)
FNDA:0,(anonymous_1)
FNDA:0,(anonymous_2)
FNDA:0,(anonymous_3)
FNDA:0,(anonymous_4)
FNDA:0,(anonymous_5)
FNDA:0,(anonymous_6)
FNDA:0,(anonymous_7)
FNDA:0,(anonymous_8)
FNDA:0,(anonymous_9)
FNDA:0,(anonymous_10)
FNDA:0,(anonymous_11)
FNDA:0,(anonymous_12)
FNDA:0,(anonymous_13)
FNDA:0,(anonymous_14)
FNDA:0,(anonymous_15)
FNDA:0,(anonymous_16)
FNDA:0,(anonymous_17)
FNDA:0,(anonymous_18)
FNDA:0,(anonymous_19)
FNDA:0,(anonymous_20)
FNDA:0,EarningsEstimator
FNDA:0,(anonymous_22)
FNDA:0,(anonymous_23)
FNDA:0,(anonymous_24)
FNDA:0,(anonymous_25)
FNDA:0,(anonymous_26)
FNDA:0,(anonymous_27)
FNDA:0,(anonymous_28)
FNDA:0,(anonymous_29)
FNDA:0,(anonymous_30)
FNDA:0,(anonymous_31)
FNDA:0,(anonymous_32)
FNDA:0,(anonymous_33)
DA:7,0
DA:8,0
DA:12,0
DA:15,0
DA:21,0
DA:30,0
DA:35,0
DA:42,0
DA:48,0
DA:55,0
DA:57,0
DA:58,0
DA:63,0
DA:70,0
DA:75,0
DA:82,0
DA:83,0
DA:89,0
DA:92,0
DA:103,0
DA:108,0
DA:116,0
DA:123,0
DA:129,0
DA:135,0
DA:141,0
DA:146,0
DA:151,0
DA:159,0
DA:166,0
DA:171,0
DA:176,0
DA:182,0
DA:214,0
DA:215,0
DA:216,0
DA:217,0
DA:218,0
DA:225,0
DA:226,0
DA:227,0
DA:229,0
DA:230,0
DA:231,0
DA:232,0
DA:234,0
DA:235,0
DA:236,0
DA:237,0
DA:239,0
DA:247,0
DA:248,0
DA:251,0
DA:252,0
DA:254,0
DA:272,0
DA:275,0
DA:292,0
DA:302,0
DA:316,0
DA:351,0
DA:366,0
LF:62
LH:0
BRDA:83,0,0,0
BRDA:83,0,1,0
BRDA:89,1,0,0
BRDA:89,1,1,0
BRDA:227,2,0,0
BRDA:227,2,1,0
BRDA:358,3,0,0
BRDA:358,3,1,0
BRF:8
BRH:0
end_of_record
TN:
SF:src/components/ErrorBoundary.js
FN:12,(anonymous_0)
FN:14,(anonymous_1)
FN:18,(anonymous_2)
FN:24,(anonymous_3)
FN:31,(anonymous_4)
FN:40,(anonymous_5)
FN:45,(anonymous_6)
FN:50,(anonymous_7)
FN:55,(anonymous_8)
FN:70,(anonymous_9)
FN:85,(anonymous_10)
FN:90,(anonymous_11)
FN:95,(anonymous_12)
FNF:13
FNH:12
FNDA:12,(anonymous_0)
FNDA:12,(anonymous_1)
FNDA:12,(anonymous_2)
FNDA:14,(anonymous_3)
FNDA:12,(anonymous_4)
FNDA:12,(anonymous_5)
FNDA:10,(anonymous_6)
FNDA:8,(anonymous_7)
FNDA:4,(anonymous_8)
FNDA:4,(anonymous_9)
FNDA:21,(anonymous_10)
FNDA:0,(anonymous_11)
FNDA:21,(anonymous_12)
DA:4,1
DA:12,12
DA:14,12
DA:17,1
DA:18,12
DA:23,1
DA:24,14
DA:30,1
DA:31,12
DA:40,12
DA:46,10
DA:47,9
DA:52,8
DA:57,4
DA:60,4
DA:63,4
DA:72,4
DA:82,4
DA:83,4
DA:85,4
DA:86,21
DA:92,0
DA:96,21
DA:98,12
DA:140,9
LF:25
LH:24
BRDA:12,0,0,12
BRDA:12,0,1,12
BRDA:14,1,0,12
BRDA:14,1,1,12
BRDA:18,2,0,12
BRDA:18,2,1,12
BRDA:24,3,0,14
BRDA:24,3,1,14
BRDA:31,4,0,12
BRDA:31,4,1,12
BRDA:40,5,0,12
BRDA:40,5,1,12
BRDA:82,6,0,4
BRDA:82,6,1,0
BRDA:83,7,0,4
BRDA:83,7,1,0
BRDA:86,8,0,21
BRDA:86,8,1,19
BRDA:96,9,0,12
BRDA:96,9,1,9
BRDA:101,10,0,2
BRDA:101,10,1,10
BRDA:104,11,0,2
BRDA:104,11,1,10
BRDA:109,12,0,12
BRDA:109,12,1,2
BRDA:117,13,0,12
BRDA:117,13,1,0
BRDA:130,14,0,0
BRDA:130,14,1,0
BRF:30
BRH:25
end_of_record
TN:
SF:src/components/Footer.js
FN:98,Footer
FNF:1
FNH:0
FNDA:0,Footer
DA:6,0
DA:14,0
DA:20,0
DA:32,0
DA:58,0
DA:68,0
DA:83,0
DA:99,0
LF:8
LH:0
BRDA:151,0,0,0
BRDA:151,0,1,0
BRF:2
BRH:0
end_of_record
TN:
SF:src/components/Header.js
FN:35,(anonymous_0)
FN:56,(anonymous_1)
FN:88,(anonymous_2)
FN:120,(anonymous_3)
FN:140,Header
FN:147,(anonymous_5)
FN:157,(anonymous_6)
FN:174,(anonymous_7)
FN:181,(anonymous_8)
FN:188,(anonymous_9)
FN:195,(anonymous_10)
FN:203,(anonymous_11)
FN:213,(anonymous_12)
FN:220,(anonymous_13)
FN:237,(anonymous_14)
FN:245,(anonymous_15)
FN:265,(anonymous_16)
FN:272,(anonymous_17)
FN:280,(anonymous_18)
FNF:19
FNH:0
FNDA:0,(anonymous_0)
FNDA:0,(anonymous_1)
FNDA:0,(anonymous_2)
FNDA:0,(anonymous_3)
FNDA:0,Header
FNDA:0,(anonymous_5)
FNDA:0,(anonymous_6)
FNDA:0,(anonymous_7)
FNDA:0,(anonymous_8)
FNDA:0,(anonymous_9)
FNDA:0,(anonymous_10)
FNDA:0,(anonymous_11)
FNDA:0,(anonymous_12)
FNDA:0,(anonymous_13)
FNDA:0,(anonymous_14)
FNDA:0,(anonymous_15)
FNDA:0,(anonymous_16)
FNDA:0,(anonymous_17)
FNDA:0,(anonymous_18)
DA:10,0
DA:20,0
DA:29,0
DA:35,0
DA:50,0
DA:56,0
DA:70,0
DA:77,0
DA:88,0
DA:95,0
DA:109,0
DA:120,0
DA:127,0
DA:141,0
DA:142,0
DA:143,0
DA:144,0
DA:145,0
DA:147,0
DA:148,0
DA:149,0
DA:150,0
DA:151,0
DA:153,0
DA:157,0
DA:158,0
DA:160,0
DA:174,0
DA:181,0
DA:188,0
DA:195,0
DA:203,0
DA:213,0
DA:220,0
DA:237,0
DA:246,0
DA:247,0
DA:265,0
DA:272,0
DA:280,0
LF:40
LH:0
BRDA:35,0,0,0
BRDA:35,0,1,0
BRDA:173,1,0,0
BRDA:173,1,1,0
BRDA:180,2,0,0
BRDA:180,2,1,0
BRDA:187,3,0,0
BRDA:187,3,1,0
BRDA:194,4,0,0
BRDA:194,4,1,0
BRDA:199,5,0,0
BRDA:199,5,1,0
BRDA:202,6,0,0
BRDA:202,6,1,0
BRDA:208,7,0,0
BRDA:208,7,1,0
BRDA:212,8,0,0
BRDA:212,8,1,0
BRDA:219,9,0,0
BRDA:219,9,1,0
BRDA:234,10,0,0
BRDA:234,10,1,0
BRDA:240,11,0,0
BRDA:240,11,1,0
BRDA:240,11,2,0
BRDA:240,11,3,0
BRDA:243,12,0,0
BRDA:243,12,1,0
BRDA:281,13,0,0
BRDA:281,13,1,0
BRDA:283,14,0,0
BRDA:283,14,1,0
BRF:32
BRH:0
end_of_record
TN:
SF:src/components/HeroArt.js
FN:17,(anonymous_0)
FN:33,(anonymous_1)
FN:36,(anonymous_2)
FNF:3
FNH:0
FNDA:0,(anonymous_0)
FNDA:0,(anonymous_1)
FNDA:0,(anonymous_2)
DA:4,0
DA:11,0
DA:17,0
DA:20,0
DA:33,0
DA:36,0
DA:37,0
LF:7
LH:0
BRDA:39,0,0,0
BRDA:39,0,1,0
BRDA:42,1,0,0
BRDA:42,1,1,0
BRF:4
BRH:0
end_of_record
TN:
SF:src/components/HostSubdomainRouterGate.js
FN:10,HostSubdomainRouterGate
FN:14,(anonymous_1)
FNF:2
FNH:0
FNDA:0,HostSubdomainRouterGate
FNDA:0,(anonymous_1)
DA:11,0
DA:12,0
DA:14,0
DA:15,0
DA:16,0
DA:19,0
DA:20,0
DA:21,0
DA:26,0
LF:9
LH:0
BRDA:19,0,0,0
BRDA:19,0,1,0
BRDA:19,1,0,0
BRDA:19,1,1,0
BRF:4
BRH:0
end_of_record
TN:
SF:src/components/Layout.js
FN:18,Layout
FNF:1
FNH:0
FNDA:0,Layout
DA:7,0
DA:13,0
DA:19,0
LF:3
LH:0
BRF:0
BRH:0
end_of_record
TN:
SF:src/components/LiabilityEnhancementDemo.js
FN:138,LiabilityEnhancementDemo
FN:187,(anonymous_1)
FN:193,(anonymous_2)
FN:206,(anonymous_3)
FN:241,(anonymous_4)
FN:271,(anonymous_5)
FNF:6
FNH:0
FNDA:0,LiabilityEnhancementDemo
FNDA:0,(anonymous_1)
FNDA:0,(anonymous_2)
FNDA:0,(anonymous_3)
FNDA:0,(anonymous_4)
FNDA:0,(anonymous_5)
DA:5,0
DA:14,0
DA:20,0
DA:98,0
DA:117,0
DA:139,0
DA:140,0
DA:141,0
DA:142,0
DA:144,0
DA:187,0
DA:188,0
DA:189,0
DA:190,0
DA:193,0
DA:194,0
DA:202,0
DA:203,0
DA:206,0
DA:207,0
DA:208,0
DA:209,0
DA:210,0
DA:214,0
DA:242,0
DA:271,0
LF:26
LH:0
BRDA:209,0,0,0
BRDA:209,0,1,0
BRDA:216,1,0,0
BRDA:216,1,1,0
BRDA:230,2,0,0
BRDA:230,2,1,0
BRDA:231,3,0,0
BRDA:231,3,1,0
BRDA:252,4,0,0
BRDA:252,4,1,0
BRF:10
BRH:0
end_of_record
TN:
SF:src/components/LiabilityWaiver.js
FN:88,(anonymous_0)
FN:93,(anonymous_1)
FN:98,(anonymous_2)
FN:132,LiabilityWaiver
FN:150,(anonymous_4)
FN:164,(anonymous_5)
FN:254,(anonymous_6)
FN:254,(anonymous_7)
FN:260,(anonymous_8)
FN:260,(anonymous_9)
FN:266,(anonymous_10)
FN:266,(anonymous_11)
FN:276,(anonymous_12)
FN:288,(anonymous_13)
FN:301,(anonymous_14)
FNF:15
FNH:0
FNDA:0,(anonymous_0)
FNDA:0,(anonymous_1)
FNDA:0,(anonymous_2)
FNDA:0,LiabilityWaiver
FNDA:0,(anonymous_4)
FNDA:0,(anonymous_5)
FNDA:0,(anonymous_6)
FNDA:0,(anonymous_7)
FNDA:0,(anonymous_8)
FNDA:0,(anonymous_9)
FNDA:0,(anonymous_10)
FNDA:0,(anonymous_11)
FNDA:0,(anonymous_12)
FNDA:0,(anonymous_13)
FNDA:0,(anonymous_14)
DA:4,0
DA:13,0
DA:29,0
DA:56,0
DA:67,0
DA:73,0
DA:80,0
DA:88,0
DA:93,0
DA:98,0
DA:104,0
DA:125,0
DA:139,0
DA:140,0
DA:141,0
DA:142,0
DA:143,0
DA:144,0
DA:150,0
DA:151,0
DA:152,0
DA:154,0
DA:155,0
DA:156,0
DA:159,0
DA:161,0
DA:164,0
DA:165,0
DA:167,0
DA:168,0
DA:169,0
DA:170,0
DA:178,0
DA:179,0
DA:181,0
DA:185,0
DA:187,0
DA:254,0
DA:260,0
DA:266,0
DA:276,0
DA:288,0
DA:301,0
LF:43
LH:0
BRDA:88,0,0,0
BRDA:88,0,1,0
BRDA:93,1,0,0
BRDA:93,1,1,0
BRDA:98,2,0,0
BRDA:98,2,1,0
BRDA:133,3,0,0
BRDA:136,4,0,0
BRDA:137,5,0,0
BRDA:154,6,0,0
BRDA:154,6,1,0
BRDA:155,7,0,0
BRDA:155,7,1,0
BRDA:161,8,0,0
BRDA:161,8,1,0
BRDA:161,8,2,0
BRDA:161,8,3,0
BRDA:162,9,0,0
BRDA:162,9,1,0
BRDA:162,10,0,0
BRDA:162,10,1,0
BRDA:165,11,0,0
BRDA:165,11,1,0
BRDA:165,12,0,0
BRDA:165,12,1,0
BRDA:172,13,0,0
BRDA:172,13,1,0
BRDA:179,14,0,0
BRDA:179,14,1,0
BRDA:185,15,0,0
BRDA:185,15,1,0
BRDA:197,16,0,0
BRDA:197,16,1,0
BRDA:227,17,0,0
BRDA:227,17,1,0
BRDA:242,18,0,0
BRDA:242,18,1,0
BRDA:247,19,0,0
BRDA:247,19,1,0
BRDA:304,20,0,0
BRDA:304,20,1,0
BRDA:309,21,0,0
BRDA:309,21,1,0
BRDA:327,22,0,0
BRDA:327,22,1,0
BRDA:331,23,0,0
BRDA:331,23,1,0
BRDA:332,24,0,0
BRDA:332,24,1,0
BRDA:334,25,0,0
BRDA:334,25,1,0
BRDA:334,26,0,0
BRDA:334,26,1,0
BRDA:338,27,0,0
BRDA:338,27,1,0
BRF:55
BRH:0
end_of_record
TN:
SF:src/components/LiabilityWaiverModal.js
FN:113,LiabilityWaiverModal
FN:122,(anonymous_1)
FN:134,(anonymous_2)
FN:139,(anonymous_3)
FN:140,(anonymous_4)
FN:144,(anonymous_5)
FN:176,(anonymous_6)
FN:180,(anonymous_7)
FNF:8
FNH:0
FNDA:0,LiabilityWaiverModal
FNDA:0,(anonymous_1)
FNDA:0,(anonymous_2)
FNDA:0,(anonymous_3)
FNDA:0,(anonymous_4)
FNDA:0,(anonymous_5)
FNDA:0,(anonymous_6)
FNDA:0,(anonymous_7)
DA:6,0
DA:20,0
DA:30,0
DA:55,0
DA:59,0
DA:119,0
DA:120,0
DA:122,0
DA:123,0
DA:125,0
DA:126,0
DA:134,0
DA:135,0
DA:136,0
DA:137,0
DA:139,0
DA:140,0
DA:141,0
DA:144,0
DA:145,0
DA:147,0
DA:149,0
DA:161,0
DA:162,0
DA:163,0
DA:164,0
DA:166,0
DA:169,0
DA:170,0
DA:172,0
DA:176,0
DA:177,0
DA:180,0
DA:181,0
DA:182,0
DA:186,0
DA:188,0
LF:37
LH:0
BRDA:123,0,0,0
BRDA:123,0,1,0
BRDA:123,1,0,0
BRDA:123,1,1,0
BRDA:129,2,0,0
BRDA:129,2,1,0
BRDA:139,3,0,0
BRDA:139,3,1,0
BRDA:140,4,0,0
BRDA:140,4,1,0
BRDA:161,5,0,0
BRDA:161,5,1,0
BRDA:181,6,0,0
BRDA:181,6,1,0
BRDA:186,7,0,0
BRDA:186,7,1,0
BRDA:186,8,0,0
BRDA:186,8,1,0
BRDA:206,9,0,0
BRDA:206,9,1,0
BRF:20
BRH:0
end_of_record
TN:
SF:src/components/LoadingScreen.js
FN:31,(anonymous_0)
FN:65,LoadingScreen
FNF:2
FNH:0
FNDA:0,(anonymous_0)
FNDA:0,LoadingScreen
DA:4,0
DA:9,0
DA:24,0
DA:31,0
DA:35,0
DA:39,0
DA:53,0
DA:59,0
DA:66,0
LF:9
LH:0
BRDA:65,0,0,0
BRDA:70,1,0,0
BRDA:70,1,1,0
BRF:3
BRH:0
end_of_record
TN:
SF:src/components/LoadingSpinner.js
FN:16,(anonymous_0)
FN:17,(anonymous_1)
FN:19,(anonymous_2)
FN:26,(anonymous_3)
FN:30,LoadingSpinner
FNF:5
FNH:4
FNDA:5,(anonymous_0)
FNDA:5,(anonymous_1)
FNDA:5,(anonymous_2)
FNDA:0,(anonymous_3)
FNDA:5,LoadingSpinner
DA:4,1
DA:9,1
DA:15,1
DA:16,5
DA:17,5
DA:19,5
DA:24,1
DA:26,0
DA:31,5
LF:9
LH:8
BRDA:16,0,0,5
BRDA:16,0,1,5
BRDA:17,1,0,5
BRDA:17,1,1,5
BRDA:19,2,0,5
BRDA:19,2,1,5
BRDA:26,3,0,0
BRDA:26,3,1,0
BRDA:34,4,0,5
BRDA:34,4,1,0
BRF:10
BRH:7
end_of_record
TN:
SF:src/components/LocationMap.js
FN:106,LocationMap
FN:126,(anonymous_1)
FN:136,(anonymous_2)
FN:139,(anonymous_3)
FN:147,(anonymous_4)
FN:164,(anonymous_5)
FN:178,(anonymous_6)
FN:181,(anonymous_7)
FN:185,(anonymous_8)
FN:204,(anonymous_9)
FN:217,(anonymous_10)
FN:220,(anonymous_11)
FN:247,(anonymous_12)
FN:254,(anonymous_13)
FN:272,(anonymous_14)
FN:279,(anonymous_15)
FN:292,(anonymous_16)
FN:321,(anonymous_17)
FN:327,(anonymous_18)
FN:333,(anonymous_19)
FN:357,(anonymous_20)
FN:361,(anonymous_21)
FN:372,(anonymous_22)
FNF:23
FNH:0
FNDA:0,LocationMap
FNDA:0,(anonymous_1)
FNDA:0,(anonymous_2)
FNDA:0,(anonymous_3)
FNDA:0,(anonymous_4)
FNDA:0,(anonymous_5)
FNDA:0,(anonymous_6)
FNDA:0,(anonymous_7)
FNDA:0,(anonymous_8)
FNDA:0,(anonymous_9)
FNDA:0,(anonymous_10)
FNDA:0,(anonymous_11)
FNDA:0,(anonymous_12)
FNDA:0,(anonymous_13)
FNDA:0,(anonymous_14)
FNDA:0,(anonymous_15)
FNDA:0,(anonymous_16)
FNDA:0,(anonymous_17)
FNDA:0,(anonymous_18)
FNDA:0,(anonymous_19)
FNDA:0,(anonymous_20)
FNDA:0,(anonymous_21)
FNDA:0,(anonymous_22)
DA:9,0
DA:18,0
DA:23,0
DA:35,0
DA:55,0
DA:67,0
DA:80,0
DA:90,0
DA:98,0
DA:114,0
DA:115,0
DA:116,0
DA:117,0
DA:118,0
DA:119,0
DA:120,0
DA:122,0
DA:123,0
DA:126,0
DA:127,0
DA:128,0
DA:129,0
DA:132,0
DA:133,0
DA:134,0
DA:135,0
DA:136,0
DA:137,0
DA:139,0
DA:140,0
DA:141,0
DA:147,0
DA:148,0
DA:149,0
DA:163,0
DA:164,0
DA:165,0
DA:169,0
DA:173,0
DA:178,0
DA:179,0
DA:181,0
DA:182,0
DA:185,0
DA:186,0
DA:194,0
DA:204,0
DA:205,0
DA:206,0
DA:207,0
DA:211,0
DA:217,0
DA:218,0
DA:219,0
DA:221,0
DA:225,0
DA:227,0
DA:228,0
DA:229,0
DA:232,0
DA:248,0
DA:254,0
DA:255,0
DA:262,0
DA:272,0
DA:273,0
DA:274,0
DA:275,0
DA:279,0
DA:280,0
DA:281,0
DA:287,0
DA:288,0
DA:289,0
DA:292,0
DA:293,0
DA:294,0
DA:295,0
DA:298,0
DA:299,0
DA:314,0
DA:321,0
DA:327,0
DA:333,0
DA:357,0
DA:361,0
DA:372,0
LF:87
LH:0
BRDA:107,0,0,0
BRDA:108,1,0,0
BRDA:111,2,0,0
BRDA:112,3,0,0
BRDA:127,4,0,0
BRDA:127,4,1,0
BRDA:127,5,0,0
BRDA:127,5,1,0
BRDA:133,6,0,0
BRDA:133,6,1,0
BRDA:140,7,0,0
BRDA:140,7,1,0
BRDA:148,8,0,0
BRDA:148,8,1,0
BRDA:148,9,0,0
BRDA:148,9,1,0
BRDA:148,9,2,0
BRDA:163,10,0,0
BRDA:163,10,1,0
BRDA:179,11,0,0
BRDA:179,11,1,0
BRDA:179,12,0,0
BRDA:179,12,1,0
BRDA:189,13,0,0
BRDA:189,13,1,0
BRDA:190,14,0,0
BRDA:190,14,1,0
BRDA:197,15,0,0
BRDA:197,15,1,0
BRDA:198,16,0,0
BRDA:198,16,1,0
BRDA:199,17,0,0
BRDA:199,17,1,0
BRDA:206,18,0,0
BRDA:206,18,1,0
BRDA:218,19,0,0
BRDA:218,19,1,0
BRDA:227,20,0,0
BRDA:227,20,1,0
BRDA:265,21,0,0
BRDA:265,21,1,0
BRDA:274,22,0,0
BRDA:274,22,1,0
BRDA:280,23,0,0
BRDA:280,23,1,0
BRDA:280,24,0,0
BRDA:280,24,1,0
BRDA:280,24,2,0
BRDA:298,25,0,0
BRDA:298,25,1,0
BRDA:320,26,0,0
BRDA:320,26,1,0
BRDA:326,27,0,0
BRDA:326,27,1,0
BRDA:332,28,0,0
BRDA:332,28,1,0
BRDA:342,29,0,0
BRDA:342,29,1,0
BRDA:348,30,0,0
BRDA:348,30,1,0
BRF:60
BRH:0
end_of_record
TN:
SF:src/components/Logo.js
FN:69,(anonymous_0)
FNF:1
FNH:0
FNDA:0,(anonymous_0)
DA:5,0
DA:19,0
DA:24,0
DA:30,0
DA:40,0
DA:47,0
DA:55,0
DA:63,0
DA:69,0
DA:78,0
DA:80,0
LF:11
LH:0
BRDA:70,0,0,0
BRDA:71,1,0,0
BRDA:72,2,0,0
BRDA:73,3,0,0
BRDA:74,4,0,0
BRDA:75,5,0,0
BRDA:78,6,0,0
BRDA:78,6,1,0
BRDA:78,7,0,0
BRDA:78,7,1,0
BRDA:82,8,0,0
BRDA:82,8,1,0
BRDA:88,9,0,0
BRDA:88,9,1,0
BRDA:96,10,0,0
BRDA:96,10,1,0
BRDA:104,11,0,0
BRDA:104,11,1,0
BRDA:104,11,2,0
BRF:19
BRH:0
end_of_record
TN:
SF:src/components/ResourcesSection.js
FN:21,(anonymous_0)
FN:27,(anonymous_1)
FN:42,(anonymous_2)
FN:43,(anonymous_3)
FN:49,(anonymous_4)
FN:64,(anonymous_5)
FN:78,(anonymous_6)
FN:110,(anonymous_7)
FN:112,(anonymous_8)
FN:113,(anonymous_9)
FN:119,(anonymous_10)
FN:124,(anonymous_11)
FN:134,(anonymous_12)
FN:137,ResourcesSection
FN:143,(anonymous_14)
FN:147,(anonymous_15)
FN:163,(anonymous_16)
FN:238,(anonymous_17)
FN:240,(anonymous_18)
FN:266,(anonymous_19)
FN:270,(anonymous_20)
FN:275,(anonymous_21)
FNF:22
FNH:0
FNDA:0,(anonymous_0)
FNDA:0,(anonymous_1)
FNDA:0,(anonymous_2)
FNDA:0,(anonymous_3)
FNDA:0,(anonymous_4)
FNDA:0,(anonymous_5)
FNDA:0,(anonymous_6)
FNDA:0,(anonymous_7)
FNDA:0,(anonymous_8)
FNDA:0,(anonymous_9)
FNDA:0,(anonymous_10)
FNDA:0,(anonymous_11)
FNDA:0,(anonymous_12)
FNDA:0,ResourcesSection
FNDA:0,(anonymous_14)
FNDA:0,(anonymous_15)
FNDA:0,(anonymous_16)
FNDA:0,(anonymous_17)
FNDA:0,(anonymous_18)
FNDA:0,(anonymous_19)
FNDA:0,(anonymous_20)
FNDA:0,(anonymous_21)
DA:10,0
DA:16,0
DA:21,0
DA:24,0
DA:27,0
DA:34,0
DA:41,0
DA:42,0
DA:43,0
DA:49,0
DA:55,0
DA:60,0
DA:64,0
DA:67,0
DA:73,0
DA:77,0
DA:78,0
DA:93,0
DA:97,0
DA:106,0
DA:110,0
DA:112,0
DA:113,0
DA:119,0
DA:124,0
DA:129,0
DA:134,0
DA:138,0
DA:139,0
DA:140,0
DA:141,0
DA:143,0
DA:144,0
DA:147,0
DA:148,0
DA:149,0
DA:150,0
DA:151,0
DA:152,0
DA:154,0
DA:155,0
DA:157,0
DA:159,0
DA:163,0
DA:164,0
DA:224,0
DA:238,0
DA:239,0
DA:241,0
DA:245,0
DA:246,0
DA:255,0
DA:266,0
DA:271,0
DA:276,0
LF:55
LH:0
BRDA:21,0,0,0
BRDA:21,0,1,0
BRDA:27,1,0,0
BRDA:27,1,1,0
BRDA:42,2,0,0
BRDA:42,2,1,0
BRDA:43,3,0,0
BRDA:43,3,1,0
BRDA:49,4,0,0
BRDA:49,4,1,0
BRDA:64,5,0,0
BRDA:64,5,1,0
BRDA:78,6,0,0
BRDA:78,6,1,0
BRDA:110,7,0,0
BRDA:110,7,1,0
BRDA:112,8,0,0
BRDA:112,8,1,0
BRDA:113,9,0,0
BRDA:113,9,1,0
BRDA:119,10,0,0
BRDA:119,10,1,0
BRDA:124,11,0,0
BRDA:124,11,1,0
BRDA:134,12,0,0
BRDA:134,12,1,0
BRDA:150,13,0,0
BRDA:150,13,1,0
BRDA:151,14,0,0
BRDA:151,14,1,0
BRDA:224,15,0,0
BRDA:224,15,1,0
BRDA:239,16,0,0
BRDA:239,16,1,0
BRDA:245,17,0,0
BRDA:245,17,1,0
BRDA:284,18,0,0
BRDA:284,18,1,0
BRDA:293,19,0,0
BRDA:293,19,1,0
BRF:40
BRH:0
end_of_record
TN:
SF:src/components/SEOMetadata.js
FN:3,SEOMetadata
FN:14,(anonymous_1)
FN:53,(anonymous_2)
FN:56,(anonymous_3)
FN:64,updateMetaTag
FN:76,updateMetaProperty
FN:88,updateMetaName
FN:100,updateCanonicalLink
FN:110,updateStructuredData
FN:113,(anonymous_9)
FNF:10
FNH:7
FNDA:9,SEOMetadata
FNDA:5,(anonymous_1)
FNDA:5,(anonymous_2)
FNDA:0,(anonymous_3)
FNDA:10,updateMetaTag
FNDA:30,updateMetaProperty
FNDA:20,updateMetaName
FNDA:5,updateCanonicalLink
FNDA:0,updateStructuredData
FNDA:0,(anonymous_9)
DA:14,9
DA:16,5
DA:17,5
DA:21,5
DA:24,5
DA:25,5
DA:29,5
DA:30,5
DA:31,5
DA:32,5
DA:33,5
DA:34,5
DA:37,5
DA:38,5
DA:39,5
DA:40,5
DA:43,5
DA:44,5
DA:48,5
DA:49,0
DA:53,5
DA:55,5
DA:56,5
DA:60,9
DA:65,10
DA:67,10
DA:68,10
DA:69,2
DA:70,2
DA:71,2
DA:73,10
DA:77,30
DA:79,20
DA:80,20
DA:81,4
DA:82,4
DA:83,4
DA:85,20
DA:89,20
DA:91,15
DA:92,15
DA:93,3
DA:94,3
DA:95,3
DA:97,15
DA:101,5
DA:102,5
DA:103,1
DA:104,1
DA:105,1
DA:107,5
DA:112,0
DA:113,0
DA:116,0
DA:117,0
DA:118,0
DA:119,0
DA:120,0
LF:58
LH:50
BRDA:16,0,0,5
BRDA:16,0,1,0
BRDA:24,1,0,5
BRDA:24,1,1,0
BRDA:29,2,0,5
BRDA:29,2,1,0
BRDA:30,3,0,5
BRDA:30,3,1,0
BRDA:38,4,0,5
BRDA:38,4,1,0
BRDA:39,5,0,5
BRDA:39,5,1,0
BRDA:43,6,0,5
BRDA:43,6,1,0
BRDA:48,7,0,0
BRDA:48,7,1,5
BRDA:65,8,0,0
BRDA:65,8,1,10
BRDA:68,9,0,2
BRDA:68,9,1,8
BRDA:77,10,0,10
BRDA:77,10,1,20
BRDA:80,11,0,4
BRDA:80,11,1,16
BRDA:89,12,0,5
BRDA:89,12,1,15
BRDA:92,13,0,3
BRDA:92,13,1,12
BRDA:102,14,0,1
BRDA:102,14,1,4
BRF:30
BRH:21
end_of_record
TN:
SF:src/components/SessionCard.js
FN:10,(anonymous_0)
FN:11,(anonymous_1)
FN:18,(anonymous_2)
FN:19,(anonymous_3)
FN:23,(anonymous_4)
FN:37,(anonymous_5)
FN:49,(anonymous_6)
FN:86,(anonymous_7)
FN:105,(anonymous_8)
FN:129,(anonymous_9)
FN:133,(anonymous_10)
FN:162,fmtLocal
FN:175,getSessionModeIcon
FN:185,SessionCard
FN:186,(anonymous_14)
FN:260,(anonymous_15)
FN:266,(anonymous_16)
FN:276,(anonymous_17)
FNF:18
FNH:0
FNDA:0,(anonymous_0)
FNDA:0,(anonymous_1)
FNDA:0,(anonymous_2)
FNDA:0,(anonymous_3)
FNDA:0,(anonymous_4)
FNDA:0,(anonymous_5)
FNDA:0,(anonymous_6)
FNDA:0,(anonymous_7)
FNDA:0,(anonymous_8)
FNDA:0,(anonymous_9)
FNDA:0,(anonymous_10)
FNDA:0,fmtLocal
FNDA:0,getSessionModeIcon
FNDA:0,SessionCard
FNDA:0,(anonymous_14)
FNDA:0,(anonymous_15)
FNDA:0,(anonymous_16)
FNDA:0,(anonymous_17)
DA:9,0
DA:10,0
DA:11,0
DA:18,0
DA:19,0
DA:23,0
DA:28,0
DA:35,0
DA:37,0
DA:42,0
DA:50,0
DA:52,0
DA:57,0
DA:62,0
DA:67,0
DA:72,0
DA:80,0
DA:84,0
DA:86,0
DA:92,0
DA:97,0
DA:104,0
DA:105,0
DA:113,0
DA:120,0
DA:129,0
DA:133,0
DA:163,0
DA:164,0
DA:176,0
DA:177,0
DA:178,0
DA:179,0
DA:180,0
DA:181,0
DA:186,0
DA:187,0
DA:188,0
DA:190,0
DA:191,0
DA:195,0
DA:198,0
DA:199,0
DA:201,0
DA:260,0
DA:266,0
DA:276,0
LF:47
LH:0
BRDA:10,0,0,0
BRDA:10,0,1,0
BRDA:11,1,0,0
BRDA:11,1,1,0
BRDA:18,2,0,0
BRDA:18,2,1,0
BRDA:19,3,0,0
BRDA:19,3,1,0
BRDA:23,4,0,0
BRDA:23,4,1,0
BRDA:37,5,0,0
BRDA:37,5,1,0
BRDA:50,6,0,0
BRDA:50,6,1,0
BRDA:50,6,2,0
BRDA:50,6,3,0
BRDA:50,6,4,0
BRDA:86,7,0,0
BRDA:86,7,1,0
BRDA:105,8,0,0
BRDA:105,8,1,0
BRDA:129,9,0,0
BRDA:129,9,1,0
BRDA:133,10,0,0
BRDA:133,10,1,0
BRDA:134,11,0,0
BRDA:134,11,1,0
BRDA:138,12,0,0
BRDA:138,12,1,0
BRDA:142,13,0,0
BRDA:142,13,1,0
BRDA:143,14,0,0
BRDA:143,14,1,0
BRDA:146,15,0,0
BRDA:146,15,1,0
BRDA:147,16,0,0
BRDA:147,16,1,0
BRDA:176,17,0,0
BRDA:176,17,1,0
BRDA:176,17,2,0
BRDA:176,17,3,0
BRDA:176,17,4,0
BRDA:187,18,0,0
BRDA:187,18,1,0
BRDA:190,19,0,0
BRDA:190,19,1,0
BRDA:195,20,0,0
BRDA:195,20,1,0
BRDA:195,20,2,0
BRDA:195,20,3,0
BRDA:221,21,0,0
BRDA:221,21,1,0
BRDA:229,22,0,0
BRDA:229,22,1,0
BRDA:229,22,2,0
BRDA:229,22,3,0
BRDA:231,23,0,0
BRDA:231,23,1,0
BRDA:234,24,0,0
BRDA:234,24,1,0
BRDA:237,25,0,0
BRDA:237,25,1,0
BRDA:246,26,0,0
BRDA:246,26,1,0
BRDA:256,27,0,0
BRDA:256,27,1,0
BRDA:256,27,2,0
BRDA:256,27,3,0
BRDA:274,28,0,0
BRDA:274,28,1,0
BRDA:274,28,2,0
BRDA:274,28,3,0
BRF:72
BRH:0
end_of_record
TN:
SF:src/components/SkillMatching.js
FN:14,(anonymous_0)
FN:15,(anonymous_1)
FN:17,(anonymous_2)
FN:28,(anonymous_3)
FN:38,(anonymous_4)
FN:38,(anonymous_5)
FN:39,(anonymous_6)
FN:41,(anonymous_7)
FN:56,(anonymous_8)
FN:57,(anonymous_9)
FN:58,(anonymous_10)
FN:65,(anonymous_11)
FN:66,(anonymous_12)
FN:74,(anonymous_13)
FN:76,(anonymous_14)
FN:78,(anonymous_15)
FN:95,(anonymous_16)
FN:102,(anonymous_17)
FN:109,(anonymous_18)
FN:118,(anonymous_19)
FN:135,(anonymous_20)
FN:137,(anonymous_21)
FN:143,(anonymous_22)
FN:144,(anonymous_23)
FN:145,(anonymous_24)
FN:150,(anonymous_25)
FN:160,(anonymous_26)
FN:177,(anonymous_27)
FN:182,(anonymous_28)
FN:183,(anonymous_29)
FN:198,(anonymous_30)
FN:206,(anonymous_31)
FN:211,SkillMatchingComponent
FN:218,(anonymous_33)
FN:222,(anonymous_34)
FN:257,(anonymous_35)
FN:263,(anonymous_36)
FN:313,(anonymous_37)
FN:326,(anonymous_38)
FN:357,(anonymous_39)
FN:376,(anonymous_40)
FN:383,(anonymous_41)
FN:394,(anonymous_42)
FNF:43
FNH:0
FNDA:0,(anonymous_0)
FNDA:0,(anonymous_1)
FNDA:0,(anonymous_2)
FNDA:0,(anonymous_3)
FNDA:0,(anonymous_4)
FNDA:0,(anonymous_5)
FNDA:0,(anonymous_6)
FNDA:0,(anonymous_7)
FNDA:0,(anonymous_8)
FNDA:0,(anonymous_9)
FNDA:0,(anonymous_10)
FNDA:0,(anonymous_11)
FNDA:0,(anonymous_12)
FNDA:0,(anonymous_13)
FNDA:0,(anonymous_14)
FNDA:0,(anonymous_15)
FNDA:0,(anonymous_16)
FNDA:0,(anonymous_17)
FNDA:0,(anonymous_18)
FNDA:0,(anonymous_19)
FNDA:0,(anonymous_20)
FNDA:0,(anonymous_21)
FNDA:0,(anonymous_22)
FNDA:0,(anonymous_23)
FNDA:0,(anonymous_24)
FNDA:0,(anonymous_25)
FNDA:0,(anonymous_26)
FNDA:0,(anonymous_27)
FNDA:0,(anonymous_28)
FNDA:0,(anonymous_29)
FNDA:0,(anonymous_30)
FNDA:0,(anonymous_31)
FNDA:0,SkillMatchingComponent
FNDA:0,(anonymous_33)
FNDA:0,(anonymous_34)
FNDA:0,(anonymous_35)
FNDA:0,(anonymous_36)
FNDA:0,(anonymous_37)
FNDA:0,(anonymous_38)
FNDA:0,(anonymous_39)
FNDA:0,(anonymous_40)
FNDA:0,(anonymous_41)
FNDA:0,(anonymous_42)
DA:13,0
DA:14,0
DA:15,0
DA:17,0
DA:21,0
DA:28,0
DA:37,0
DA:38,0
DA:39,0
DA:41,0
DA:49,0
DA:55,0
DA:56,0
DA:57,0
DA:58,0
DA:65,0
DA:66,0
DA:70,0
DA:74,0
DA:76,0
DA:78,0
DA:83,0
DA:90,0
DA:95,0
DA:98,0
DA:102,0
DA:109,0
DA:118,0
DA:126,0
DA:133,0
DA:135,0
DA:137,0
DA:142,0
DA:143,0
DA:144,0
DA:145,0
DA:150,0
DA:160,0
DA:166,0
DA:172,0
DA:177,0
DA:182,0
DA:183,0
DA:195,0
DA:198,0
DA:206,0
DA:212,0
DA:213,0
DA:214,0
DA:215,0
DA:216,0
DA:218,0
DA:219,0
DA:222,0
DA:223,0
DA:225,0
DA:226,0
DA:228,0
DA:233,0
DA:235,0
DA:236,0
DA:237,0
DA:239,0
DA:242,0
DA:243,0
DA:244,0
DA:245,0
DA:247,0
DA:250,0
DA:251,0
DA:253,0
DA:257,0
DA:259,0
DA:260,0
DA:263,0
DA:265,0
DA:266,0
DA:269,0
DA:271,0
DA:272,0
DA:273,0
DA:275,0
DA:313,0
DA:327,0
DA:328,0
DA:358,0
DA:376,0
DA:383,0
DA:394,0
LF:89
LH:0
BRDA:74,0,0,0
BRDA:74,0,1,0
BRDA:75,1,0,0
BRDA:75,1,1,0
BRDA:223,2,0,0
BRDA:223,2,1,0
BRDA:233,3,0,0
BRDA:233,3,1,0
BRDA:235,4,0,0
BRDA:235,4,1,0
BRDA:242,5,0,0
BRDA:242,5,1,0
BRDA:243,6,0,0
BRDA:243,6,1,0
BRDA:243,6,2,0
BRDA:247,7,0,0
BRDA:247,7,1,0
BRDA:260,8,0,0
BRDA:260,8,1,0
BRDA:266,9,0,0
BRDA:266,9,1,0
BRDA:269,10,0,0
BRDA:269,10,1,0
BRDA:271,11,0,0
BRDA:271,11,1,0
BRDA:272,12,0,0
BRDA:272,12,1,0
BRDA:273,13,0,0
BRDA:273,13,1,0
BRDA:282,14,0,0
BRDA:282,14,1,0
BRDA:290,15,0,0
BRDA:290,15,1,0
BRDA:297,16,0,0
BRDA:297,16,1,0
BRDA:308,17,0,0
BRDA:308,17,1,0
BRDA:308,17,2,0
BRDA:308,17,3,0
BRDA:312,18,0,0
BRDA:312,18,1,0
BRDA:319,19,0,0
BRDA:319,19,1,0
BRDA:319,19,2,0
BRDA:319,19,3,0
BRDA:327,20,0,0
BRDA:327,20,1,0
BRDA:329,21,0,0
BRDA:329,21,1,0
BRDA:329,21,2,0
BRDA:336,22,0,0
BRDA:336,22,1,0
BRDA:341,23,0,0
BRDA:341,23,1,0
BRDA:347,24,0,0
BRDA:347,24,1,0
BRDA:350,25,0,0
BRDA:350,25,1,0
BRDA:357,26,0,0
BRDA:357,26,1,0
BRDA:362,27,0,0
BRDA:362,27,1,0
BRDA:395,28,0,0
BRDA:395,28,1,0
BRF:64
BRH:0
end_of_record
TN:
SF:src/components/SubdomainLandingPage.js
FN:16,(anonymous_0)
FN:16,(anonymous_1)
FN:29,(anonymous_2)
FN:30,(anonymous_3)
FN:56,(anonymous_4)
FN:82,(anonymous_5)
FN:83,(anonymous_6)
FN:88,(anonymous_7)
FN:133,(anonymous_8)
FN:139,(anonymous_9)
FN:228,(anonymous_10)
FN:338,SubdomainLandingPage
FN:365,(anonymous_12)
FN:366,(anonymous_13)
FN:397,(anonymous_14)
FN:417,(anonymous_15)
FN:421,(anonymous_16)
FN:426,(anonymous_17)
FN:434,(anonymous_18)
FN:442,(anonymous_19)
FN:511,(anonymous_20)
FN:525,(anonymous_21)
FN:532,(anonymous_22)
FN:538,(anonymous_23)
FN:586,(anonymous_24)
FN:587,(anonymous_25)
FN:621,(anonymous_26)
FN:656,(anonymous_27)
FN:657,(anonymous_28)
FN:660,(anonymous_29)
FNF:30
FNH:22
FNDA:3,(anonymous_0)
FNDA:3,(anonymous_1)
FNDA:3,(anonymous_2)
FNDA:3,(anonymous_3)
FNDA:3,(anonymous_4)
FNDA:15,(anonymous_5)
FNDA:15,(anonymous_6)
FNDA:15,(anonymous_7)
FNDA:9,(anonymous_8)
FNDA:9,(anonymous_9)
FNDA:3,(anonymous_10)
FNDA:8,SubdomainLandingPage
FNDA:5,(anonymous_12)
FNDA:5,(anonymous_13)
FNDA:0,(anonymous_14)
FNDA:0,(anonymous_15)
FNDA:0,(anonymous_16)
FNDA:6,(anonymous_17)
FNDA:9,(anonymous_18)
FNDA:3,(anonymous_19)
FNDA:15,(anonymous_20)
FNDA:0,(anonymous_21)
FNDA:0,(anonymous_22)
FNDA:0,(anonymous_23)
FNDA:6,(anonymous_24)
FNDA:0,(anonymous_25)
FNDA:3,(anonymous_26)
FNDA:45,(anonymous_27)
FNDA:42,(anonymous_28)
FNDA:0,(anonymous_29)
DA:10,1
DA:15,1
DA:16,3
DA:29,3
DA:30,3
DA:35,1
DA:42,1
DA:53,1
DA:56,3
DA:64,1
DA:73,1
DA:81,1
DA:82,15
DA:83,15
DA:88,15
DA:92,1
DA:100,1
DA:113,1
DA:121,1
DA:133,9
DA:137,1
DA:139,9
DA:143,1
DA:148,1
DA:156,1
DA:166,1
DA:177,1
DA:193,1
DA:201,1
DA:207,1
DA:215,1
DA:222,1
DA:228,3
DA:231,1
DA:239,1
DA:246,1
DA:252,1
DA:259,1
DA:287,1
DA:308,1
DA:339,8
DA:340,8
DA:341,8
DA:342,8
DA:343,8
DA:344,8
DA:347,8
DA:365,8
DA:366,5
DA:367,5
DA:368,5
DA:371,5
DA:377,4
DA:378,4
DA:382,4
DA:383,4
DA:386,4
DA:388,0
DA:389,0
DA:390,0
DA:394,5
DA:397,8
DA:398,0
DA:400,0
DA:401,0
DA:403,0
DA:405,0
DA:407,0
DA:408,0
DA:410,0
DA:411,0
DA:413,0
DA:417,8
DA:418,0
DA:421,8
DA:422,0
DA:423,0
DA:426,8
DA:427,6
DA:428,6
DA:434,8
DA:435,9
DA:438,9
DA:439,9
DA:442,8
DA:443,3
DA:444,3
DA:446,3
DA:449,8
DA:450,5
DA:459,3
DA:460,0
DA:475,3
DA:476,3
DA:477,3
DA:479,3
DA:512,15
DA:525,0
DA:532,0
DA:538,0
DA:587,6
DA:622,3
DA:656,45
DA:658,42
DA:660,0
LF:105
LH:84
BRDA:139,0,0,9
BRDA:139,0,1,6
BRDA:377,1,0,4
BRDA:377,1,1,0
BRDA:382,2,0,4
BRDA:382,2,1,0
BRDA:398,3,0,0
BRDA:398,3,1,0
BRDA:398,3,2,0
BRDA:398,3,3,0
BRDA:400,4,0,0
BRDA:400,4,1,0
BRDA:418,5,0,0
BRDA:418,5,1,0
BRDA:422,6,0,0
BRDA:422,6,1,0
BRDA:427,7,0,0
BRDA:427,7,1,6
BRDA:435,8,0,0
BRDA:435,8,1,9
BRDA:443,9,0,3
BRDA:443,9,1,0
BRDA:444,10,0,3
BRDA:444,10,1,0
BRDA:449,11,0,5
BRDA:449,11,1,3
BRDA:459,12,0,0
BRDA:459,12,1,3
BRDA:475,13,0,3
BRDA:475,13,1,0
BRDA:476,14,0,3
BRDA:476,14,1,0
BRDA:477,15,0,3
BRDA:477,15,1,0
BRDA:477,15,2,0
BRDA:483,16,0,3
BRDA:483,16,1,0
BRDA:484,17,0,3
BRDA:484,17,1,0
BRDA:489,18,0,3
BRDA:489,18,1,0
BRDA:496,19,0,3
BRDA:496,19,1,0
BRDA:545,20,0,3
BRDA:545,20,1,3
BRDA:545,20,2,3
BRDA:547,21,0,3
BRDA:547,21,1,3
BRDA:553,22,0,3
BRDA:553,22,1,3
BRDA:559,23,0,3
BRDA:559,23,1,3
BRDA:565,24,0,3
BRDA:565,24,1,0
BRDA:584,25,0,3
BRDA:584,25,1,0
BRDA:584,26,0,3
BRDA:584,26,1,3
BRDA:587,27,0,6
BRDA:587,27,1,0
BRDA:590,28,0,6
BRDA:590,28,1,0
BRDA:590,28,2,0
BRDA:612,29,0,3
BRDA:612,29,1,3
BRDA:612,29,2,3
BRDA:617,30,0,3
BRDA:617,30,1,0
BRDA:622,31,0,3
BRDA:622,31,1,0
BRDA:624,32,0,3
BRDA:624,32,1,0
BRF:72
BRH:39
end_of_record
TN:
SF:src/components/VideoChat.js
FN:56,(anonymous_0)
FN:67,(anonymous_1)
FN:97,VideoChat
FN:109,(anonymous_3)
FN:111,(anonymous_4)
FN:116,(anonymous_5)
FN:141,(anonymous_6)
FN:146,(anonymous_7)
FN:153,(anonymous_8)
FN:170,(anonymous_9)
FN:172,(anonymous_10)
FN:182,(anonymous_11)
FN:192,(anonymous_12)
FN:202,(anonymous_13)
FN:207,(anonymous_14)
FNF:15
FNH:0
FNDA:0,(anonymous_0)
FNDA:0,(anonymous_1)
FNDA:0,VideoChat
FNDA:0,(anonymous_3)
FNDA:0,(anonymous_4)
FNDA:0,(anonymous_5)
FNDA:0,(anonymous_6)
FNDA:0,(anonymous_7)
FNDA:0,(anonymous_8)
FNDA:0,(anonymous_9)
FNDA:0,(anonymous_10)
FNDA:0,(anonymous_11)
FNDA:0,(anonymous_12)
FNDA:0,(anonymous_13)
FNDA:0,(anonymous_14)
DA:9,0
DA:19,0
DA:27,0
DA:35,0
DA:44,0
DA:52,0
DA:56,0
DA:67,0
DA:79,0
DA:90,0
DA:98,0
DA:99,0
DA:100,0
DA:101,0
DA:102,0
DA:104,0
DA:105,0
DA:106,0
DA:107,0
DA:109,0
DA:110,0
DA:111,0
DA:112,0
DA:116,0
DA:117,0
DA:119,0
DA:124,0
DA:125,0
DA:126,0
DA:130,0
DA:137,0
DA:138,0
DA:141,0
DA:142,0
DA:146,0
DA:147,0
DA:148,0
DA:153,0
DA:154,0
DA:155,0
DA:156,0
DA:159,0
DA:165,0
DA:166,0
DA:170,0
DA:171,0
DA:172,0
DA:173,0
DA:177,0
DA:178,0
DA:182,0
DA:183,0
DA:184,0
DA:185,0
DA:186,0
DA:187,0
DA:192,0
DA:193,0
DA:194,0
DA:195,0
DA:196,0
DA:197,0
DA:202,0
DA:203,0
DA:204,0
DA:207,0
DA:208,0
DA:212,0
LF:68
LH:0
BRDA:56,0,0,0
BRDA:56,0,1,0
BRDA:67,1,0,0
BRDA:67,1,1,0
BRDA:125,2,0,0
BRDA:125,2,1,0
BRDA:147,3,0,0
BRDA:147,3,1,0
BRDA:171,4,0,0
BRDA:171,4,1,0
BRDA:177,5,0,0
BRDA:177,5,1,0
BRDA:183,6,0,0
BRDA:183,6,1,0
BRDA:185,7,0,0
BRDA:185,7,1,0
BRDA:193,8,0,0
BRDA:193,8,1,0
BRDA:195,9,0,0
BRDA:195,9,1,0
BRDA:204,10,0,0
BRDA:204,10,1,0
BRDA:215,11,0,0
BRDA:215,11,1,0
BRDA:240,12,0,0
BRDA:240,12,1,0
BRDA:242,13,0,0
BRDA:242,13,1,0
BRDA:248,14,0,0
BRDA:248,14,1,0
BRDA:250,15,0,0
BRDA:250,15,1,0
BRF:32
BRH:0
end_of_record
TN:
SF:src/components/auth/AuthStatusIndicator.js
FN:12,(anonymous_0)
FN:19,(anonymous_1)
FN:23,(anonymous_2)
FN:34,AuthStatusIndicator
FNF:4
FNH:0
FNDA:0,(anonymous_0)
FNDA:0,(anonymous_1)
FNDA:0,(anonymous_2)
FNDA:0,AuthStatusIndicator
DA:6,0
DA:12,0
DA:16,0
DA:19,0
DA:22,0
DA:23,0
DA:27,0
DA:35,0
DA:37,0
DA:38,0
DA:48,0
DA:49,0
DA:61,0
DA:62,0
DA:80,0
LF:15
LH:0
BRDA:12,0,0,0
BRDA:12,0,1,0
BRDA:19,1,0,0
BRDA:19,1,1,0
BRDA:23,2,0,0
BRDA:23,2,1,0
BRDA:34,3,0,0
BRDA:34,4,0,0
BRDA:37,5,0,0
BRDA:37,5,1,0
BRDA:43,6,0,0
BRDA:43,6,1,0
BRDA:43,6,2,0
BRDA:48,7,0,0
BRDA:48,7,1,0
BRDA:54,8,0,0
BRDA:54,8,1,0
BRDA:54,8,2,0
BRDA:61,9,0,0
BRDA:61,9,1,0
BRDA:65,10,0,0
BRDA:65,10,1,0
BRDA:71,11,0,0
BRDA:71,11,1,0
BRDA:71,11,2,0
BRDA:73,12,0,0
BRDA:73,12,1,0
BRDA:73,12,2,0
BRDA:85,13,0,0
BRDA:85,13,1,0
BRDA:85,13,2,0
BRF:31
BRH:0
end_of_record
TN:
SF:src/components/auth/ProtectedRoute.js
FN:10,ProtectedRoute
FNF:1
FNH:0
FNDA:0,ProtectedRoute
DA:11,0
DA:12,0
DA:15,0
DA:16,0
DA:29,0
DA:30,0
DA:31,0
DA:35,0
DA:36,0
DA:49,0
DA:50,0
DA:63,0
LF:12
LH:0
BRDA:10,0,0,0
BRDA:15,1,0,0
BRDA:15,1,1,0
BRDA:29,2,0,0
BRDA:29,2,1,0
BRDA:35,3,0,0
BRDA:35,3,1,0
BRDA:49,4,0,0
BRDA:49,4,1,0
BRDA:49,5,0,0
BRDA:49,5,1,0
BRF:11
BRH:0
end_of_record
TN:
SF:src/components/guru/GuruFeaturedPosts.js
FN:56,(anonymous_0)
FN:56,(anonymous_1)
FN:70,(anonymous_2)
FN:70,(anonymous_3)
FN:113,(anonymous_4)
FN:114,(anonymous_5)
FN:165,(anonymous_6)
FN:165,(anonymous_7)
FN:178,GuruFeaturedPosts
FN:181,(anonymous_9)
FN:185,(anonymous_10)
FN:189,(anonymous_11)
FN:198,(anonymous_12)
FN:229,(anonymous_13)
FN:230,(anonymous_14)
FN:243,(anonymous_15)
FNF:16
FNH:0
FNDA:0,(anonymous_0)
FNDA:0,(anonymous_1)
FNDA:0,(anonymous_2)
FNDA:0,(anonymous_3)
FNDA:0,(anonymous_4)
FNDA:0,(anonymous_5)
FNDA:0,(anonymous_6)
FNDA:0,(anonymous_7)
FNDA:0,GuruFeaturedPosts
FNDA:0,(anonymous_9)
FNDA:0,(anonymous_10)
FNDA:0,(anonymous_11)
FNDA:0,(anonymous_12)
FNDA:0,(anonymous_13)
FNDA:0,(anonymous_14)
FNDA:0,(anonymous_15)
DA:5,0
DA:11,0
DA:19,0
DA:29,0
DA:40,0
DA:54,0
DA:56,0
DA:70,0
DA:74,0
DA:78,0
DA:86,0
DA:97,0
DA:105,0
DA:112,0
DA:113,0
DA:114,0
DA:121,0
DA:132,0
DA:139,0
DA:161,0
DA:165,0
DA:179,0
DA:181,0
DA:182,0
DA:185,0
DA:186,0
DA:189,0
DA:190,0
DA:191,0
DA:198,0
DA:199,0
DA:200,0
DA:201,0
DA:202,0
DA:203,0
DA:206,0
DA:207,0
DA:221,0
DA:230,0
DA:244,0
LF:40
LH:0
BRDA:178,0,0,0
BRDA:190,1,0,0
BRDA:190,1,1,0
BRDA:199,2,0,0
BRDA:199,2,1,0
BRDA:206,3,0,0
BRDA:206,3,1,0
BRDA:206,4,0,0
BRDA:206,4,1,0
BRDA:230,5,0,0
BRDA:230,5,1,0
BRDA:232,6,0,0
BRDA:232,6,1,0
BRDA:233,7,0,0
BRDA:233,7,1,0
BRDA:235,8,0,0
BRDA:235,8,1,0
BRDA:241,9,0,0
BRDA:241,9,1,0
BRDA:241,9,2,0
BRDA:246,10,0,0
BRDA:246,10,1,0
BRDA:255,11,0,0
BRDA:255,11,1,0
BRDA:255,11,2,0
BRDA:261,12,0,0
BRDA:261,12,1,0
BRDA:272,13,0,0
BRDA:272,13,1,0
BRDA:272,13,2,0
BRDA:275,14,0,0
BRDA:275,14,1,0
BRDA:276,15,0,0
BRDA:276,15,1,0
BRF:34
BRH:0
end_of_record
TN:
SF:src/components/guru/GuruHeroSection.js
FN:8,(anonymous_0)
FN:8,(anonymous_1)
FN:26,(anonymous_2)
FN:27,(anonymous_3)
FN:46,(anonymous_4)
FN:71,(anonymous_5)
FN:72,(anonymous_6)
FN:77,(anonymous_7)
FN:107,(anonymous_8)
FN:119,GuruHeroSection
FN:123,(anonymous_10)
FN:144,(anonymous_11)
FN:148,(anonymous_12)
FN:166,(anonymous_13)
FN:168,(anonymous_14)
FNF:15
FNH:0
FNDA:0,(anonymous_0)
FNDA:0,(anonymous_1)
FNDA:0,(anonymous_2)
FNDA:0,(anonymous_3)
FNDA:0,(anonymous_4)
FNDA:0,(anonymous_5)
FNDA:0,(anonymous_6)
FNDA:0,(anonymous_7)
FNDA:0,(anonymous_8)
FNDA:0,GuruHeroSection
FNDA:0,(anonymous_10)
FNDA:0,(anonymous_11)
FNDA:0,(anonymous_12)
FNDA:0,(anonymous_13)
FNDA:0,(anonymous_14)
DA:7,0
DA:8,0
DA:26,0
DA:27,0
DA:32,0
DA:43,0
DA:46,0
DA:54,0
DA:62,0
DA:70,0
DA:71,0
DA:72,0
DA:77,0
DA:80,0
DA:93,0
DA:101,0
DA:107,0
DA:120,0
DA:121,0
DA:123,0
DA:124,0
DA:125,0
DA:133,0
DA:144,0
DA:145,0
DA:148,0
DA:149,0
DA:152,0
DA:167,0
DA:168,0
LF:30
LH:0
BRDA:124,0,0,0
BRDA:124,0,1,0
BRDA:149,1,0,0
BRDA:149,1,1,0
BRDA:183,2,0,0
BRDA:183,2,1,0
BRDA:208,3,0,0
BRDA:208,3,1,0
BRDA:210,4,0,0
BRDA:210,4,1,0
BRDA:217,5,0,0
BRDA:217,5,1,0
BRDA:224,6,0,0
BRDA:224,6,1,0
BRDA:231,7,0,0
BRDA:231,7,1,0
BRF:16
BRH:0
end_of_record
TN:
SF:src/config/pricing.js
FNF:0
FNH:0
DA:4,0
DA:93,0
LF:2
LH:0
BRDA:8,0,0,0
BRDA:8,0,1,0
BRDA:9,1,0,0
BRDA:9,1,1,0
BRDA:13,2,0,0
BRDA:13,2,1,0
BRDA:14,3,0,0
BRDA:14,3,1,0
BRDA:15,4,0,0
BRDA:15,4,1,0
BRF:10
BRH:0
end_of_record
TN:
SF:src/contexts/AuthContext.js
FN:7,(anonymous_0)
FN:9,(anonymous_1)
FN:14,(anonymous_2)
FN:26,(anonymous_3)
FN:48,(anonymous_4)
FN:52,(anonymous_5)
FN:126,useAuth
FN:134,AuthProvider
FN:140,(anonymous_8)
FN:146,(anonymous_9)
FN:171,(anonymous_10)
FN:177,(anonymous_11)
FN:218,(anonymous_12)
FN:234,(anonymous_13)
FN:296,(anonymous_14)
FN:317,(anonymous_15)
FN:332,(anonymous_16)
FN:355,(anonymous_17)
FN:383,(anonymous_18)
FN:412,(anonymous_19)
FN:441,(anonymous_20)
FN:469,(anonymous_21)
FN:499,(anonymous_22)
FN:500,(anonymous_23)
FN:505,(anonymous_24)
FN:522,(anonymous_25)
FNF:26
FNH:0
FNDA:0,(anonymous_0)
FNDA:0,(anonymous_1)
FNDA:0,(anonymous_2)
FNDA:0,(anonymous_3)
FNDA:0,(anonymous_4)
FNDA:0,(anonymous_5)
FNDA:0,useAuth
FNDA:0,AuthProvider
FNDA:0,(anonymous_8)
FNDA:0,(anonymous_9)
FNDA:0,(anonymous_10)
FNDA:0,(anonymous_11)
FNDA:0,(anonymous_12)
FNDA:0,(anonymous_13)
FNDA:0,(anonymous_14)
FNDA:0,(anonymous_15)
FNDA:0,(anonymous_16)
FNDA:0,(anonymous_17)
FNDA:0,(anonymous_18)
FNDA:0,(anonymous_19)
FNDA:0,(anonymous_20)
FNDA:0,(anonymous_21)
FNDA:0,(anonymous_22)
FNDA:0,(anonymous_23)
FNDA:0,(anonymous_24)
FNDA:0,(anonymous_25)
DA:5,0
DA:8,0
DA:9,0
DA:14,0
DA:15,0
DA:17,0
DA:19,0
DA:22,0
DA:26,0
DA:27,0
DA:30,0
DA:31,0
DA:34,0
DA:35,0
DA:38,0
DA:39,0
DA:46,0
DA:48,0
DA:49,0
DA:52,0
DA:53,0
DA:56,0
DA:57,0
DA:63,0
DA:69,0
DA:70,0
DA:72,0
DA:74,0
DA:75,0
DA:76,0
DA:78,0
DA:88,0
DA:89,0
DA:90,0
DA:92,0
DA:93,0
DA:94,0
DA:95,0
DA:97,0
DA:98,0
DA:99,0
DA:100,0
DA:103,0
DA:105,0
DA:107,0
DA:108,0
DA:110,0
DA:111,0
DA:112,0
DA:113,0
DA:114,0
DA:115,0
DA:116,0
DA:117,0
DA:118,0
DA:124,0
DA:127,0
DA:128,0
DA:129,0
DA:131,0
DA:135,0
DA:136,0
DA:137,0
DA:140,0
DA:141,0
DA:142,0
DA:146,0
DA:147,0
DA:167,0
DA:171,0
DA:172,0
DA:173,0
DA:177,0
DA:178,0
DA:180,0
DA:181,0
DA:182,0
DA:185,0
DA:186,0
DA:187,0
DA:201,0
DA:202,0
DA:205,0
DA:208,0
DA:209,0
DA:211,0
DA:212,0
DA:213,0
DA:218,0
DA:219,0
DA:221,0
DA:222,0
DA:223,0
DA:224,0
DA:225,0
DA:227,0
DA:228,0
DA:229,0
DA:234,0
DA:235,0
DA:237,0
DA:238,0
DA:239,0
DA:242,0
DA:243,0
DA:246,0
DA:249,0
DA:250,0
DA:251,0
DA:266,0
DA:267,0
DA:270,0
DA:273,0
DA:274,0
DA:276,0
DA:279,0
DA:282,0
DA:285,0
DA:286,0
DA:287,0
DA:290,0
DA:291,0
DA:296,0
DA:297,0
DA:298,0
DA:299,0
DA:300,0
DA:301,0
DA:304,0
DA:305,0
DA:306,0
DA:307,0
DA:308,0
DA:310,0
DA:311,0
DA:312,0
DA:317,0
DA:318,0
DA:320,0
DA:321,0
DA:322,0
DA:323,0
DA:325,0
DA:326,0
DA:327,0
DA:332,0
DA:333,0
DA:335,0
DA:336,0
DA:337,0
DA:343,0
DA:344,0
DA:345,0
DA:346,0
DA:349,0
DA:351,0
DA:355,0
DA:356,0
DA:357,0
DA:358,0
DA:360,0
DA:361,0
DA:370,0
DA:371,0
DA:372,0
DA:374,0
DA:377,0
DA:378,0
DA:383,0
DA:384,0
DA:385,0
DA:386,0
DA:388,0
DA:389,0
DA:398,0
DA:399,0
DA:400,0
DA:401,0
DA:403,0
DA:404,0
DA:407,0
DA:408,0
DA:412,0
DA:413,0
DA:414,0
DA:415,0
DA:417,0
DA:418,0
DA:427,0
DA:428,0
DA:429,0
DA:430,0
DA:432,0
DA:433,0
DA:436,0
DA:437,0
DA:441,0
DA:442,0
DA:443,0
DA:444,0
DA:446,0
DA:447,0
DA:455,0
DA:456,0
DA:457,0
DA:458,0
DA:460,0
DA:461,0
DA:464,0
DA:465,0
DA:469,0
DA:470,0
DA:471,0
DA:472,0
DA:474,0
DA:475,0
DA:484,0
DA:485,0
DA:486,0
DA:487,0
DA:489,0
DA:490,0
DA:493,0
DA:494,0
DA:499,0
DA:500,0
DA:502,0
DA:503,0
DA:504,0
DA:505,0
DA:506,0
DA:508,0
DA:510,0
DA:511,0
DA:512,0
DA:514,0
DA:518,0
DA:521,0
DA:523,0
DA:524,0
DA:527,0
DA:528,0
DA:529,0
DA:530,0
DA:532,0
DA:536,0
DA:537,0
DA:540,0
DA:541,0
DA:544,0
DA:547,0
DA:564,0
LF:252
LH:0
BRDA:15,0,0,0
BRDA:15,0,1,0
BRDA:17,1,0,0
BRDA:17,1,1,0
BRDA:19,2,0,0
BRDA:19,2,1,0
BRDA:22,3,0,0
BRDA:22,3,1,0
BRDA:22,3,2,0
BRDA:30,4,0,0
BRDA:30,4,1,0
BRDA:38,5,0,0
BRDA:38,5,1,0
BRDA:49,6,0,0
BRDA:49,6,1,0
BRDA:53,7,0,0
BRDA:53,7,1,0
BRDA:56,8,0,0
BRDA:56,8,1,0
BRDA:56,9,0,0
BRDA:56,9,1,0
BRDA:69,10,0,0
BRDA:69,10,1,0
BRDA:103,11,0,0
BRDA:103,11,1,0
BRDA:105,12,0,0
BRDA:105,12,1,0
BRDA:128,13,0,0
BRDA:128,13,1,0
BRDA:167,14,0,0
BRDA:167,14,1,0
BRDA:167,14,2,0
BRDA:177,15,0,0
BRDA:178,16,0,0
BRDA:178,16,1,0
BRDA:187,17,0,0
BRDA:187,17,1,0
BRDA:195,18,0,0
BRDA:195,18,1,0
BRDA:196,19,0,0
BRDA:196,19,1,0
BRDA:197,20,0,0
BRDA:197,20,1,0
BRDA:201,21,0,0
BRDA:201,21,1,0
BRDA:219,22,0,0
BRDA:219,22,1,0
BRDA:235,23,0,0
BRDA:235,23,1,0
BRDA:251,24,0,0
BRDA:251,24,1,0
BRDA:259,25,0,0
BRDA:259,25,1,0
BRDA:260,26,0,0
BRDA:260,26,1,0
BRDA:266,27,0,0
BRDA:266,27,1,0
BRDA:282,28,0,0
BRDA:282,28,1,0
BRDA:282,29,0,0
BRDA:282,29,1,0
BRDA:282,29,2,0
BRDA:286,30,0,0
BRDA:286,30,1,0
BRDA:297,31,0,0
BRDA:297,31,1,0
BRDA:318,32,0,0
BRDA:318,32,1,0
BRDA:333,33,0,0
BRDA:333,33,1,0
BRDA:333,34,0,0
BRDA:333,34,1,0
BRDA:343,35,0,0
BRDA:343,35,1,0
BRDA:357,36,0,0
BRDA:357,36,1,0
BRDA:358,37,0,0
BRDA:358,37,1,0
BRDA:370,38,0,0
BRDA:370,38,1,0
BRDA:383,39,0,0
BRDA:385,40,0,0
BRDA:385,40,1,0
BRDA:386,41,0,0
BRDA:386,41,1,0
BRDA:398,42,0,0
BRDA:398,42,1,0
BRDA:400,43,0,0
BRDA:400,43,1,0
BRDA:400,44,0,0
BRDA:400,44,1,0
BRDA:404,45,0,0
BRDA:404,45,1,0
BRDA:414,46,0,0
BRDA:414,46,1,0
BRDA:415,47,0,0
BRDA:415,47,1,0
BRDA:427,48,0,0
BRDA:427,48,1,0
BRDA:429,49,0,0
BRDA:429,49,1,0
BRDA:433,50,0,0
BRDA:433,50,1,0
BRDA:443,51,0,0
BRDA:443,51,1,0
BRDA:444,52,0,0
BRDA:444,52,1,0
BRDA:455,53,0,0
BRDA:455,53,1,0
BRDA:457,54,0,0
BRDA:457,54,1,0
BRDA:461,55,0,0
BRDA:461,55,1,0
BRDA:469,56,0,0
BRDA:471,57,0,0
BRDA:471,57,1,0
BRDA:472,58,0,0
BRDA:472,58,1,0
BRDA:484,59,0,0
BRDA:484,59,1,0
BRDA:486,60,0,0
BRDA:486,60,1,0
BRDA:490,61,0,0
BRDA:490,61,1,0
BRDA:502,62,0,0
BRDA:502,62,1,0
BRDA:502,63,0,0
BRDA:502,63,1,0
BRDA:506,64,0,0
BRDA:506,64,1,0
BRDA:510,65,0,0
BRDA:510,65,1,0
BRDA:527,66,0,0
BRDA:527,66,1,0
BRDA:529,67,0,0
BRDA:529,67,1,0
BRDA:566,68,0,0
BRDA:566,68,1,0
BRF:138
BRH:0
end_of_record
TN:
SF:src/contexts/FeatureFlagsContext.js
FN:6,useFeatureFlags
FN:14,FeatureFlagsProvider
FN:18,(anonymous_2)
FN:19,loadFlags
FN:34,(anonymous_4)
FNF:5
FNH:0
FNDA:0,useFeatureFlags
FNDA:0,FeatureFlagsProvider
FNDA:0,(anonymous_2)
FNDA:0,loadFlags
FNDA:0,(anonymous_4)
DA:4,0
DA:7,0
DA:8,0
DA:9,0
DA:11,0
DA:15,0
DA:16,0
DA:18,0
DA:20,0
DA:21,0
DA:22,0
DA:24,0
DA:25,0
DA:27,0
DA:31,0
DA:34,0
DA:35,0
DA:38,0
DA:44,0
LF:19
LH:0
BRDA:8,0,0,0
BRDA:8,0,1,0
BRF:2
BRH:0
end_of_record
TN:
SF:src/contexts/ThemeContext.js
FN:5,useTheme
FN:13,ThemeProvider
FN:16,(anonymous_2)
FNF:3
FNH:0
FNDA:0,useTheme
FNDA:0,ThemeProvider
FNDA:0,(anonymous_2)
DA:3,0
DA:6,0
DA:7,0
DA:8,0
DA:10,0
DA:14,0
DA:16,0
DA:17,0
DA:20,0
DA:69,0
DA:75,0
LF:11
LH:0
BRDA:7,0,0,0
BRDA:7,0,1,0
BRDA:29,1,0,0
BRDA:29,1,1,0
BRDA:30,2,0,0
BRDA:30,2,1,0
BRDA:31,3,0,0
BRDA:31,3,1,0
BRDA:32,4,0,0
BRDA:32,4,1,0
BRDA:33,5,0,0
BRDA:33,5,1,0
BRDA:34,6,0,0
BRDA:34,6,1,0
BRDA:35,7,0,0
BRDA:35,7,1,0
BRDA:36,8,0,0
BRDA:36,8,1,0
BRDA:37,9,0,0
BRDA:37,9,1,0
BRDA:38,10,0,0
BRDA:38,10,1,0
BRF:22
BRH:0
end_of_record
TN:
SF:src/firebase/client.js
FN:17,(anonymous_0)
FNF:1
FNH:0
FNDA:0,(anonymous_0)
DA:6,0
DA:17,0
DA:18,0
DA:27,0
DA:28,0
DA:30,0
DA:31,0
DA:32,0
DA:34,0
DA:35,0
DA:37,0
DA:38,0
DA:39,0
DA:42,0
DA:43,0
DA:44,0
DA:45,0
DA:46,0
DA:47,0
DA:50,0
DA:51,0
LF:21
LH:0
BRDA:19,0,0,0
BRDA:19,0,1,0
BRDA:19,0,2,0
BRDA:27,1,0,0
BRDA:27,1,1,0
BRF:5
BRH:0
end_of_record
TN:
SF:src/hooks/useGuru.js
FN:8,useGuru
FN:19,(anonymous_1)
FN:43,(anonymous_2)
FN:81,(anonymous_3)
FN:87,(anonymous_4)
FN:120,(anonymous_5)
FN:150,(anonymous_6)
FN:183,(anonymous_7)
FN:210,(anonymous_8)
FN:215,getFallbackGuruData
FN:266,getFallbackServices
FNF:11
FNH:0
FNDA:0,useGuru
FNDA:0,(anonymous_1)
FNDA:0,(anonymous_2)
FNDA:0,(anonymous_3)
FNDA:0,(anonymous_4)
FNDA:0,(anonymous_5)
FNDA:0,(anonymous_6)
FNDA:0,(anonymous_7)
FNDA:0,(anonymous_8)
FNDA:0,getFallbackGuruData
FNDA:0,getFallbackServices
DA:9,0
DA:10,0
DA:11,0
DA:12,0
DA:13,0
DA:14,0
DA:16,0
DA:19,0
DA:20,0
DA:21,0
DA:24,0
DA:26,0
DA:27,0
DA:29,0
DA:32,0
DA:36,0
DA:39,0
DA:40,0
DA:43,0
DA:44,0
DA:45,0
DA:46,0
DA:48,0
DA:49,0
DA:56,0
DA:57,0
DA:60,0
DA:62,0
DA:63,0
DA:64,0
DA:65,0
DA:67,0
DA:70,0
DA:71,0
DA:74,0
DA:76,0
DA:81,0
DA:82,0
DA:84,0
DA:85,0
DA:87,0
DA:88,0
DA:89,0
DA:93,0
DA:94,0
DA:101,0
DA:102,0
DA:105,0
DA:107,0
DA:108,0
DA:109,0
DA:111,0
DA:114,0
DA:115,0
DA:120,0
DA:121,0
DA:123,0
DA:124,0
DA:125,0
DA:132,0
DA:133,0
DA:136,0
DA:138,0
DA:139,0
DA:141,0
DA:144,0
DA:145,0
DA:150,0
DA:151,0
DA:152,0
DA:155,0
DA:156,0
DA:157,0
DA:165,0
DA:166,0
DA:169,0
DA:171,0
DA:172,0
DA:175,0
DA:177,0
DA:178,0
DA:183,0
DA:184,0
DA:185,0
DA:186,0
DA:188,0
DA:192,0
DA:210,0
DA:216,0
DA:252,0
DA:267,0
LF:91
LH:0
BRDA:26,0,0,0
BRDA:26,0,1,0
BRDA:29,1,0,0
BRDA:29,1,1,0
BRDA:29,2,0,0
BRDA:29,2,1,0
BRDA:29,2,2,0
BRDA:48,3,0,0
BRDA:48,3,1,0
BRDA:56,4,0,0
BRDA:56,4,1,0
BRDA:62,5,0,0
BRDA:62,5,1,0
BRDA:64,6,0,0
BRDA:64,6,1,0
BRDA:67,7,0,0
BRDA:67,7,1,0
BRDA:81,8,0,0
BRDA:82,9,0,0
BRDA:82,9,1,0
BRDA:88,10,0,0
BRDA:88,10,1,0
BRDA:88,11,0,0
BRDA:88,11,1,0
BRDA:88,11,2,0
BRDA:93,12,0,0
BRDA:93,12,1,0
BRDA:101,13,0,0
BRDA:101,13,1,0
BRDA:107,14,0,0
BRDA:107,14,1,0
BRDA:108,15,0,0
BRDA:108,15,1,0
BRDA:111,16,0,0
BRDA:111,16,1,0
BRDA:121,17,0,0
BRDA:121,17,1,0
BRDA:124,18,0,0
BRDA:124,18,1,0
BRDA:132,19,0,0
BRDA:132,19,1,0
BRDA:138,20,0,0
BRDA:138,20,1,0
BRDA:139,21,0,0
BRDA:139,21,1,0
BRDA:141,22,0,0
BRDA:141,22,1,0
BRDA:151,23,0,0
BRDA:151,23,1,0
BRDA:156,24,0,0
BRDA:156,24,1,0
BRDA:165,25,0,0
BRDA:165,25,1,0
BRDA:171,26,0,0
BRDA:171,26,1,0
BRDA:172,27,0,0
BRDA:172,27,1,0
BRDA:184,28,0,0
BRDA:184,28,1,0
BRDA:184,29,0,0
BRDA:184,29,1,0
BRDA:252,30,0,0
BRDA:252,30,1,0
BRF:63
BRH:0
end_of_record
TN:
SF:src/hosting/hostRules.js
FN:11,(anonymous_0)
FN:21,(anonymous_1)
FN:31,(anonymous_2)
FN:41,(anonymous_3)
FN:59,(anonymous_4)
FN:70,(anonymous_5)
FN:82,(anonymous_6)
FNF:7
FNH:0
FNDA:0,(anonymous_0)
FNDA:0,(anonymous_1)
FNDA:0,(anonymous_2)
FNDA:0,(anonymous_3)
FNDA:0,(anonymous_4)
FNDA:0,(anonymous_5)
FNDA:0,(anonymous_6)
DA:11,0
DA:12,0
DA:13,0
DA:21,0
DA:22,0
DA:23,0
DA:31,0
DA:32,0
DA:33,0
DA:41,0
DA:42,0
DA:43,0
DA:45,0
DA:46,0
DA:48,0
DA:49,0
DA:51,0
DA:59,0
DA:60,0
DA:61,0
DA:62,0
DA:63,0
DA:70,0
DA:72,0
DA:82,0
DA:83,0
DA:85,0
DA:86,0
DA:90,0
DA:91,0
LF:30
LH:0
BRDA:12,0,0,0
BRDA:12,0,1,0
BRDA:12,1,0,0
BRDA:12,1,1,0
BRDA:22,2,0,0
BRDA:22,2,1,0
BRDA:22,3,0,0
BRDA:22,3,1,0
BRDA:32,4,0,0
BRDA:32,4,1,0
BRDA:32,5,0,0
BRDA:32,5,1,0
BRDA:42,6,0,0
BRDA:42,6,1,0
BRDA:45,7,0,0
BRDA:45,7,1,0
BRDA:48,8,0,0
BRDA:48,8,1,0
BRDA:60,9,0,0
BRDA:60,9,1,0
BRDA:61,10,0,0
BRDA:61,10,1,0
BRDA:62,11,0,0
BRDA:62,11,1,0
BRDA:72,12,0,0
BRDA:72,12,1,0
BRDA:82,13,0,0
BRDA:82,14,0,0
BRDA:83,15,0,0
BRDA:83,15,1,0
BRDA:85,16,0,0
BRDA:85,16,1,0
BRF:32
BRH:0
end_of_record
TN:
SF:src/lib/api.js
FN:8,getAuthToken
FN:22,handleApiError
FN:45,api
FN:82,(anonymous_3)
FN:83,(anonymous_4)
FN:88,(anonymous_5)
FN:93,(anonymous_6)
FN:96,useAuthenticatedApi
FN:97,(anonymous_8)
FN:108,(anonymous_9)
FN:109,(anonymous_10)
FN:110,(anonymous_11)
FN:111,(anonymous_12)
FNF:13
FNH:0
FNDA:0,getAuthToken
FNDA:0,handleApiError
FNDA:0,api
FNDA:0,(anonymous_3)
FNDA:0,(anonymous_4)
FNDA:0,(anonymous_5)
FNDA:0,(anonymous_6)
FNDA:0,useAuthenticatedApi
FNDA:0,(anonymous_8)
FNDA:0,(anonymous_9)
FNDA:0,(anonymous_10)
FNDA:0,(anonymous_11)
FNDA:0,(anonymous_12)
DA:9,0
DA:10,0
DA:13,0
DA:14,0
DA:16,0
DA:17,0
DA:24,0
DA:25,0
DA:28,0
DA:29,0
DA:32,0
DA:33,0
DA:36,0
DA:37,0
DA:41,0
DA:46,0
DA:47,0
DA:49,0
DA:50,0
DA:59,0
DA:60,0
DA:62,0
DA:63,0
DA:66,0
DA:67,0
DA:70,0
DA:73,0
DA:74,0
DA:77,0
DA:82,0
DA:83,0
DA:88,0
DA:93,0
DA:97,0
DA:98,0
DA:99,0
DA:102,0
DA:106,0
DA:108,0
DA:109,0
DA:110,0
DA:111,0
LF:42
LH:0
BRDA:9,0,0,0
BRDA:9,0,1,0
BRDA:9,1,0,0
BRDA:9,1,1,0
BRDA:24,2,0,0
BRDA:24,2,1,0
BRDA:28,3,0,0
BRDA:28,3,1,0
BRDA:32,4,0,0
BRDA:32,4,1,0
BRDA:36,5,0,0
BRDA:36,5,1,0
BRDA:41,6,0,0
BRDA:41,6,1,0
BRDA:45,7,0,0
BRDA:47,8,0,0
BRDA:47,8,1,0
BRDA:53,9,0,0
BRDA:53,9,1,0
BRDA:54,10,0,0
BRDA:54,10,1,0
BRDA:62,11,0,0
BRDA:62,11,1,0
BRDA:62,12,0,0
BRDA:62,12,1,0
BRDA:66,13,0,0
BRDA:66,13,1,0
BRDA:73,14,0,0
BRDA:73,14,1,0
BRDA:82,15,0,0
BRDA:83,16,0,0
BRDA:88,17,0,0
BRDA:93,18,0,0
BRDA:97,19,0,0
BRF:34
BRH:0
end_of_record
TN:
SF:src/lib/featureFlags.js
FN:7,(anonymous_0)
FN:15,(anonymous_1)
FN:43,(anonymous_2)
FN:71,(anonymous_3)
FN:83,(anonymous_4)
FN:94,(anonymous_5)
FNF:6
FNH:0
FNDA:0,(anonymous_0)
FNDA:0,(anonymous_1)
FNDA:0,(anonymous_2)
FNDA:0,(anonymous_3)
FNDA:0,(anonymous_4)
FNDA:0,(anonymous_5)
DA:8,0
DA:9,0
DA:16,0
DA:17,0
DA:21,0
DA:22,0
DA:23,0
DA:24,0
DA:25,0
DA:27,0
DA:28,0
DA:29,0
DA:30,0
DA:33,0
DA:34,0
DA:35,0
DA:36,0
DA:44,0
DA:72,0
DA:73,0
DA:74,0
DA:76,0
DA:84,0
DA:85,0
DA:87,0
DA:95,0
DA:100,0
LF:27
LH:0
BRDA:21,0,0,0
BRDA:21,0,1,0
BRDA:23,1,0,0
BRDA:23,1,1,0
BRDA:72,2,0,0
BRDA:72,2,1,0
BRDA:74,3,0,0
BRDA:74,3,1,0
BRDA:84,4,0,0
BRDA:84,4,1,0
BRF:10
BRH:0
end_of_record
TN:
SF:src/lib/matchmakingApi.js
FN:14,getGuruMatches
FN:46,getUnderstudyRecommendations
FN:79,getLearningRecommendations
FN:105,getSkillCategories
FN:128,performAdvancedSearch
FN:170,getAIStatus
FN:195,calculateCompatibility
FN:200,(anonymous_7)
FN:201,(anonymous_8)
FN:203,(anonymous_9)
FN:204,(anonymous_10)
FN:213,(anonymous_11)
FN:214,(anonymous_12)
FN:216,(anonymous_13)
FN:217,(anonymous_14)
FN:237,(anonymous_15)
FN:258,formatMatchForDisplay
FNF:17
FNH:0
FNDA:0,getGuruMatches
FNDA:0,getUnderstudyRecommendations
FNDA:0,getLearningRecommendations
FNDA:0,getSkillCategories
FNDA:0,performAdvancedSearch
FNDA:0,getAIStatus
FNDA:0,calculateCompatibility
FNDA:0,(anonymous_7)
FNDA:0,(anonymous_8)
FNDA:0,(anonymous_9)
FNDA:0,(anonymous_10)
FNDA:0,(anonymous_11)
FNDA:0,(anonymous_12)
FNDA:0,(anonymous_13)
FNDA:0,(anonymous_14)
FNDA:0,(anonymous_15)
FNDA:0,formatMatchForDisplay
DA:15,0
DA:17,0
DA:18,0
DA:21,0
DA:22,0
DA:23,0
DA:31,0
DA:32,0
DA:47,0
DA:49,0
DA:50,0
DA:53,0
DA:54,0
DA:55,0
DA:57,0
DA:58,0
DA:65,0
DA:66,0
DA:80,0
DA:81,0
DA:84,0
DA:85,0
DA:86,0
DA:92,0
DA:93,0
DA:106,0
DA:107,0
DA:108,0
DA:114,0
DA:115,0
DA:137,0
DA:139,0
DA:140,0
DA:150,0
DA:157,0
DA:158,0
DA:171,0
DA:172,0
DA:173,0
DA:180,0
DA:181,0
DA:196,0
DA:197,0
DA:200,0
DA:201,0
DA:203,0
DA:204,0
DA:205,0
DA:206,0
DA:207,0
DA:213,0
DA:214,0
DA:216,0
DA:217,0
DA:218,0
DA:219,0
DA:220,0
DA:226,0
DA:227,0
DA:228,0
DA:229,0
DA:230,0
DA:231,0
DA:236,0
DA:237,0
DA:238,0
DA:240,0
DA:241,0
DA:242,0
DA:246,0
DA:259,0
LF:71
LH:0
BRDA:14,0,0,0
BRDA:15,1,0,0
BRDA:15,2,0,0
BRDA:17,3,0,0
BRDA:17,3,1,0
BRDA:26,4,0,0
BRDA:26,4,1,0
BRDA:46,5,0,0
BRDA:47,6,0,0
BRDA:49,7,0,0
BRDA:49,7,1,0
BRDA:55,8,0,0
BRDA:55,8,1,0
BRDA:61,9,0,0
BRDA:61,9,1,0
BRDA:80,10,0,0
BRDA:80,10,1,0
BRDA:89,11,0,0
BRDA:89,11,1,0
BRDA:111,12,0,0
BRDA:111,12,1,0
BRDA:130,13,0,0
BRDA:131,14,0,0
BRDA:136,15,0,0
BRDA:153,16,0,0
BRDA:153,16,1,0
BRDA:200,17,0,0
BRDA:200,17,1,0
BRDA:201,18,0,0
BRDA:201,18,1,0
BRDA:205,19,0,0
BRDA:205,19,1,0
BRDA:205,20,0,0
BRDA:205,20,1,0
BRDA:213,21,0,0
BRDA:213,21,1,0
BRDA:214,22,0,0
BRDA:214,22,1,0
BRDA:218,23,0,0
BRDA:218,23,1,0
BRDA:218,24,0,0
BRDA:218,24,1,0
BRDA:226,25,0,0
BRDA:226,25,1,0
BRDA:226,26,0,0
BRDA:226,26,1,0
BRDA:229,27,0,0
BRDA:229,27,1,0
BRDA:236,28,0,0
BRDA:236,28,1,0
BRDA:236,29,0,0
BRDA:236,29,1,0
BRDA:240,30,0,0
BRDA:240,30,1,0
BRDA:249,31,0,0
BRDA:249,31,1,0
BRDA:249,32,0,0
BRDA:249,32,1,0
BRDA:262,33,0,0
BRDA:262,33,1,0
BRDA:262,34,0,0
BRDA:262,34,1,0
BRDA:263,35,0,0
BRDA:263,35,1,0
BRDA:270,36,0,0
BRDA:270,36,1,0
BRF:66
BRH:0
end_of_record
TN:
SF:src/lib/prefs.js
FN:4,setLastHub
FN:13,getLastHub
FNF:2
FNH:0
FNDA:0,setLastHub
FNDA:0,getLastHub
DA:2,0
DA:5,0
DA:6,0
DA:9,0
DA:14,0
DA:15,0
DA:16,0
DA:19,0
DA:20,0
LF:9
LH:0
BRDA:16,0,0,0
BRDA:16,0,1,0
BRDA:16,1,0,0
BRDA:16,1,1,0
BRF:4
BRH:0
end_of_record
TN:
SF:src/lib/skillCategorization.js
FN:139,categorizeSkill
FN:147,(anonymous_1)
FN:160,getSkillRiskLevel
FN:175,getCategoryMetadata
FN:183,getSkillCategories
FN:195,getCategoriesByRiskLevel
FN:197,(anonymous_6)
FN:198,(anonymous_7)
FN:206,requiresLiabilityWaiver
FN:215,getHighRiskCategories
FN:224,getSkillCategoriesForDisplay
FN:225,(anonymous_11)
FNF:12
FNH:0
FNDA:0,categorizeSkill
FNDA:0,(anonymous_1)
FNDA:0,getSkillRiskLevel
FNDA:0,getCategoryMetadata
FNDA:0,getSkillCategories
FNDA:0,getCategoriesByRiskLevel
FNDA:0,(anonymous_6)
FNDA:0,(anonymous_7)
FNDA:0,requiresLiabilityWaiver
FNDA:0,getHighRiskCategories
FNDA:0,getSkillCategoriesForDisplay
FNDA:0,(anonymous_11)
DA:12,0
DA:21,0
DA:140,0
DA:141,0
DA:144,0
DA:146,0
DA:147,0
DA:148,0
DA:152,0
DA:161,0
DA:163,0
DA:164,0
DA:167,0
DA:176,0
DA:184,0
DA:196,0
DA:197,0
DA:198,0
DA:207,0
DA:208,0
DA:216,0
DA:225,0
LF:22
LH:0
BRDA:140,0,0,0
BRDA:140,0,1,0
BRDA:140,1,0,0
BRDA:140,1,1,0
BRDA:147,2,0,0
BRDA:147,2,1,0
BRDA:163,3,0,0
BRDA:163,3,1,0
BRDA:176,4,0,0
BRDA:176,4,1,0
BRDA:208,5,0,0
BRDA:208,5,1,0
BRDA:228,6,0,0
BRDA:228,6,1,0
BRDA:229,7,0,0
BRDA:229,7,1,0
BRDA:229,8,0,0
BRDA:229,8,1,0
BRF:18
BRH:0
end_of_record
TN:
SF:src/lib/skillsApi.js
FN:9,browseSkills
FN:41,getSkillSuggestions
FN:63,getAiSkillMatches
FN:88,getSkillDetails
FN:117,getSkillExchangePairs
FN:138,useSkillsApi
FN:150,(anonymous_6)
FN:155,(anonymous_7)
FN:167,(anonymous_8)
FN:174,(anonymous_9)
FN:182,browseSkillsCached
FNF:11
FNH:0
FNDA:0,browseSkills
FNDA:0,getSkillSuggestions
FNDA:0,getAiSkillMatches
FNDA:0,getSkillDetails
FNDA:0,getSkillExchangePairs
FNDA:0,useSkillsApi
FNDA:0,(anonymous_6)
FNDA:0,(anonymous_7)
FNDA:0,(anonymous_8)
FNDA:0,(anonymous_9)
FNDA:0,browseSkillsCached
DA:10,0
DA:12,0
DA:13,0
DA:14,0
DA:16,0
DA:17,0
DA:19,0
DA:20,0
DA:21,0
DA:29,0
DA:30,0
DA:42,0
DA:43,0
DA:46,0
DA:47,0
DA:48,0
DA:53,0
DA:54,0
DA:64,0
DA:65,0
DA:68,0
DA:69,0
DA:70,0
DA:78,0
DA:79,0
DA:89,0
DA:90,0
DA:93,0
DA:94,0
DA:95,0
DA:106,0
DA:107,0
DA:118,0
DA:119,0
DA:120,0
DA:128,0
DA:129,0
DA:139,0
DA:151,0
DA:152,0
DA:156,0
DA:157,0
DA:159,0
DA:160,0
DA:161,0
DA:164,0
DA:168,0
DA:175,0
DA:179,0
DA:183,0
DA:184,0
DA:186,0
DA:187,0
DA:190,0
DA:191,0
DA:192,0
DA:195,0
LF:57
LH:0
BRDA:9,0,0,0
BRDA:9,1,0,0
BRDA:12,2,0,0
BRDA:12,2,1,0
BRDA:13,3,0,0
BRDA:13,3,1,0
BRDA:14,4,0,0
BRDA:14,4,1,0
BRDA:17,5,0,0
BRDA:17,5,1,0
BRDA:24,6,0,0
BRDA:24,6,1,0
BRDA:25,7,0,0
BRDA:25,7,1,0
BRDA:26,8,0,0
BRDA:26,8,1,0
BRDA:41,9,0,0
BRDA:42,10,0,0
BRDA:42,10,1,0
BRDA:42,11,0,0
BRDA:42,11,1,0
BRDA:50,12,0,0
BRDA:50,12,1,0
BRDA:63,13,0,0
BRDA:63,14,0,0
BRDA:63,15,0,0
BRDA:64,16,0,0
BRDA:64,16,1,0
BRDA:73,17,0,0
BRDA:73,17,1,0
BRDA:89,18,0,0
BRDA:89,18,1,0
BRDA:100,19,0,0
BRDA:100,19,1,0
BRDA:101,20,0,0
BRDA:101,20,1,0
BRDA:102,21,0,0
BRDA:102,21,1,0
BRDA:103,22,0,0
BRDA:103,22,1,0
BRDA:117,23,0,0
BRDA:117,24,0,0
BRDA:117,25,0,0
BRDA:123,26,0,0
BRDA:123,26,1,0
BRDA:124,27,0,0
BRDA:124,27,1,0
BRDA:157,28,0,0
BRDA:157,28,1,0
BRDA:159,29,0,0
BRDA:159,29,1,0
BRDA:182,30,0,0
BRDA:186,31,0,0
BRDA:186,31,1,0
BRDA:191,32,0,0
BRDA:191,32,1,0
BRF:56
BRH:0
end_of_record
TN:
SF:src/screens/AboutPage.js
FN:7,(anonymous_0)
FN:19,(anonymous_1)
FN:29,(anonymous_2)
FN:35,(anonymous_3)
FN:41,(anonymous_4)
FN:45,(anonymous_5)
FN:51,(anonymous_6)
FN:57,(anonymous_7)
FN:63,(anonymous_8)
FN:66,(anonymous_9)
FN:71,(anonymous_10)
FN:79,AboutPage
FNF:12
FNH:0
FNDA:0,(anonymous_0)
FNDA:0,(anonymous_1)
FNDA:0,(anonymous_2)
FNDA:0,(anonymous_3)
FNDA:0,(anonymous_4)
FNDA:0,(anonymous_5)
FNDA:0,(anonymous_6)
FNDA:0,(anonymous_7)
FNDA:0,(anonymous_8)
FNDA:0,(anonymous_9)
FNDA:0,(anonymous_10)
FNDA:0,AboutPage
DA:4,0
DA:7,0
DA:10,0
DA:16,0
DA:19,0
DA:23,0
DA:29,0
DA:35,0
DA:40,0
DA:41,0
DA:45,0
DA:48,0
DA:51,0
DA:57,0
DA:62,0
DA:63,0
DA:66,0
DA:71,0
DA:80,0
LF:19
LH:0
BRF:0
BRH:0
end_of_record
TN:
SF:src/screens/AccountSettingsPage.js
FN:162,AccountSettingsPage
FN:182,(anonymous_1)
FN:194,(anonymous_2)
FN:212,(anonymous_3)
FN:235,(anonymous_4)
FN:250,(anonymous_5)
FN:322,(anonymous_6)
FN:365,(anonymous_7)
FNF:8
FNH:0
FNDA:0,AccountSettingsPage
FNDA:0,(anonymous_1)
FNDA:0,(anonymous_2)
FNDA:0,(anonymous_3)
FNDA:0,(anonymous_4)
FNDA:0,(anonymous_5)
FNDA:0,(anonymous_6)
FNDA:0,(anonymous_7)
DA:17,0
DA:23,0
DA:28,0
DA:36,0
DA:43,0
DA:48,0
DA:56,0
DA:66,0
DA:73,0
DA:86,0
DA:90,0
DA:97,0
DA:102,0
DA:106,0
DA:117,0
DA:124,0
DA:144,0
DA:169,0
DA:170,0
DA:171,0
DA:172,0
DA:173,0
DA:174,0
DA:176,0
DA:182,0
DA:183,0
DA:184,0
DA:185,0
DA:186,0
DA:188,0
DA:190,0
DA:194,0
DA:195,0
DA:196,0
DA:199,0
DA:200,0
DA:201,0
DA:203,0
DA:204,0
DA:206,0
DA:208,0
DA:212,0
DA:213,0
DA:215,0
DA:216,0
DA:217,0
DA:218,0
DA:220,0
DA:222,0
DA:226,0
DA:227,0
DA:235,0
DA:246,0
DA:250,0
DA:322,0
DA:365,0
LF:56
LH:0
BRDA:195,0,0,0
BRDA:195,0,1,0
BRDA:195,1,0,0
BRDA:195,1,1,0
BRDA:213,2,0,0
BRDA:213,2,1,0
BRDA:226,3,0,0
BRDA:226,3,1,0
BRDA:274,4,0,0
BRDA:274,4,1,0
BRDA:281,5,0,0
BRDA:281,5,1,0
BRDA:286,6,0,0
BRDA:286,6,1,0
BRDA:366,7,0,0
BRDA:366,7,1,0
BRDA:366,8,0,0
BRDA:366,8,1,0
BRF:18
BRH:0
end_of_record
TN:
SF:src/screens/AdminDashboardPage.js
FN:53,(anonymous_0)
FN:54,(anonymous_1)
FN:124,(anonymous_2)
FN:143,AdminDashboardPage
FN:167,(anonymous_4)
FN:174,(anonymous_5)
FN:191,(anonymous_6)
FN:208,(anonymous_7)
FN:223,(anonymous_8)
FN:246,(anonymous_9)
FN:259,(anonymous_10)
FN:274,(anonymous_11)
FN:289,(anonymous_12)
FN:321,(anonymous_13)
FN:325,(anonymous_14)
FN:335,(anonymous_15)
FN:423,(anonymous_16)
FN:460,(anonymous_17)
FN:482,(anonymous_18)
FN:495,(anonymous_19)
FN:536,(anonymous_20)
FN:583,(anonymous_21)
FN:601,(anonymous_22)
FN:620,(anonymous_23)
FN:654,(anonymous_24)
FN:674,(anonymous_25)
FN:694,(anonymous_26)
FN:756,(anonymous_27)
FN:760,(anonymous_28)
FNF:29
FNH:0
FNDA:0,(anonymous_0)
FNDA:0,(anonymous_1)
FNDA:0,(anonymous_2)
FNDA:0,AdminDashboardPage
FNDA:0,(anonymous_4)
FNDA:0,(anonymous_5)
FNDA:0,(anonymous_6)
FNDA:0,(anonymous_7)
FNDA:0,(anonymous_8)
FNDA:0,(anonymous_9)
FNDA:0,(anonymous_10)
FNDA:0,(anonymous_11)
FNDA:0,(anonymous_12)
FNDA:0,(anonymous_13)
FNDA:0,(anonymous_14)
FNDA:0,(anonymous_15)
FNDA:0,(anonymous_16)
FNDA:0,(anonymous_17)
FNDA:0,(anonymous_18)
FNDA:0,(anonymous_19)
FNDA:0,(anonymous_20)
FNDA:0,(anonymous_21)
FNDA:0,(anonymous_22)
FNDA:0,(anonymous_23)
FNDA:0,(anonymous_24)
FNDA:0,(anonymous_25)
FNDA:0,(anonymous_26)
FNDA:0,(anonymous_27)
FNDA:0,(anonymous_28)
DA:8,0
DA:14,0
DA:23,0
DA:30,0
DA:40,0
DA:47,0
DA:53,0
DA:54,0
DA:63,0
DA:71,0
DA:78,0
DA:86,0
DA:93,0
DA:98,0
DA:103,0
DA:113,0
DA:119,0
DA:124,0
DA:128,0
DA:135,0
DA:144,0
DA:145,0
DA:146,0
DA:147,0
DA:148,0
DA:149,0
DA:150,0
DA:151,0
DA:152,0
DA:154,0
DA:167,0
DA:168,0
DA:169,0
DA:170,0
DA:171,0
DA:174,0
DA:175,0
DA:176,0
DA:180,0
DA:181,0
DA:182,0
DA:184,0
DA:187,0
DA:191,0
DA:192,0
DA:193,0
DA:197,0
DA:198,0
DA:199,0
DA:202,0
DA:204,0
DA:208,0
DA:209,0
DA:210,0
DA:214,0
DA:215,0
DA:216,0
DA:219,0
DA:223,0
DA:224,0
DA:225,0
DA:234,0
DA:236,0
DA:238,0
DA:241,0
DA:242,0
DA:246,0
DA:247,0
DA:248,0
DA:253,0
DA:255,0
DA:259,0
DA:260,0
DA:261,0
DA:265,0
DA:266,0
DA:267,0
DA:270,0
DA:274,0
DA:275,0
DA:276,0
DA:280,0
DA:281,0
DA:282,0
DA:285,0
DA:289,0
DA:290,0
DA:292,0
DA:293,0
DA:294,0
DA:297,0
DA:298,0
DA:307,0
DA:308,0
DA:309,0
DA:310,0
DA:312,0
DA:313,0
DA:316,0
DA:317,0
DA:321,0
DA:322,0
DA:325,0
DA:326,0
DA:327,0
DA:328,0
DA:329,0
DA:330,0
DA:331,0
DA:335,0
DA:336,0
DA:337,0
DA:340,0
DA:342,0
DA:369,0
DA:381,0
DA:393,0
DA:405,0
DA:417,0
DA:424,0
DA:436,0
DA:461,0
DA:482,0
DA:496,0
DA:497,0
DA:519,0
DA:537,0
DA:561,0
DA:584,0
DA:602,0
DA:621,0
DA:641,0
DA:654,0
DA:674,0
DA:694,0
DA:741,0
DA:745,0
DA:757,0
DA:760,0
LF:139
LH:0
BRDA:53,0,0,0
BRDA:53,0,1,0
BRDA:54,1,0,0
BRDA:54,1,1,0
BRDA:124,2,0,0
BRDA:124,2,1,0
BRDA:180,3,0,0
BRDA:180,3,1,0
BRDA:197,4,0,0
BRDA:197,4,1,0
BRDA:214,5,0,0
BRDA:214,5,1,0
BRDA:216,6,0,0
BRDA:216,6,1,0
BRDA:223,7,0,0
BRDA:234,8,0,0
BRDA:234,8,1,0
BRDA:265,9,0,0
BRDA:265,9,1,0
BRDA:267,10,0,0
BRDA:267,10,1,0
BRDA:280,11,0,0
BRDA:280,11,1,0
BRDA:292,12,0,0
BRDA:292,12,1,0
BRDA:292,13,0,0
BRDA:292,13,1,0
BRDA:292,13,2,0
BRDA:307,14,0,0
BRDA:307,14,1,0
BRDA:326,15,0,0
BRDA:326,15,1,0
BRDA:326,15,2,0
BRDA:326,15,3,0
BRDA:326,15,4,0
BRDA:336,16,0,0
BRDA:336,16,1,0
BRDA:340,17,0,0
BRDA:340,17,1,0
BRDA:340,17,2,0
BRDA:340,17,3,0
BRDA:340,17,4,0
BRDA:340,17,5,0
BRDA:340,17,6,0
BRDA:340,17,7,0
BRDA:340,17,8,0
BRDA:340,17,9,0
BRDA:340,17,10,0
BRDA:349,18,0,0
BRDA:349,18,1,0
BRDA:353,19,0,0
BRDA:353,19,1,0
BRDA:357,20,0,0
BRDA:357,20,1,0
BRDA:361,21,0,0
BRDA:361,21,1,0
BRDA:427,22,0,0
BRDA:427,22,1,0
BRDA:456,23,0,0
BRDA:456,23,1,0
BRDA:464,24,0,0
BRDA:464,24,1,0
BRDA:467,25,0,0
BRDA:467,25,1,0
BRDA:470,26,0,0
BRDA:470,26,1,0
BRDA:472,27,0,0
BRDA:472,27,1,0
BRDA:548,28,0,0
BRDA:548,28,1,0
BRDA:549,29,0,0
BRDA:549,29,1,0
BRDA:566,30,0,0
BRDA:566,30,1,0
BRDA:583,31,0,0
BRDA:583,31,1,0
BRDA:601,32,0,0
BRDA:601,32,1,0
BRF:78
BRH:0
end_of_record
TN:
SF:src/screens/AdminLoginPage.js
FN:89,AdminLoginPage
FN:95,(anonymous_1)
FN:124,(anonymous_2)
FN:139,(anonymous_3)
FNF:4
FNH:0
FNDA:0,AdminLoginPage
FNDA:0,(anonymous_1)
FNDA:0,(anonymous_2)
FNDA:0,(anonymous_3)
DA:6,0
DA:15,0
DA:25,0
DA:33,0
DA:40,0
DA:46,0
DA:67,0
DA:74,0
DA:90,0
DA:91,0
DA:92,0
DA:93,0
DA:95,0
DA:96,0
DA:97,0
DA:98,0
DA:100,0
DA:101,0
DA:110,0
DA:111,0
DA:113,0
DA:114,0
DA:117,0
DA:118,0
DA:120,0
DA:124,0
DA:125,0
DA:128,0
DA:139,0
LF:29
LH:0
BRDA:110,0,0,0
BRDA:110,0,1,0
BRDA:114,1,0,0
BRDA:114,1,1,0
BRDA:148,2,0,0
BRDA:148,2,1,0
BRDA:151,3,0,0
BRDA:151,3,1,0
BRDA:154,4,0,0
BRDA:154,4,1,0
BRF:10
BRH:0
end_of_record
TN:
SF:src/screens/AngelsListPage.js
FN:88,(anonymous_0)
FN:94,(anonymous_1)
FN:145,AngelsListPage
FN:152,(anonymous_3)
FN:174,(anonymous_4)
FN:261,(anonymous_5)
FN:284,(anonymous_6)
FN:288,(anonymous_7)
FN:296,(anonymous_8)
FN:309,(anonymous_9)
FN:331,(anonymous_10)
FN:334,(anonymous_11)
FNF:12
FNH:0
FNDA:0,(anonymous_0)
FNDA:0,(anonymous_1)
FNDA:0,AngelsListPage
FNDA:0,(anonymous_3)
FNDA:0,(anonymous_4)
FNDA:0,(anonymous_5)
FNDA:0,(anonymous_6)
FNDA:0,(anonymous_7)
FNDA:0,(anonymous_8)
FNDA:0,(anonymous_9)
FNDA:0,(anonymous_10)
FNDA:0,(anonymous_11)
DA:9,0
DA:15,0
DA:20,0
DA:24,0
DA:30,0
DA:42,0
DA:61,0
DA:76,0
DA:83,0
DA:88,0
DA:94,0
DA:98,0
DA:105,0
DA:110,0
DA:119,0
DA:125,0
DA:134,0
DA:140,0
DA:146,0
DA:147,0
DA:148,0
DA:149,0
DA:150,0
DA:152,0
DA:155,0
DA:156,0
DA:157,0
DA:158,0
DA:159,0
DA:160,0
DA:161,0
DA:162,0
DA:163,0
DA:164,0
DA:165,0
DA:167,0
DA:171,0
DA:174,0
DA:176,0
DA:178,0
DA:184,0
DA:189,0
DA:198,0
DA:261,0
DA:262,0
DA:264,0
DA:265,0
DA:267,0
DA:270,0
DA:284,0
DA:288,0
DA:296,0
DA:310,0
DA:331,0
DA:334,0
LF:55
LH:0
BRDA:156,0,0,0
BRDA:156,0,1,0
BRDA:158,1,0,0
BRDA:158,1,1,0
BRDA:158,2,0,0
BRDA:158,2,1,0
BRDA:160,3,0,0
BRDA:160,3,1,0
BRDA:162,4,0,0
BRDA:162,4,1,0
BRDA:162,5,0,0
BRDA:162,5,1,0
BRDA:164,6,0,0
BRDA:164,6,1,0
BRDA:164,7,0,0
BRDA:164,7,1,0
BRDA:176,8,0,0
BRDA:176,8,1,0
BRDA:262,9,0,0
BRDA:262,9,1,0
BRDA:264,10,0,0
BRDA:264,10,1,0
BRDA:265,11,0,0
BRDA:265,11,1,0
BRDA:267,12,0,0
BRDA:267,12,1,0
BRDA:267,12,2,0
BRDA:342,13,0,0
BRDA:342,13,1,0
BRF:29
BRH:0
end_of_record
TN:
SF:src/screens/BlogPage.js
FN:415,BlogPage
FN:419,(anonymous_1)
FN:421,(anonymous_2)
FN:440,(anonymous_3)
FN:469,(anonymous_4)
FN:508,(anonymous_5)
FNF:6
FNH:0
FNDA:0,BlogPage
FNDA:0,(anonymous_1)
FNDA:0,(anonymous_2)
FNDA:0,(anonymous_3)
FNDA:0,(anonymous_4)
FNDA:0,(anonymous_5)
DA:8,0
DA:17,0
DA:22,0
DA:29,0
DA:37,0
DA:48,0
DA:63,0
DA:77,0
DA:85,0
DA:92,0
DA:101,0
DA:112,0
DA:123,0
DA:128,0
DA:133,0
DA:141,0
DA:151,0
DA:194,0
DA:199,0
DA:416,0
DA:417,0
DA:419,0
DA:420,0
DA:421,0
DA:422,0
DA:424,0
DA:429,0
DA:430,0
DA:440,0
DA:470,0
DA:471,0
DA:472,0
DA:473,0
DA:474,0
DA:475,0
DA:476,0
DA:477,0
DA:478,0
DA:479,0
DA:481,0
DA:491,0
DA:509,0
LF:42
LH:0
BRDA:420,0,0,0
BRDA:420,0,1,0
BRDA:429,1,0,0
BRDA:429,1,1,0
BRDA:470,2,0,0
BRDA:470,2,1,0
BRDA:472,3,0,0
BRDA:472,3,1,0
BRDA:474,4,0,0
BRDA:474,4,1,0
BRDA:476,5,0,0
BRDA:476,5,1,0
BRDA:478,6,0,0
BRDA:478,6,1,0
BRF:14
BRH:0
end_of_record
TN:
SF:src/screens/ComingSoonPage.js
FN:50,ComingSoonPage
FN:58,(anonymous_1)
FN:62,(anonymous_2)
FNF:3
FNH:0
FNDA:0,ComingSoonPage
FNDA:0,(anonymous_1)
FNDA:0,(anonymous_2)
DA:8,0
DA:20,0
DA:31,0
DA:38,0
DA:46,0
DA:56,0
DA:58,0
DA:59,0
DA:62,0
DA:63,0
DA:66,0
LF:11
LH:0
BRDA:51,0,0,0
BRDA:52,1,0,0
BRDA:53,2,0,0
BRDA:54,3,0,0
BRF:4
BRH:0
end_of_record
TN:
SF:src/screens/ComingSoonPages.js
FN:7,(anonymous_0)
FN:17,(anonymous_1)
FN:19,(anonymous_2)
FN:25,(anonymous_3)
FN:30,(anonymous_4)
FN:37,(anonymous_5)
FN:38,(anonymous_6)
FN:53,(anonymous_7)
FN:60,(anonymous_8)
FN:66,ComingSoonPage
FN:76,(anonymous_10)
FN:91,HelpCenterPage
[...]
FNDA:0,(anonymous_12)
FNDA:0,(anonymous_13)
FNDA:0,(anonymous_14)
FNDA:0,(anonymous_15)
FNDA:0,(anonymous_16)
FNDA:0,(anonymous_17)
FNDA:0,(anonymous_18)
FNDA:0,(anonymous_19)
FNDA:0,(anonymous_20)
FNDA:0,(anonymous_21)
FNDA:0,(anonymous_22)
FNDA:0,(anonymous_23)
FNDA:0,(anonymous_24)
FNDA:0,(anonymous_25)
FNDA:0,(anonymous_26)
FNDA:0,(anonymous_27)
FNDA:0,(anonymous_28)
FNDA:0,(anonymous_29)
FNDA:0,(anonymous_30)
FNDA:0,(anonymous_31)
FNDA:0,(anonymous_32)
FNDA:0,(anonymous_33)
FNDA:0,(anonymous_34)
FNDA:0,(anonymous_35)
FNDA:0,(anonymous_36)
FNDA:0,(anonymous_37)
FNDA:0,(anonymous_38)
FNDA:0,(anonymous_39)
FNDA:0,(anonymous_40)
FNDA:0,(anonymous_41)
FNDA:0,(anonymous_42)
FNDA:0,(anonymous_43)
FNDA:0,(anonymous_44)
FNDA:0,(anonymous_45)
FNDA:0,(anonymous_46)
FNDA:0,(anonymous_47)
FNDA:0,(anonymous_48)
FNDA:0,(anonymous_49)
FNDA:0,SkillsPage
FNDA:0,(anonymous_51)
FNDA:0,(anonymous_52)
FNDA:0,(anonymous_53)
FNDA:0,(anonymous_54)
FNDA:0,(anonymous_55)
FNDA:0,(anonymous_56)
FNDA:0,(anonymous_57)
FNDA:0,(anonymous_58)
FNDA:0,(anonymous_59)
FNDA:0,(anonymous_60)
FNDA:0,(anonymous_61)
FNDA:0,(anonymous_62)
FNDA:0,(anonymous_63)
FNDA:0,(anonymous_64)
FNDA:0,(anonymous_65)
FNDA:0,(anonymous_66)
FNDA:0,(anonymous_67)
FNDA:0,(anonymous_68)
FNDA:0,(anonymous_69)
FNDA:0,(anonymous_70)
FNDA:0,(anonymous_71)
FNDA:0,(anonymous_72)
FNDA:0,(anonymous_73)
FNDA:0,(anonymous_74)
FNDA:0,(anonymous_75)
FNDA:0,(anonymous_76)
FNDA:0,(anonymous_77)
DA:10,0
DA:13,0
DA:16,0
DA:22,0
DA:26,0
DA:31,0
DA:33,0
DA:42,0
DA:43,0
DA:47,0
DA:48,0
DA:51,0
DA:56,0
DA:63,0
DA:68,0
DA:74,0
DA:77,0
DA:79,0
DA:80,0
DA:86,0
DA:91,0
DA:95,0
DA:100,0
DA:105,0
DA:109,0
DA:112,0
DA:118,0
DA:120,0
DA:124,0
DA:128,0
DA:135,0
DA:136,0
DA:139,0
DA:140,0
DA:152,0
DA:163,0
DA:169,0
DA:177,0
DA:183,0
DA:184,0
DA:188,0
DA:191,0
DA:198,0
DA:203,0
DA:212,0
DA:218,0
DA:224,0
DA:231,0
DA:237,0
DA:240,0
DA:247,0
DA:259,0
DA:265,0
DA:278,0
DA:279,0
DA:280,0
DA:287,0
DA:290,0
DA:295,0
DA:296,0
DA:302,0
DA:305,0
DA:313,0
DA:318,0
DA:323,0
DA:327,0
DA:328,0
DA:332,0
DA:335,0
DA:336,0
DA:340,0
DA:350,0
DA:360,0
DA:365,0
DA:369,0
DA:388,0
DA:389,0
DA:401,0
DA:402,0
DA:403,0
DA:404,0
DA:405,0
DA:406,0
DA:409,0
DA:410,0
DA:411,0
DA:412,0
DA:413,0
DA:416,0
DA:417,0
DA:421,0
DA:422,0
DA:423,0
DA:428,0
DA:429,0
DA:430,0
DA:432,0
DA:433,0
DA:437,0
DA:438,0
DA:439,0
DA:440,0
DA:442,0
DA:446,0
DA:447,0
DA:448,0
DA:450,0
DA:453,0
DA:454,0
DA:456,0
DA:458,0
DA:462,0
DA:463,0
DA:464,0
DA:465,0
DA:466,0
DA:467,0
DA:470,0
DA:474,0
DA:475,0
DA:476,0
DA:477,0
DA:478,0
DA:481,0
DA:485,0
DA:487,0
DA:488,0
DA:492,0
DA:493,0
DA:494,0
DA:500,0
DA:504,0
DA:513,0
DA:514,0
DA:515,0
DA:521,0
DA:525,0
DA:534,0
DA:554,0
DA:555,0
DA:556,0
DA:561,0
DA:564,0
DA:565,0
DA:599,0
DA:605,0
DA:611,0
DA:626,0
DA:633,0
DA:659,0
DA:675,0
DA:688,0
DA:708,0
DA:731,0
DA:738,0
LF:155
LH:0
BRDA:118,0,0,0
BRDA:118,0,1,0
BRDA:120,1,0,0
BRDA:120,1,1,0
BRDA:389,2,0,0
BRDA:389,2,1,0
BRDA:422,3,0,0
BRDA:422,3,1,0
BRDA:422,4,0,0
BRDA:422,4,1,0
BRDA:429,5,0,0
BRDA:429,5,1,0
BRDA:446,6,0,0
BRDA:446,6,1,0
BRDA:447,7,0,0
BRDA:447,7,1,0
BRDA:448,8,0,0
BRDA:448,8,1,0
BRDA:450,9,0,0
BRDA:450,9,1,0
BRDA:465,10,0,0
BRDA:465,10,1,0
BRDA:466,11,0,0
BRDA:466,11,1,0
BRDA:477,12,0,0
BRDA:477,12,1,0
BRDA:478,13,0,0
BRDA:478,13,1,0
BRDA:485,14,0,0
BRDA:485,14,1,0
BRDA:487,15,0,0
BRDA:487,15,1,0
BRDA:493,16,0,0
BRDA:493,16,1,0
BRDA:514,17,0,0
BRDA:514,17,1,0
BRDA:558,18,0,0
BRDA:558,18,1,0
BRDA:558,18,2,0
BRDA:579,19,0,0
BRDA:579,19,1,0
BRDA:589,20,0,0
BRDA:589,20,1,0
BRDA:601,21,0,0
BRDA:601,21,1,0
BRDA:613,22,0,0
BRDA:613,22,1,0
BRDA:613,22,2,0
BRDA:617,23,0,0
BRDA:617,23,1,0
BRDA:617,23,2,0
BRDA:624,24,0,0
BRDA:624,24,1,0
BRDA:628,25,0,0
BRDA:628,25,1,0
BRDA:634,26,0,0
BRDA:634,26,1,0
BRDA:635,27,0,0
BRDA:635,27,1,0
BRDA:636,28,0,0
BRDA:636,28,1,0
BRDA:650,29,0,0
BRDA:650,29,1,0
BRDA:650,29,2,0
BRDA:672,30,0,0
BRDA:672,30,1,0
BRDA:679,31,0,0
BRDA:679,31,1,0
BRDA:696,32,0,0
BRDA:696,32,1,0
BRF:70
BRH:0
end_of_record
TN:
SF:src/screens/SubdomainLandingPages.js
FN:279,(anonymous_0)
FN:283,(anonymous_1)
FN:287,(anonymous_2)
FN:291,(anonymous_3)
FN:295,(anonymous_4)
FN:299,(anonymous_5)
FN:303,(anonymous_6)
FN:307,(anonymous_7)
FN:311,(anonymous_8)
FN:315,(anonymous_9)
FN:319,(anonymous_10)
FN:323,(anonymous_11)
FN:327,(anonymous_12)
FN:331,(anonymous_13)
FN:335,(anonymous_14)
FNF:15
FNH:0
FNDA:0,(anonymous_0)
FNDA:0,(anonymous_1)
FNDA:0,(anonymous_2)
FNDA:0,(anonymous_3)
FNDA:0,(anonymous_4)
FNDA:0,(anonymous_5)
FNDA:0,(anonymous_6)
FNDA:0,(anonymous_7)
FNDA:0,(anonymous_8)
FNDA:0,(anonymous_9)
FNDA:0,(anonymous_10)
FNDA:0,(anonymous_11)
FNDA:0,(anonymous_12)
FNDA:0,(anonymous_13)
FNDA:0,(anonymous_14)
DA:5,0
DA:279,0
DA:280,0
DA:283,0
DA:284,0
DA:287,0
DA:288,0
DA:291,0
DA:292,0
DA:295,0
DA:296,0
DA:299,0
DA:300,0
DA:303,0
DA:304,0
DA:307,0
DA:308,0
DA:311,0
DA:312,0
DA:315,0
DA:316,0
DA:319,0
DA:320,0
DA:323,0
DA:324,0
DA:327,0
DA:328,0
DA:331,0
DA:332,0
DA:335,0
DA:336,0
LF:31
LH:0
BRF:0
BRH:0
end_of_record
TN:
SF:src/screens/SuccessStoriesPage.js
FN:4,SuccessStoriesPage
FNF:1
FNH:0
FNDA:0,SuccessStoriesPage
DA:5,0
LF:1
LH:0
BRF:0
BRH:0
end_of_record
TN:
SF:src/screens/TermsAndConditionsPage.js
FN:8,(anonymous_0)
FN:14,(anonymous_1)
FN:17,(anonymous_2)
FN:18,(anonymous_3)
FN:24,(anonymous_4)
FN:26,(anonymous_5)
FN:32,(anonymous_6)
FN:43,(anonymous_7)
FN:44,(anonymous_8)
FN:51,(anonymous_9)
FN:103,TermsAndConditionsPage
FNF:11
FNH:0
FNDA:0,(anonymous_0)
FNDA:0,(anonymous_1)
FNDA:0,(anonymous_2)
FNDA:0,(anonymous_3)
FNDA:0,(anonymous_4)
FNDA:0,(anonymous_5)
FNDA:0,(anonymous_6)
FNDA:0,(anonymous_7)
FNDA:0,(anonymous_8)
FNDA:0,(anonymous_9)
FNDA:0,TermsAndConditionsPage
DA:5,0
DA:8,0
DA:11,0
DA:14,0
DA:17,0
DA:18,0
DA:21,0
DA:24,0
DA:26,0
DA:30,0
DA:32,0
DA:37,0
DA:43,0
DA:44,0
DA:51,0
DA:73,0
DA:86,0
DA:104,0
DA:111,0
LF:19
LH:0
BRDA:121,0,0,0
BRDA:121,0,1,0
BRDA:134,1,0,0
BRDA:134,1,1,0
BRDA:175,2,0,0
BRDA:175,2,1,0
BRDA:219,3,0,0
BRDA:219,3,1,0
BRDA:225,4,0,0
BRDA:225,4,1,0
BRDA:313,5,0,0
BRDA:313,5,1,0
BRDA:340,6,0,0
BRDA:340,6,1,0
BRDA:354,7,0,0
BRDA:354,7,1,0
BRDA:367,8,0,0
BRDA:367,8,1,0
BRDA:375,9,0,0
BRDA:375,9,1,0
BRDA:377,10,0,0
BRDA:377,10,1,0
BRDA:378,11,0,0
BRDA:378,11,1,0
BRDA:400,12,0,0
BRDA:400,12,1,0
BRDA:416,13,0,0
BRDA:416,13,1,0
BRDA:423,14,0,0
BRDA:423,14,1,0
BRDA:424,15,0,0
BRDA:424,15,1,0
BRDA:425,16,0,0
BRDA:425,16,1,0
BRF:34
BRH:0
end_of_record
TN:
SF:src/screens/account/PayoutsPanel.js
FN:4,PayoutsPanel
FN:13,(anonymous_1)
FN:15,(anonymous_2)
FN:17,(anonymous_3)
FN:24,(anonymous_4)
FN:26,(anonymous_5)
FN:34,(anonymous_6)
FN:35,(anonymous_7)
FN:52,(anonymous_8)
FN:54,(anonymous_9)
FN:66,(anonymous_10)
FN:76,(anonymous_11)
FN:91,(anonymous_12)
FN:160,(anonymous_13)
FN:164,(anonymous_14)
FN:168,(anonymous_15)
FN:191,(anonymous_16)
FNF:17
FNH:0
FNDA:0,PayoutsPanel
FNDA:0,(anonymous_1)
FNDA:0,(anonymous_2)
FNDA:0,(anonymous_3)
FNDA:0,(anonymous_4)
FNDA:0,(anonymous_5)
FNDA:0,(anonymous_6)
FNDA:0,(anonymous_7)
FNDA:0,(anonymous_8)
FNDA:0,(anonymous_9)
FNDA:0,(anonymous_10)
FNDA:0,(anonymous_11)
FNDA:0,(anonymous_12)
FNDA:0,(anonymous_13)
FNDA:0,(anonymous_14)
FNDA:0,(anonymous_15)
FNDA:0,(anonymous_16)
DA:5,0
DA:6,0
DA:7,0
DA:8,0
DA:9,0
DA:10,0
DA:11,0
DA:13,0
DA:15,0
DA:16,0
DA:17,0
DA:18,0
DA:20,0
DA:21,0
DA:24,0
DA:25,0
DA:26,0
DA:27,0
DA:29,0
DA:30,0
DA:34,0
DA:35,0
DA:36,0
DA:37,0
DA:38,0
DA:39,0
DA:40,0
DA:41,0
DA:43,0
DA:44,0
DA:46,0
DA:49,0
DA:52,0
DA:53,0
DA:54,0
DA:55,0
DA:56,0
DA:58,0
DA:61,0
DA:62,0
DA:66,0
DA:67,0
DA:68,0
DA:69,0
DA:70,0
DA:71,0
DA:76,0
DA:77,0
DA:78,0
DA:79,0
DA:81,0
DA:84,0
DA:85,0
DA:87,0
DA:91,0
DA:92,0
DA:94,0
DA:95,0
DA:102,0
DA:160,0
DA:164,0
DA:168,0
DA:191,0
LF:63
LH:0
BRDA:55,0,0,0
BRDA:55,0,1,0
BRDA:70,1,0,0
BRDA:70,1,1,0
BRDA:77,2,0,0
BRDA:77,2,1,0
BRDA:81,3,0,0
BRDA:81,3,1,0
BRDA:91,4,0,0
BRDA:91,4,1,0
BRDA:91,5,0,0
BRDA:91,5,1,0
BRDA:92,6,0,0
BRDA:92,6,1,0
BRDA:94,7,0,0
BRDA:94,7,1,0
BRDA:94,8,0,0
BRDA:94,8,1,0
BRDA:107,9,0,0
BRDA:107,9,1,0
BRDA:111,10,0,0
BRDA:111,10,1,0
BRDA:112,11,0,0
BRDA:112,11,1,0
BRDA:121,12,0,0
BRDA:121,12,1,0
BRDA:125,13,0,0
BRDA:125,13,1,0
BRDA:126,14,0,0
BRDA:126,14,1,0
BRDA:127,15,0,0
BRDA:127,15,1,0
BRDA:155,16,0,0
BRDA:155,16,1,0
BRDA:160,17,0,0
BRDA:160,17,1,0
BRDA:162,18,0,0
BRDA:162,18,1,0
BRDA:164,19,0,0
BRDA:164,19,1,0
BRDA:168,20,0,0
BRDA:168,20,1,0
BRDA:175,21,0,0
BRDA:175,21,1,0
BRDA:175,21,2,0
BRDA:175,21,3,0
BRDA:210,22,0,0
BRDA:210,22,1,0
BRDA:215,23,0,0
BRDA:215,23,1,0
BRDA:219,24,0,0
BRDA:219,24,1,0
BRF:52
BRH:0
end_of_record
TN:
SF:src/screens/guru/GuruHomePage.js
FN:65,(anonymous_0)
FN:68,(anonymous_1)
FN:103,(anonymous_2)
FN:129,(anonymous_3)
FN:139,(anonymous_4)
FN:140,(anonymous_5)
FN:141,(anonymous_6)
FN:148,(anonymous_7)
FN:155,(anonymous_8)
FN:155,(anonymous_9)
FN:180,(anonymous_10)
FN:180,(anonymous_11)
FN:194,GuruHomePage
FN:198,(anonymous_13)
FN:230,(anonymous_14)
FN:238,(anonymous_15)
FN:242,(anonymous_16)
FN:271,(anonymous_17)
FN:290,(anonymous_18)
FN:299,(anonymous_19)
FNF:20
FNH:0
FNDA:0,(anonymous_0)
FNDA:0,(anonymous_1)
FNDA:0,(anonymous_2)
FNDA:0,(anonymous_3)
FNDA:0,(anonymous_4)
FNDA:0,(anonymous_5)
FNDA:0,(anonymous_6)
FNDA:0,(anonymous_7)
FNDA:0,(anonymous_8)
FNDA:0,(anonymous_9)
FNDA:0,(anonymous_10)
FNDA:0,(anonymous_11)
FNDA:0,GuruHomePage
FNDA:0,(anonymous_13)
FNDA:0,(anonymous_14)
FNDA:0,(anonymous_15)
FNDA:0,(anonymous_16)
FNDA:0,(anonymous_17)
FNDA:0,(anonymous_18)
FNDA:0,(anonymous_19)
DA:8,0
DA:13,0
DA:24,0
DA:32,0
DA:42,0
DA:52,0
DA:65,0
DA:68,0
DA:87,0
DA:94,0
DA:100,0
DA:103,0
DA:118,0
DA:129,0
DA:136,0
DA:139,0
DA:140,0
DA:141,0
DA:148,0
DA:153,0
DA:155,0
DA:164,0
DA:171,0
DA:178,0
DA:180,0
DA:195,0
DA:198,0
DA:199,0
DA:200,0
DA:203,0
DA:204,0
DA:205,0
DA:211,0
DA:212,0
DA:213,0
DA:216,0
DA:217,0
DA:224,0
DA:225,0
DA:230,0
DA:238,0
DA:239,0
DA:242,0
DA:243,0
DA:246,0
DA:272,0
DA:291,0
DA:299,0
LF:48
LH:0
BRDA:68,0,0,0
BRDA:68,0,1,0
BRDA:139,1,0,0
BRDA:139,1,1,0
BRDA:140,2,0,0
BRDA:140,2,1,0
BRDA:199,3,0,0
BRDA:199,3,1,0
BRDA:200,4,0,0
BRDA:200,4,1,0
BRDA:204,5,0,0
BRDA:204,5,1,0
BRDA:204,6,0,0
BRDA:204,6,1,0
BRDA:211,7,0,0
BRDA:211,7,1,0
BRDA:212,8,0,0
BRDA:212,8,1,0
BRDA:216,9,0,0
BRDA:216,9,1,0
BRDA:224,10,0,0
BRDA:224,10,1,0
BRDA:224,11,0,0
BRDA:224,11,1,0
BRDA:230,12,0,0
BRDA:230,12,1,0
BRDA:239,13,0,0
BRDA:239,13,1,0
BRDA:243,14,0,0
BRDA:243,14,1,0
BRDA:261,15,0,0
BRDA:261,15,1,0
BRDA:261,15,2,0
BRDA:273,16,0,0
BRDA:273,16,1,0
BRDA:283,17,0,0
BRDA:283,17,1,0
BRDA:288,18,0,0
BRDA:288,18,1,0
BRF:39
BRH:0
end_of_record
TN:
SF:src/screens/onboarding/OnboardingCategories.js
FN:8,(anonymous_0)
FN:22,OnboardingCategories
FN:30,(anonymous_2)
FN:31,(anonymous_3)
FN:48,(anonymous_4)
FN:64,(anonymous_5)
FN:64,(anonymous_6)
FN:66,(anonymous_7)
FN:70,(anonymous_8)
FN:101,(anonymous_9)
FN:121,(anonymous_10)
FNF:11
FNH:0
FNDA:0,(anonymous_0)
FNDA:0,OnboardingCategories
FNDA:0,(anonymous_2)
FNDA:0,(anonymous_3)
FNDA:0,(anonymous_4)
FNDA:0,(anonymous_5)
FNDA:0,(anonymous_6)
FNDA:0,(anonymous_7)
FNDA:0,(anonymous_8)
FNDA:0,(anonymous_9)
FNDA:0,(anonymous_10)
DA:8,0
DA:9,0
DA:23,0
DA:24,0
DA:25,0
DA:26,0
DA:27,0
DA:28,0
DA:30,0
DA:31,0
DA:32,0
DA:33,0
DA:34,0
DA:36,0
DA:41,0
DA:42,0
DA:44,0
DA:47,0
DA:48,0
DA:49,0
DA:50,0
DA:52,0
DA:55,0
DA:56,0
DA:58,0
DA:61,0
DA:64,0
DA:66,0
DA:67,0
DA:68,0
DA:69,0
DA:70,0
DA:71,0
DA:76,0
DA:78,0
DA:79,0
DA:81,0
DA:85,0
DA:86,0
DA:93,0
DA:102,0
DA:103,0
DA:121,0
LF:43
LH:0
BRDA:47,0,0,0
BRDA:47,0,1,0
BRDA:47,1,0,0
BRDA:47,1,1,0
BRDA:64,2,0,0
BRDA:64,2,1,0
BRDA:79,3,0,0
BRDA:79,3,1,0
BRDA:85,4,0,0
BRDA:85,4,1,0
BRDA:98,5,0,0
BRDA:98,5,1,0
BRDA:107,6,0,0
BRDA:107,6,1,0
BRDA:108,7,0,0
BRDA:108,7,1,0
BRDA:124,8,0,0
BRDA:124,8,1,0
BRDA:131,9,0,0
BRDA:131,9,1,0
BRF:20
BRH:0
end_of_record
TN:
SF:src/screens/onboarding/OnboardingDocuments.js
FN:10,(anonymous_0)
FN:15,(anonymous_1)
FN:20,(anonymous_2)
FN:34,(anonymous_3)
FN:41,(anonymous_4)
FN:42,(anonymous_5)
FN:43,(anonymous_6)
FN:44,(anonymous_7)
FN:50,(anonymous_8)
FN:54,(anonymous_9)
FN:61,(anonymous_10)
FN:62,(anonymous_11)
FN:63,(anonymous_12)
FN:64,(anonymous_13)
FN:71,(anonymous_14)
FN:75,(anonymous_15)
FN:76,(anonymous_16)
FN:84,(anonymous_17)
FN:90,(anonymous_18)
FN:95,OnboardingDocuments
FN:106,(anonymous_20)
FN:117,(anonymous_21)
FN:117,(anonymous_22)
FNF:23
FNH:0
FNDA:0,(anonymous_0)
FNDA:0,(anonymous_1)
FNDA:0,(anonymous_2)
FNDA:0,(anonymous_3)
FNDA:0,(anonymous_4)
FNDA:0,(anonymous_5)
FNDA:0,(anonymous_6)
FNDA:0,(anonymous_7)
FNDA:0,(anonymous_8)
FNDA:0,(anonymous_9)
FNDA:0,(anonymous_10)
FNDA:0,(anonymous_11)
FNDA:0,(anonymous_12)
FNDA:0,(anonymous_13)
FNDA:0,(anonymous_14)
FNDA:0,(anonymous_15)
FNDA:0,(anonymous_16)
FNDA:0,(anonymous_17)
FNDA:0,(anonymous_18)
FNDA:0,OnboardingDocuments
FNDA:0,(anonymous_20)
FNDA:0,(anonymous_21)
FNDA:0,(anonymous_22)
DA:6,0
DA:10,0
DA:14,0
DA:15,0
DA:19,0
DA:20,0
DA:25,0
DA:30,0
DA:34,0
DA:38,0
DA:41,0
DA:42,0
DA:43,0
DA:44,0
DA:50,0
DA:54,0
DA:58,0
DA:61,0
DA:62,0
DA:63,0
DA:64,0
DA:71,0
DA:75,0
DA:76,0
DA:80,0
DA:84,0
DA:90,0
DA:96,0
DA:106,0
DA:107,0
DA:108,0
DA:109,0
DA:110,0
DA:111,0
DA:113,0
DA:117,0
DA:118,0
DA:121,0
LF:38
LH:0
BRF:0
BRH:0
end_of_record
TN:
SF:src/screens/onboarding/OnboardingPayout.js
FN:10,(anonymous_0)
FN:15,(anonymous_1)
FN:20,(anonymous_2)
FN:26,(anonymous_3)
FN:27,(anonymous_4)
FN:31,(anonymous_5)
FN:35,(anonymous_6)
FN:40,(anonymous_7)
FN:47,(anonymous_8)
FN:53,(anonymous_9)
FN:58,(anonymous_10)
FN:59,(anonymous_11)
FN:60,(anonymous_12)
FN:61,(anonymous_13)
FN:68,(anonymous_14)
FN:76,OnboardingPayout
FN:80,(anonymous_16)
FN:90,(anonymous_17)
FN:92,(anonymous_18)
FN:153,(anonymous_19)
FNF:20
FNH:0
FNDA:0,(anonymous_0)
FNDA:0,(anonymous_1)
FNDA:0,(anonymous_2)
FNDA:0,(anonymous_3)
FNDA:0,(anonymous_4)
FNDA:0,(anonymous_5)
FNDA:0,(anonymous_6)
FNDA:0,(anonymous_7)
FNDA:0,(anonymous_8)
FNDA:0,(anonymous_9)
FNDA:0,(anonymous_10)
FNDA:0,(anonymous_11)
FNDA:0,(anonymous_12)
FNDA:0,(anonymous_13)
FNDA:0,(anonymous_14)
FNDA:0,OnboardingPayout
FNDA:0,(anonymous_16)
FNDA:0,(anonymous_17)
FNDA:0,(anonymous_18)
FNDA:0,(anonymous_19)
DA:6,0
DA:10,0
DA:14,0
DA:15,0
DA:19,0
DA:20,0
DA:25,0
DA:26,0
DA:27,0
DA:31,0
DA:34,0
DA:35,0
DA:39,0
DA:40,0
DA:45,0
DA:47,0
DA:51,0
DA:53,0
DA:57,0
DA:58,0
DA:59,0
DA:60,0
DA:61,0
DA:68,0
DA:72,0
DA:77,0
DA:78,0
DA:80,0
DA:81,0
DA:82,0
DA:83,0
DA:84,0
DA:86,0
DA:90,0
DA:92,0
DA:93,0
DA:94,0
DA:95,0
DA:96,0
DA:97,0
DA:99,0
DA:103,0
DA:105,0
DA:153,0
LF:44
LH:0
BRDA:35,0,0,0
BRDA:35,0,1,0
BRDA:97,1,0,0
BRDA:97,1,1,0
BRDA:103,2,0,0
BRDA:103,2,1,0
BRDA:103,2,2,0
BRDA:103,2,3,0
BRDA:111,3,0,0
BRDA:111,3,1,0
BRDA:122,4,0,0
BRDA:122,4,1,0
BRDA:126,5,0,0
BRDA:126,5,1,0
BRDA:127,6,0,0
BRDA:127,6,1,0
BRDA:128,7,0,0
BRDA:128,7,1,0
BRDA:130,8,0,0
BRDA:130,8,1,0
BRDA:145,9,0,0
BRDA:145,9,1,0
BRDA:155,10,0,0
BRDA:155,10,1,0
BRF:24
BRH:0
end_of_record
TN:
SF:src/screens/onboarding/OnboardingProfile.js
FN:7,(anonymous_0)
FN:21,OnboardingProfile
FN:34,(anonymous_2)
FN:36,(anonymous_3)
FN:40,(anonymous_4)
FN:42,(anonymous_5)
FN:54,(anonymous_6)
FN:73,(anonymous_7)
FN:73,(anonymous_8)
FNF:9
FNH:0
FNDA:0,(anonymous_0)
FNDA:0,OnboardingProfile
FNDA:0,(anonymous_2)
FNDA:0,(anonymous_3)
FNDA:0,(anonymous_4)
FNDA:0,(anonymous_5)
FNDA:0,(anonymous_6)
FNDA:0,(anonymous_7)
FNDA:0,(anonymous_8)
DA:7,0
DA:8,0
DA:22,0
DA:29,0
DA:30,0
DA:31,0
DA:32,0
DA:34,0
DA:36,0
DA:37,0
DA:38,0
DA:39,0
DA:40,0
DA:41,0
DA:42,0
DA:45,0
DA:46,0
DA:48,0
DA:51,0
DA:54,0
DA:55,0
DA:56,0
DA:57,0
DA:58,0
DA:59,0
DA:64,0
DA:66,0
DA:67,0
DA:69,0
DA:73,0
DA:74,0
DA:77,0
DA:78,0
DA:85,0
LF:34
LH:0
BRDA:41,0,0,0
BRDA:41,0,1,0
BRDA:67,1,0,0
BRDA:67,1,1,0
BRDA:77,2,0,0
BRDA:77,2,1,0
BRDA:91,3,0,0
BRDA:91,3,1,0
BRDA:150,4,0,0
BRDA:150,4,1,0
BRF:10
BRH:0
end_of_record
TN:
SF:src/screens/onboarding/OnboardingRequirements.js
FN:4,OnboardingRequirements
FN:8,(anonymous_1)
FN:10,(anonymous_2)
FN:11,(anonymous_3)
FN:27,(anonymous_4)
FNF:5
FNH:0
FNDA:0,OnboardingRequirements
FNDA:0,(anonymous_1)
FNDA:0,(anonymous_2)
FNDA:0,(anonymous_3)
FNDA:0,(anonymous_4)
DA:5,0
DA:6,0
DA:8,0
DA:9,0
DA:10,0
DA:12,0
DA:13,0
DA:17,0
DA:28,0
LF:9
LH:0
BRDA:10,0,0,0
BRDA:10,0,1,0
BRDA:21,1,0,0
BRDA:21,1,1,0
BRDA:29,2,0,0
BRDA:29,2,1,0
BRDA:30,3,0,0
BRDA:30,3,1,0
BRDA:31,4,0,0
BRDA:31,4,1,0
BRDA:32,5,0,0
BRDA:32,5,1,0
BRDA:34,6,0,0
BRDA:34,6,1,0
BRF:14
BRH:0
end_of_record
TN:
SF:src/screens/onboarding/OnboardingReview.js
FN:10,(anonymous_0)
FN:15,(anonymous_1)
FN:24,(anonymous_2)
FN:29,(anonymous_3)
FN:30,(anonymous_4)
FN:32,(anonymous_5)
FN:36,(anonymous_6)
FN:45,(anonymous_7)
FN:49,(anonymous_8)
FN:61,(anonymous_9)
FN:62,(anonymous_10)
FN:63,(anonymous_11)
FN:64,(anonymous_12)
FN:70,(anonymous_13)
FN:74,OnboardingReview
FN:78,(anonymous_15)
FN:80,(anonymous_16)
FN:81,(anonymous_17)
FN:90,(anonymous_18)
FN:116,(anonymous_19)
FN:129,(anonymous_20)
FNF:21
FNH:0
FNDA:0,(anonymous_0)
FNDA:0,(anonymous_1)
FNDA:0,(anonymous_2)
FNDA:0,(anonymous_3)
FNDA:0,(anonymous_4)
FNDA:0,(anonymous_5)
FNDA:0,(anonymous_6)
FNDA:0,(anonymous_7)
FNDA:0,(anonymous_8)
FNDA:0,(anonymous_9)
FNDA:0,(anonymous_10)
FNDA:0,(anonymous_11)
FNDA:0,(anonymous_12)
FNDA:0,(anonymous_13)
FNDA:0,OnboardingReview
FNDA:0,(anonymous_15)
FNDA:0,(anonymous_16)
FNDA:0,(anonymous_17)
FNDA:0,(anonymous_18)
FNDA:0,(anonymous_19)
FNDA:0,(anonymous_20)
DA:6,0
DA:10,0
DA:14,0
DA:15,0
DA:19,0
DA:23,0
DA:24,0
DA:28,0
DA:29,0
DA:30,0
DA:32,0
DA:36,0
DA:45,0
DA:49,0
DA:59,0
DA:61,0
DA:62,0
DA:63,0
DA:64,0
DA:68,0
DA:70,0
DA:75,0
DA:76,0
DA:78,0
DA:79,0
DA:80,0
DA:82,0
DA:83,0
DA:87,0
DA:88,0
DA:90,0
DA:91,0
DA:93,0
DA:94,0
DA:96,0
DA:100,0
DA:117,0
DA:130,0
LF:38
LH:0
BRDA:87,0,0,0
BRDA:87,0,1,0
BRDA:88,1,0,0
BRDA:88,1,1,0
BRDA:107,2,0,0
BRDA:107,2,1,0
BRDA:108,3,0,0
BRDA:108,3,1,0
BRDA:108,4,0,0
BRDA:108,4,1,0
BRDA:109,5,0,0
BRDA:109,5,1,0
BRDA:114,6,0,0
BRDA:114,6,1,0
BRDA:114,7,0,0
BRDA:114,7,1,0
BRDA:116,8,0,0
BRDA:116,8,1,0
BRDA:127,9,0,0
BRDA:127,9,1,0
BRDA:127,10,0,0
BRDA:127,10,1,0
BRDA:129,11,0,0
BRDA:129,11,1,0
BRDA:132,12,0,0
BRDA:132,12,1,0
BRDA:143,13,0,0
BRDA:143,13,1,0
BRDA:144,14,0,0
BRDA:144,14,1,0
BRDA:145,15,0,0
BRDA:145,15,1,0
BRDA:146,16,0,0
BRDA:146,16,1,0
BRDA:158,17,0,0
BRDA:158,17,1,0
BRF:36
BRH:0
end_of_record
TN:
SF:src/screens/onboarding/OnboardingStart.js
FN:6,OnboardingStart
FN:9,(anonymous_1)
FN:10,(anonymous_2)
FN:10,(anonymous_3)
FN:13,(anonymous_4)
FNF:5
FNH:0
FNDA:0,OnboardingStart
FNDA:0,(anonymous_1)
FNDA:0,(anonymous_2)
FNDA:0,(anonymous_3)
FNDA:0,(anonymous_4)
DA:7,0
DA:9,0
DA:10,0
DA:13,0
DA:14,0
DA:25,0
DA:27,0
LF:7
LH:0
BRDA:16,0,0,0
BRDA:16,0,1,0
BRDA:16,1,0,0
BRDA:16,1,1,0
BRDA:20,2,0,0
BRDA:20,2,1,0
BRDA:25,3,0,0
BRDA:25,3,1,0
BRDA:37,4,0,0
BRDA:37,4,1,0
BRF:10
BRH:0
end_of_record
TN:
SF:src/styles/GlobalStyles.js
FNF:0
FNH:0
DA:3,0
LF:1
LH:0
BRF:0
BRH:0
end_of_record
TN:
SF:src/theme/GlobalStyle.js
FN:13,(anonymous_0)
FN:14,(anonymous_1)
FN:15,(anonymous_2)
FN:16,(anonymous_3)
FN:17,(anonymous_4)
FN:18,(anonymous_5)
FN:19,(anonymous_6)
FN:20,(anonymous_7)
FN:21,(anonymous_8)
FN:22,(anonymous_9)
FNF:10
FNH:0
FNDA:0,(anonymous_0)
FNDA:0,(anonymous_1)
FNDA:0,(anonymous_2)
FNDA:0,(anonymous_3)
FNDA:0,(anonymous_4)
FNDA:0,(anonymous_5)
FNDA:0,(anonymous_6)
FNDA:0,(anonymous_7)
FNDA:0,(anonymous_8)
FNDA:0,(anonymous_9)
DA:3,0
DA:13,0
DA:14,0
DA:15,0
DA:16,0
DA:17,0
DA:18,0
DA:19,0
DA:20,0
DA:21,0
DA:22,0
LF:11
LH:0
BRF:0
BRH:0
end_of_record
TN:
SF:src/theme/tokens.js
FNF:0
FNH:0
DA:1,0
LF:1
LH:0
BRF:0
BRH:0
end_of_record
TN:
SF:src/utils/http.js
FN:14,get
FN:39,post
FN:69,patch
FN:98,del
FNF:4
FNH:0
FNDA:0,get
FNDA:0,post
FNDA:0,patch
FNDA:0,del
DA:15,0
DA:16,0
DA:21,0
DA:22,0
DA:25,0
DA:27,0
DA:28,0
DA:40,0
DA:41,0
DA:51,0
DA:52,0
DA:55,0
DA:57,0
DA:58,0
DA:70,0
DA:71,0
DA:81,0
DA:82,0
DA:85,0
DA:87,0
DA:88,0
DA:99,0
DA:100,0
DA:105,0
DA:106,0
DA:109,0
DA:111,0
DA:112,0
LF:28
LH:0
BRDA:14,0,0,0
BRDA:21,1,0,0
BRDA:21,1,1,0
BRDA:25,2,0,0
BRDA:25,2,1,0
BRDA:39,3,0,0
BRDA:39,4,0,0
BRDA:51,5,0,0
BRDA:51,5,1,0
BRDA:55,6,0,0
BRDA:55,6,1,0
BRDA:69,7,0,0
BRDA:69,8,0,0
BRDA:81,9,0,0
BRDA:81,9,1,0
BRDA:85,10,0,0
BRDA:85,10,1,0
BRDA:98,11,0,0
BRDA:105,12,0,0
BRDA:105,12,1,0
BRDA:109,13,0,0
BRDA:109,13,1,0
BRF:22
BRH:0
end_of_record
